{"/workspaces/vamos/backend/src/controllers/AdminController.js": {"path":"/workspaces/vamos/backend/src/controllers/AdminController.js","statementMap":{"0":{"start":{"line":6,"column":16},"end":{"line":6,"column":44}},"1":{"start":{"line":7,"column":13},"end":{"line":7,"column":28}},"2":{"start":{"line":9,"column":16},"end":{"line":9,"column":69}},"3":{"start":{"line":11,"column":14},"end":{"line":11,"column":49}},"4":{"start":{"line":11,"column":20},"end":{"line":11,"column":49}},"5":{"start":{"line":12,"column":17},"end":{"line":19,"column":1}},"6":{"start":{"line":13,"column":2},"end":{"line":18,"column":5}},"7":{"start":{"line":14,"column":4},"end":{"line":17,"column":7}},"8":{"start":{"line":15,"column":6},"end":{"line":16,"column":24}},"9":{"start":{"line":15,"column":15},"end":{"line":15,"column":27}},"10":{"start":{"line":16,"column":11},"end":{"line":16,"column":24}},"11":{"start":{"line":21,"column":17},"end":{"line":28,"column":1}},"12":{"start":{"line":22,"column":2},"end":{"line":27,"column":5}},"13":{"start":{"line":23,"column":4},"end":{"line":26,"column":7}},"14":{"start":{"line":24,"column":6},"end":{"line":25,"column":31}},"15":{"start":{"line":24,"column":15},"end":{"line":24,"column":27}},"16":{"start":{"line":25,"column":11},"end":{"line":25,"column":31}},"17":{"start":{"line":35,"column":15},"end":{"line":35,"column":22}},"18":{"start":{"line":36,"column":4},"end":{"line":96,"column":5}},"19":{"start":{"line":37,"column":28},"end":{"line":37,"column":30}},"20":{"start":{"line":40,"column":28},"end":{"line":48,"column":8}},"21":{"start":{"line":49,"column":6},"end":{"line":49,"column":51}},"22":{"start":{"line":52,"column":28},"end":{"line":59,"column":8}},"23":{"start":{"line":60,"column":6},"end":{"line":60,"column":53}},"24":{"start":{"line":63,"column":25},"end":{"line":76,"column":8}},"25":{"start":{"line":77,"column":6},"end":{"line":77,"column":44}},"26":{"start":{"line":80,"column":32},"end":{"line":87,"column":8}},"27":{"start":{"line":88,"column":6},"end":{"line":88,"column":58}},"28":{"start":{"line":90,"column":6},"end":{"line":90,"column":17}},"29":{"start":{"line":91,"column":6},"end":{"line":91,"column":52}},"30":{"start":{"line":93,"column":6},"end":{"line":93,"column":56}},"31":{"start":{"line":94,"column":6},"end":{"line":94,"column":17}},"32":{"start":{"line":95,"column":6},"end":{"line":95,"column":53}},"33":{"start":{"line":103,"column":15},"end":{"line":103,"column":22}},"34":{"start":{"line":104,"column":4},"end":{"line":138,"column":5}},"35":{"start":{"line":105,"column":35},"end":{"line":105,"column":44}},"36":{"start":{"line":108,"column":6},"end":{"line":117,"column":7}},"37":{"start":{"line":109,"column":8},"end":{"line":109,"column":31}},"38":{"start":{"line":110,"column":8},"end":{"line":110,"column":47}},"39":{"start":{"line":111,"column":13},"end":{"line":117,"column":7}},"40":{"start":{"line":112,"column":8},"end":{"line":112,"column":45}},"41":{"start":{"line":113,"column":8},"end":{"line":113,"column":47}},"42":{"start":{"line":115,"column":8},"end":{"line":115,"column":44}},"43":{"start":{"line":116,"column":8},"end":{"line":116,"column":47}},"44":{"start":{"line":119,"column":20},"end":{"line":129,"column":7}},"45":{"start":{"line":131,"column":21},"end":{"line":131,"column":46}},"46":{"start":{"line":132,"column":6},"end":{"line":132,"column":17}},"47":{"start":{"line":133,"column":6},"end":{"line":133,"column":48}},"48":{"start":{"line":135,"column":6},"end":{"line":135,"column":65}},"49":{"start":{"line":136,"column":6},"end":{"line":136,"column":17}},"50":{"start":{"line":137,"column":6},"end":{"line":137,"column":53}},"51":{"start":{"line":145,"column":15},"end":{"line":145,"column":22}},"52":{"start":{"line":146,"column":4},"end":{"line":194,"column":5}},"53":{"start":{"line":147,"column":69},"end":{"line":147,"column":78}},"54":{"start":{"line":149,"column":18},"end":{"line":165,"column":7}},"55":{"start":{"line":167,"column":21},"end":{"line":167,"column":23}},"56":{"start":{"line":169,"column":6},"end":{"line":172,"column":7}},"57":{"start":{"line":170,"column":8},"end":{"line":170,"column":37}},"58":{"start":{"line":171,"column":8},"end":{"line":171,"column":28}},"59":{"start":{"line":174,"column":6},"end":{"line":177,"column":7}},"60":{"start":{"line":175,"column":8},"end":{"line":175,"column":36}},"61":{"start":{"line":176,"column":8},"end":{"line":176,"column":31}},"62":{"start":{"line":179,"column":6},"end":{"line":182,"column":7}},"63":{"start":{"line":180,"column":8},"end":{"line":180,"column":36}},"64":{"start":{"line":181,"column":8},"end":{"line":181,"column":29}},"65":{"start":{"line":184,"column":6},"end":{"line":184,"column":56}},"66":{"start":{"line":185,"column":6},"end":{"line":185,"column":33}},"67":{"start":{"line":187,"column":21},"end":{"line":187,"column":54}},"68":{"start":{"line":188,"column":6},"end":{"line":188,"column":17}},"69":{"start":{"line":189,"column":6},"end":{"line":189,"column":52}},"70":{"start":{"line":191,"column":6},"end":{"line":191,"column":68}},"71":{"start":{"line":192,"column":6},"end":{"line":192,"column":17}},"72":{"start":{"line":193,"column":6},"end":{"line":193,"column":53}},"73":{"start":{"line":201,"column":15},"end":{"line":201,"column":22}},"74":{"start":{"line":202,"column":4},"end":{"line":218,"column":5}},"75":{"start":{"line":203,"column":21},"end":{"line":210,"column":8}},"76":{"start":{"line":212,"column":6},"end":{"line":212,"column":17}},"77":{"start":{"line":213,"column":6},"end":{"line":213,"column":49}},"78":{"start":{"line":215,"column":6},"end":{"line":215,"column":71}},"79":{"start":{"line":216,"column":6},"end":{"line":216,"column":17}},"80":{"start":{"line":217,"column":6},"end":{"line":217,"column":53}},"81":{"start":{"line":225,"column":15},"end":{"line":225,"column":22}},"82":{"start":{"line":226,"column":4},"end":{"line":246,"column":5}},"83":{"start":{"line":227,"column":21},"end":{"line":238,"column":8}},"84":{"start":{"line":240,"column":6},"end":{"line":240,"column":17}},"85":{"start":{"line":241,"column":6},"end":{"line":241,"column":45}},"86":{"start":{"line":243,"column":6},"end":{"line":243,"column":70}},"87":{"start":{"line":244,"column":6},"end":{"line":244,"column":17}},"88":{"start":{"line":245,"column":6},"end":{"line":245,"column":53}},"89":{"start":{"line":253,"column":15},"end":{"line":253,"column":22}},"90":{"start":{"line":254,"column":4},"end":{"line":281,"column":5}},"91":{"start":{"line":255,"column":21},"end":{"line":273,"column":8}},"92":{"start":{"line":275,"column":6},"end":{"line":275,"column":17}},"93":{"start":{"line":276,"column":6},"end":{"line":276,"column":52}},"94":{"start":{"line":278,"column":6},"end":{"line":278,"column":68}},"95":{"start":{"line":279,"column":6},"end":{"line":279,"column":17}},"96":{"start":{"line":280,"column":6},"end":{"line":280,"column":53}},"97":{"start":{"line":288,"column":15},"end":{"line":288,"column":22}},"98":{"start":{"line":289,"column":4},"end":{"line":323,"column":5}},"99":{"start":{"line":290,"column":26},"end":{"line":290,"column":36}},"100":{"start":{"line":292,"column":18},"end":{"line":306,"column":7}},"101":{"start":{"line":308,"column":19},"end":{"line":308,"column":21}},"102":{"start":{"line":309,"column":6},"end":{"line":312,"column":7}},"103":{"start":{"line":310,"column":8},"end":{"line":310,"column":39}},"104":{"start":{"line":311,"column":8},"end":{"line":311,"column":29}},"105":{"start":{"line":314,"column":6},"end":{"line":314,"column":39}},"106":{"start":{"line":316,"column":21},"end":{"line":316,"column":54}},"107":{"start":{"line":317,"column":6},"end":{"line":317,"column":17}},"108":{"start":{"line":318,"column":6},"end":{"line":318,"column":52}},"109":{"start":{"line":320,"column":6},"end":{"line":320,"column":68}},"110":{"start":{"line":321,"column":6},"end":{"line":321,"column":17}},"111":{"start":{"line":322,"column":6},"end":{"line":322,"column":53}},"112":{"start":{"line":327,"column":0},"end":{"line":327,"column":39}}},"fnMap":{"0":{"name":"(anonymous_0)","decl":{"start":{"line":11,"column":14},"end":{"line":11,"column":15}},"loc":{"start":{"line":11,"column":20},"end":{"line":11,"column":49}},"line":11},"1":{"name":"(anonymous_1)","decl":{"start":{"line":12,"column":17},"end":{"line":12,"column":18}},"loc":{"start":{"line":12,"column":43},"end":{"line":19,"column":1}},"line":12},"2":{"name":"(anonymous_2)","decl":{"start":{"line":13,"column":21},"end":{"line":13,"column":22}},"loc":{"start":{"line":13,"column":42},"end":{"line":18,"column":3}},"line":13},"3":{"name":"(anonymous_3)","decl":{"start":{"line":14,"column":24},"end":{"line":14,"column":25}},"loc":{"start":{"line":14,"column":38},"end":{"line":17,"column":5}},"line":14},"4":{"name":"(anonymous_4)","decl":{"start":{"line":21,"column":17},"end":{"line":21,"column":18}},"loc":{"start":{"line":21,"column":43},"end":{"line":28,"column":1}},"line":21},"5":{"name":"(anonymous_5)","decl":{"start":{"line":22,"column":21},"end":{"line":22,"column":22}},"loc":{"start":{"line":22,"column":42},"end":{"line":27,"column":3}},"line":22},"6":{"name":"(anonymous_6)","decl":{"start":{"line":23,"column":24},"end":{"line":23,"column":25}},"loc":{"start":{"line":23,"column":39},"end":{"line":26,"column":5}},"line":23},"7":{"name":"(anonymous_7)","decl":{"start":{"line":34,"column":2},"end":{"line":34,"column":3}},"loc":{"start":{"line":34,"column":31},"end":{"line":97,"column":3}},"line":34},"8":{"name":"(anonymous_8)","decl":{"start":{"line":102,"column":2},"end":{"line":102,"column":3}},"loc":{"start":{"line":102,"column":34},"end":{"line":139,"column":3}},"line":102},"9":{"name":"(anonymous_9)","decl":{"start":{"line":144,"column":2},"end":{"line":144,"column":3}},"loc":{"start":{"line":144,"column":34},"end":{"line":195,"column":3}},"line":144},"10":{"name":"(anonymous_10)","decl":{"start":{"line":200,"column":2},"end":{"line":200,"column":3}},"loc":{"start":{"line":200,"column":32},"end":{"line":219,"column":3}},"line":200},"11":{"name":"(anonymous_11)","decl":{"start":{"line":224,"column":2},"end":{"line":224,"column":3}},"loc":{"start":{"line":224,"column":34},"end":{"line":247,"column":3}},"line":224},"12":{"name":"(anonymous_12)","decl":{"start":{"line":252,"column":2},"end":{"line":252,"column":3}},"loc":{"start":{"line":252,"column":38},"end":{"line":282,"column":3}},"line":252},"13":{"name":"(anonymous_13)","decl":{"start":{"line":287,"column":2},"end":{"line":287,"column":3}},"loc":{"start":{"line":287,"column":35},"end":{"line":324,"column":3}},"line":287}},"branchMap":{"0":{"loc":{"start":{"line":12,"column":27},"end":{"line":12,"column":38}},"type":"default-arg","locations":[{"start":{"line":12,"column":36},"end":{"line":12,"column":38}}],"line":12},"1":{"loc":{"start":{"line":15,"column":6},"end":{"line":16,"column":24}},"type":"if","locations":[{"start":{"line":15,"column":6},"end":{"line":16,"column":24}},{"start":{"line":16,"column":11},"end":{"line":16,"column":24}}],"line":15},"2":{"loc":{"start":{"line":21,"column":27},"end":{"line":21,"column":38}},"type":"default-arg","locations":[{"start":{"line":21,"column":36},"end":{"line":21,"column":38}}],"line":21},"3":{"loc":{"start":{"line":24,"column":6},"end":{"line":25,"column":31}},"type":"if","locations":[{"start":{"line":24,"column":6},"end":{"line":25,"column":31}},{"start":{"line":25,"column":11},"end":{"line":25,"column":31}}],"line":24},"4":{"loc":{"start":{"line":25,"column":19},"end":{"line":25,"column":29}},"type":"binary-expr","locations":[{"start":{"line":25,"column":19},"end":{"line":25,"column":23}},{"start":{"line":25,"column":27},"end":{"line":25,"column":29}}],"line":25},"5":{"loc":{"start":{"line":105,"column":14},"end":{"line":105,"column":30}},"type":"default-arg","locations":[{"start":{"line":105,"column":23},"end":{"line":105,"column":30}}],"line":105},"6":{"loc":{"start":{"line":108,"column":6},"end":{"line":117,"column":7}},"type":"if","locations":[{"start":{"line":108,"column":6},"end":{"line":117,"column":7}},{"start":{"line":111,"column":13},"end":{"line":117,"column":7}}],"line":108},"7":{"loc":{"start":{"line":111,"column":13},"end":{"line":117,"column":7}},"type":"if","locations":[{"start":{"line":111,"column":13},"end":{"line":117,"column":7}},{"start":{"line":114,"column":13},"end":{"line":117,"column":7}}],"line":111},"8":{"loc":{"start":{"line":147,"column":42},"end":{"line":147,"column":52}},"type":"default-arg","locations":[{"start":{"line":147,"column":50},"end":{"line":147,"column":52}}],"line":147},"9":{"loc":{"start":{"line":147,"column":54},"end":{"line":147,"column":64}},"type":"default-arg","locations":[{"start":{"line":147,"column":63},"end":{"line":147,"column":64}}],"line":147},"10":{"loc":{"start":{"line":169,"column":6},"end":{"line":172,"column":7}},"type":"if","locations":[{"start":{"line":169,"column":6},"end":{"line":172,"column":7}},{"start":{},"end":{}}],"line":169},"11":{"loc":{"start":{"line":174,"column":6},"end":{"line":177,"column":7}},"type":"if","locations":[{"start":{"line":174,"column":6},"end":{"line":177,"column":7}},{"start":{},"end":{}}],"line":174},"12":{"loc":{"start":{"line":179,"column":6},"end":{"line":182,"column":7}},"type":"if","locations":[{"start":{"line":179,"column":6},"end":{"line":182,"column":7}},{"start":{},"end":{}}],"line":179},"13":{"loc":{"start":{"line":309,"column":6},"end":{"line":312,"column":7}},"type":"if","locations":[{"start":{"line":309,"column":6},"end":{"line":312,"column":7}},{"start":{},"end":{}}],"line":309}},"s":{"0":2,"1":2,"2":2,"3":2,"4":7,"5":2,"6":7,"7":7,"8":7,"9":7,"10":0,"11":2,"12":0,"13":0,"14":0,"15":0,"16":0,"17":7,"18":7,"19":7,"20":7,"21":0,"22":0,"23":0,"24":0,"25":0,"26":0,"27":0,"28":0,"29":0,"30":7,"31":7,"32":7,"33":0,"34":0,"35":0,"36":0,"37":0,"38":0,"39":0,"40":0,"41":0,"42":0,"43":0,"44":0,"45":0,"46":0,"47":0,"48":0,"49":0,"50":0,"51":0,"52":0,"53":0,"54":0,"55":0,"56":0,"57":0,"58":0,"59":0,"60":0,"61":0,"62":0,"63":0,"64":0,"65":0,"66":0,"67":0,"68":0,"69":0,"70":0,"71":0,"72":0,"73":0,"74":0,"75":0,"76":0,"77":0,"78":0,"79":0,"80":0,"81":0,"82":0,"83":0,"84":0,"85":0,"86":0,"87":0,"88":0,"89":0,"90":0,"91":0,"92":0,"93":0,"94":0,"95":0,"96":0,"97":0,"98":0,"99":0,"100":0,"101":0,"102":0,"103":0,"104":0,"105":0,"106":0,"107":0,"108":0,"109":0,"110":0,"111":0,"112":2},"f":{"0":7,"1":7,"2":7,"3":7,"4":0,"5":0,"6":0,"7":7,"8":0,"9":0,"10":0,"11":0,"12":0,"13":0},"b":{"0":[7],"1":[7,0],"2":[0],"3":[0,0],"4":[0,0],"5":[0],"6":[0,0],"7":[0,0],"8":[0],"9":[0],"10":[0,0],"11":[0,0],"12":[0,0],"13":[0,0]},"_coverageSchema":"1a1c01bbd47fc00a2c39e90264f33305004495a9","hash":"4811e04090175efda643d58ced3cde814e4dc211"}
,"/workspaces/vamos/backend/src/controllers/AuthController.js": {"path":"/workspaces/vamos/backend/src/controllers/AuthController.js","statementMap":{"0":{"start":{"line":6,"column":12},"end":{"line":6,"column":35}},"1":{"start":{"line":7,"column":15},"end":{"line":7,"column":32}},"2":{"start":{"line":8,"column":11},"end":{"line":8,"column":27}},"3":{"start":{"line":9,"column":15},"end":{"line":9,"column":41}},"4":{"start":{"line":13,"column":2},"end":{"line":13,"column":43}},"5":{"start":{"line":13,"column":30},"end":{"line":13,"column":43}},"6":{"start":{"line":16,"column":2},"end":{"line":16,"column":46}},"7":{"start":{"line":16,"column":33},"end":{"line":16,"column":46}},"8":{"start":{"line":18,"column":12},"end":{"line":18,"column":13}},"9":{"start":{"line":21,"column":2},"end":{"line":23,"column":3}},"10":{"start":{"line":21,"column":15},"end":{"line":21,"column":16}},"11":{"start":{"line":22,"column":4},"end":{"line":22,"column":45}},"12":{"start":{"line":25,"column":2},"end":{"line":25,"column":23}},"13":{"start":{"line":26,"column":2},"end":{"line":27,"column":34}},"14":{"start":{"line":26,"column":21},"end":{"line":26,"column":35}},"15":{"start":{"line":27,"column":7},"end":{"line":27,"column":34}},"16":{"start":{"line":29,"column":2},"end":{"line":29,"column":53}},"17":{"start":{"line":29,"column":40},"end":{"line":29,"column":53}},"18":{"start":{"line":31,"column":2},"end":{"line":31,"column":10}},"19":{"start":{"line":32,"column":2},"end":{"line":34,"column":3}},"20":{"start":{"line":32,"column":15},"end":{"line":32,"column":16}},"21":{"start":{"line":33,"column":4},"end":{"line":33,"column":45}},"22":{"start":{"line":36,"column":2},"end":{"line":36,"column":23}},"23":{"start":{"line":37,"column":2},"end":{"line":38,"column":34}},"24":{"start":{"line":37,"column":21},"end":{"line":37,"column":35}},"25":{"start":{"line":38,"column":7},"end":{"line":38,"column":34}},"26":{"start":{"line":40,"column":2},"end":{"line":40,"column":42}},"27":{"start":{"line":44,"column":19},"end":{"line":44,"column":94}},"28":{"start":{"line":45,"column":27},"end":{"line":45,"column":111}},"29":{"start":{"line":46,"column":22},"end":{"line":46,"column":24}},"30":{"start":{"line":48,"column":0},"end":{"line":51,"column":1}},"31":{"start":{"line":49,"column":2},"end":{"line":49,"column":58}},"32":{"start":{"line":50,"column":2},"end":{"line":50,"column":18}},"33":{"start":{"line":58,"column":4},"end":{"line":211,"column":5}},"34":{"start":{"line":80,"column":10},"end":{"line":80,"column":18}},"35":{"start":{"line":83,"column":6},"end":{"line":87,"column":7}},"36":{"start":{"line":84,"column":8},"end":{"line":86,"column":11}},"37":{"start":{"line":90,"column":25},"end":{"line":90,"column":53}},"38":{"start":{"line":91,"column":6},"end":{"line":95,"column":7}},"39":{"start":{"line":92,"column":8},"end":{"line":94,"column":11}},"40":{"start":{"line":98,"column":25},"end":{"line":98,"column":43}},"41":{"start":{"line":99,"column":6},"end":{"line":103,"column":7}},"42":{"start":{"line":100,"column":8},"end":{"line":102,"column":11}},"43":{"start":{"line":106,"column":6},"end":{"line":123,"column":7}},"44":{"start":{"line":107,"column":29},"end":{"line":107,"column":56}},"45":{"start":{"line":108,"column":8},"end":{"line":113,"column":9}},"46":{"start":{"line":109,"column":10},"end":{"line":112,"column":13}},"47":{"start":{"line":115,"column":8},"end":{"line":122,"column":9}},"48":{"start":{"line":116,"column":10},"end":{"line":121,"column":11}},"49":{"start":{"line":117,"column":12},"end":{"line":120,"column":15}},"50":{"start":{"line":126,"column":27},"end":{"line":129,"column":7}},"51":{"start":{"line":131,"column":6},"end":{"line":135,"column":7}},"52":{"start":{"line":132,"column":8},"end":{"line":134,"column":11}},"53":{"start":{"line":139,"column":29},"end":{"line":139,"column":71}},"54":{"start":{"line":142,"column":6},"end":{"line":154,"column":7}},"55":{"start":{"line":143,"column":8},"end":{"line":147,"column":9}},"56":{"start":{"line":144,"column":10},"end":{"line":146,"column":13}},"57":{"start":{"line":149,"column":8},"end":{"line":153,"column":9}},"58":{"start":{"line":150,"column":10},"end":{"line":152,"column":13}},"59":{"start":{"line":157,"column":21},"end":{"line":168,"column":7}},"60":{"start":{"line":170,"column":21},"end":{"line":170,"column":34}},"61":{"start":{"line":173,"column":26},"end":{"line":182,"column":7}},"62":{"start":{"line":184,"column":27},"end":{"line":188,"column":7}},"63":{"start":{"line":190,"column":6},"end":{"line":204,"column":9}},"64":{"start":{"line":207,"column":6},"end":{"line":207,"column":48}},"65":{"start":{"line":208,"column":6},"end":{"line":210,"column":9}},"66":{"start":{"line":218,"column":4},"end":{"line":292,"column":5}},"67":{"start":{"line":219,"column":34},"end":{"line":219,"column":42}},"68":{"start":{"line":221,"column":6},"end":{"line":225,"column":7}},"69":{"start":{"line":222,"column":8},"end":{"line":224,"column":11}},"70":{"start":{"line":228,"column":19},"end":{"line":231,"column":7}},"71":{"start":{"line":233,"column":6},"end":{"line":237,"column":7}},"72":{"start":{"line":234,"column":8},"end":{"line":236,"column":11}},"73":{"start":{"line":239,"column":6},"end":{"line":243,"column":7}},"74":{"start":{"line":240,"column":8},"end":{"line":242,"column":11}},"75":{"start":{"line":246,"column":28},"end":{"line":246,"column":73}},"76":{"start":{"line":247,"column":6},"end":{"line":251,"column":7}},"77":{"start":{"line":248,"column":8},"end":{"line":250,"column":11}},"78":{"start":{"line":254,"column":26},"end":{"line":263,"column":7}},"79":{"start":{"line":265,"column":27},"end":{"line":269,"column":7}},"80":{"start":{"line":271,"column":6},"end":{"line":285,"column":9}},"81":{"start":{"line":288,"column":6},"end":{"line":288,"column":45}},"82":{"start":{"line":289,"column":6},"end":{"line":291,"column":9}},"83":{"start":{"line":299,"column":4},"end":{"line":355,"column":5}},"84":{"start":{"line":300,"column":21},"end":{"line":300,"column":32}},"85":{"start":{"line":301,"column":22},"end":{"line":301,"column":30}},"86":{"start":{"line":304,"column":28},"end":{"line":309,"column":7}},"87":{"start":{"line":312,"column":24},"end":{"line":315,"column":19}},"88":{"start":{"line":313,"column":23},"end":{"line":313,"column":50}},"89":{"start":{"line":314,"column":20},"end":{"line":314,"column":32}},"90":{"start":{"line":317,"column":6},"end":{"line":321,"column":7}},"91":{"start":{"line":318,"column":8},"end":{"line":320,"column":11}},"92":{"start":{"line":323,"column":21},"end":{"line":325,"column":33}},"93":{"start":{"line":324,"column":23},"end":{"line":324,"column":50}},"94":{"start":{"line":325,"column":20},"end":{"line":325,"column":32}},"95":{"start":{"line":327,"column":6},"end":{"line":331,"column":8}},"96":{"start":{"line":333,"column":19},"end":{"line":333,"column":75}},"97":{"start":{"line":335,"column":6},"end":{"line":348,"column":9}},"98":{"start":{"line":351,"column":6},"end":{"line":351,"column":56}},"99":{"start":{"line":352,"column":6},"end":{"line":354,"column":9}},"100":{"start":{"line":364,"column":4},"end":{"line":367,"column":7}},"101":{"start":{"line":374,"column":4},"end":{"line":417,"column":5}},"102":{"start":{"line":375,"column":31},"end":{"line":375,"column":39}},"103":{"start":{"line":377,"column":6},"end":{"line":381,"column":7}},"104":{"start":{"line":378,"column":8},"end":{"line":380,"column":11}},"105":{"start":{"line":383,"column":22},"end":{"line":386,"column":7}},"106":{"start":{"line":388,"column":19},"end":{"line":388,"column":79}},"107":{"start":{"line":390,"column":6},"end":{"line":394,"column":7}},"108":{"start":{"line":391,"column":8},"end":{"line":393,"column":11}},"109":{"start":{"line":396,"column":29},"end":{"line":405,"column":7}},"110":{"start":{"line":407,"column":6},"end":{"line":410,"column":9}},"111":{"start":{"line":413,"column":6},"end":{"line":413,"column":53}},"112":{"start":{"line":414,"column":6},"end":{"line":416,"column":9}},"113":{"start":{"line":421,"column":0},"end":{"line":421,"column":32}}},"fnMap":{"0":{"name":"validateCNPJ","decl":{"start":{"line":12,"column":9},"end":{"line":12,"column":21}},"loc":{"start":{"line":12,"column":28},"end":{"line":41,"column":1}},"line":12},"1":{"name":"(anonymous_1)","decl":{"start":{"line":57,"column":2},"end":{"line":57,"column":3}},"loc":{"start":{"line":57,"column":34},"end":{"line":212,"column":3}},"line":57},"2":{"name":"(anonymous_2)","decl":{"start":{"line":217,"column":2},"end":{"line":217,"column":3}},"loc":{"start":{"line":217,"column":31},"end":{"line":293,"column":3}},"line":217},"3":{"name":"(anonymous_3)","decl":{"start":{"line":298,"column":2},"end":{"line":298,"column":3}},"loc":{"start":{"line":298,"column":39},"end":{"line":356,"column":3}},"line":298},"4":{"name":"(anonymous_4)","decl":{"start":{"line":313,"column":16},"end":{"line":313,"column":17}},"loc":{"start":{"line":313,"column":23},"end":{"line":313,"column":50}},"line":313},"5":{"name":"(anonymous_5)","decl":{"start":{"line":314,"column":13},"end":{"line":314,"column":14}},"loc":{"start":{"line":314,"column":20},"end":{"line":314,"column":32}},"line":314},"6":{"name":"(anonymous_6)","decl":{"start":{"line":324,"column":16},"end":{"line":324,"column":17}},"loc":{"start":{"line":324,"column":23},"end":{"line":324,"column":50}},"line":324},"7":{"name":"(anonymous_7)","decl":{"start":{"line":325,"column":13},"end":{"line":325,"column":14}},"loc":{"start":{"line":325,"column":20},"end":{"line":325,"column":32}},"line":325},"8":{"name":"(anonymous_8)","decl":{"start":{"line":361,"column":2},"end":{"line":361,"column":3}},"loc":{"start":{"line":361,"column":32},"end":{"line":368,"column":3}},"line":361},"9":{"name":"(anonymous_9)","decl":{"start":{"line":373,"column":2},"end":{"line":373,"column":3}},"loc":{"start":{"line":373,"column":38},"end":{"line":418,"column":3}},"line":373}},"branchMap":{"0":{"loc":{"start":{"line":13,"column":2},"end":{"line":13,"column":43}},"type":"if","locations":[{"start":{"line":13,"column":2},"end":{"line":13,"column":43}},{"start":{},"end":{}}],"line":13},"1":{"loc":{"start":{"line":16,"column":2},"end":{"line":16,"column":46}},"type":"if","locations":[{"start":{"line":16,"column":2},"end":{"line":16,"column":46}},{"start":{},"end":{}}],"line":16},"2":{"loc":{"start":{"line":26,"column":2},"end":{"line":27,"column":34}},"type":"if","locations":[{"start":{"line":26,"column":2},"end":{"line":27,"column":34}},{"start":{"line":27,"column":7},"end":{"line":27,"column":34}}],"line":26},"3":{"loc":{"start":{"line":29,"column":2},"end":{"line":29,"column":53}},"type":"if","locations":[{"start":{"line":29,"column":2},"end":{"line":29,"column":53}},{"start":{},"end":{}}],"line":29},"4":{"loc":{"start":{"line":37,"column":2},"end":{"line":38,"column":34}},"type":"if","locations":[{"start":{"line":37,"column":2},"end":{"line":38,"column":34}},{"start":{"line":38,"column":7},"end":{"line":38,"column":34}}],"line":37},"5":{"loc":{"start":{"line":44,"column":19},"end":{"line":44,"column":94}},"type":"binary-expr","locations":[{"start":{"line":44,"column":19},"end":{"line":44,"column":41}},{"start":{"line":44,"column":45},"end":{"line":44,"column":94}}],"line":44},"6":{"loc":{"start":{"line":45,"column":27},"end":{"line":45,"column":111}},"type":"binary-expr","locations":[{"start":{"line":45,"column":27},"end":{"line":45,"column":57}},{"start":{"line":45,"column":61},"end":{"line":45,"column":111}}],"line":45},"7":{"loc":{"start":{"line":48,"column":0},"end":{"line":51,"column":1}},"type":"if","locations":[{"start":{"line":48,"column":0},"end":{"line":51,"column":1}},{"start":{},"end":{}}],"line":48},"8":{"loc":{"start":{"line":48,"column":4},"end":{"line":48,"column":105}},"type":"binary-expr","locations":[{"start":{"line":48,"column":4},"end":{"line":48,"column":41}},{"start":{"line":48,"column":46},"end":{"line":48,"column":69}},{"start":{"line":48,"column":73},"end":{"line":48,"column":104}}],"line":48},"9":{"loc":{"start":{"line":65,"column":8},"end":{"line":65,"column":23}},"type":"default-arg","locations":[{"start":{"line":65,"column":15},"end":{"line":65,"column":23}}],"line":65},"10":{"loc":{"start":{"line":83,"column":6},"end":{"line":87,"column":7}},"type":"if","locations":[{"start":{"line":83,"column":6},"end":{"line":87,"column":7}},{"start":{},"end":{}}],"line":83},"11":{"loc":{"start":{"line":83,"column":10},"end":{"line":83,"column":48}},"type":"binary-expr","locations":[{"start":{"line":83,"column":10},"end":{"line":83,"column":16}},{"start":{"line":83,"column":20},"end":{"line":83,"column":29}},{"start":{"line":83,"column":33},"end":{"line":83,"column":38}},{"start":{"line":83,"column":42},"end":{"line":83,"column":48}}],"line":83},"12":{"loc":{"start":{"line":91,"column":6},"end":{"line":95,"column":7}},"type":"if","locations":[{"start":{"line":91,"column":6},"end":{"line":95,"column":7}},{"start":{},"end":{}}],"line":91},"13":{"loc":{"start":{"line":99,"column":6},"end":{"line":103,"column":7}},"type":"if","locations":[{"start":{"line":99,"column":6},"end":{"line":103,"column":7}},{"start":{},"end":{}}],"line":99},"14":{"loc":{"start":{"line":106,"column":6},"end":{"line":123,"column":7}},"type":"if","locations":[{"start":{"line":106,"column":6},"end":{"line":123,"column":7}},{"start":{},"end":{}}],"line":106},"15":{"loc":{"start":{"line":108,"column":8},"end":{"line":113,"column":9}},"type":"if","locations":[{"start":{"line":108,"column":8},"end":{"line":113,"column":9}},{"start":{},"end":{}}],"line":108},"16":{"loc":{"start":{"line":115,"column":8},"end":{"line":122,"column":9}},"type":"if","locations":[{"start":{"line":115,"column":8},"end":{"line":122,"column":9}},{"start":{},"end":{}}],"line":115},"17":{"loc":{"start":{"line":116,"column":10},"end":{"line":121,"column":11}},"type":"if","locations":[{"start":{"line":116,"column":10},"end":{"line":121,"column":11}},{"start":{},"end":{}}],"line":116},"18":{"loc":{"start":{"line":131,"column":6},"end":{"line":135,"column":7}},"type":"if","locations":[{"start":{"line":131,"column":6},"end":{"line":135,"column":7}},{"start":{},"end":{}}],"line":131},"19":{"loc":{"start":{"line":142,"column":6},"end":{"line":154,"column":7}},"type":"if","locations":[{"start":{"line":142,"column":6},"end":{"line":154,"column":7}},{"start":{},"end":{}}],"line":142},"20":{"loc":{"start":{"line":143,"column":8},"end":{"line":147,"column":9}},"type":"if","locations":[{"start":{"line":143,"column":8},"end":{"line":147,"column":9}},{"start":{},"end":{}}],"line":143},"21":{"loc":{"start":{"line":143,"column":12},"end":{"line":143,"column":42}},"type":"binary-expr","locations":[{"start":{"line":143,"column":12},"end":{"line":143,"column":25}},{"start":{"line":143,"column":29},"end":{"line":143,"column":42}}],"line":143},"22":{"loc":{"start":{"line":149,"column":8},"end":{"line":153,"column":9}},"type":"if","locations":[{"start":{"line":149,"column":8},"end":{"line":153,"column":9}},{"start":{},"end":{}}],"line":149},"23":{"loc":{"start":{"line":149,"column":12},"end":{"line":149,"column":42}},"type":"binary-expr","locations":[{"start":{"line":149,"column":12},"end":{"line":149,"column":25}},{"start":{"line":149,"column":29},"end":{"line":149,"column":42}}],"line":149},"24":{"loc":{"start":{"line":221,"column":6},"end":{"line":225,"column":7}},"type":"if","locations":[{"start":{"line":221,"column":6},"end":{"line":225,"column":7}},{"start":{},"end":{}}],"line":221},"25":{"loc":{"start":{"line":221,"column":10},"end":{"line":221,"column":29}},"type":"binary-expr","locations":[{"start":{"line":221,"column":10},"end":{"line":221,"column":16}},{"start":{"line":221,"column":20},"end":{"line":221,"column":29}}],"line":221},"26":{"loc":{"start":{"line":233,"column":6},"end":{"line":237,"column":7}},"type":"if","locations":[{"start":{"line":233,"column":6},"end":{"line":237,"column":7}},{"start":{},"end":{}}],"line":233},"27":{"loc":{"start":{"line":239,"column":6},"end":{"line":243,"column":7}},"type":"if","locations":[{"start":{"line":239,"column":6},"end":{"line":243,"column":7}},{"start":{},"end":{}}],"line":239},"28":{"loc":{"start":{"line":247,"column":6},"end":{"line":251,"column":7}},"type":"if","locations":[{"start":{"line":247,"column":6},"end":{"line":251,"column":7}},{"start":{},"end":{}}],"line":247},"29":{"loc":{"start":{"line":317,"column":6},"end":{"line":321,"column":7}},"type":"if","locations":[{"start":{"line":317,"column":6},"end":{"line":321,"column":7}},{"start":{},"end":{}}],"line":317},"30":{"loc":{"start":{"line":377,"column":6},"end":{"line":381,"column":7}},"type":"if","locations":[{"start":{"line":377,"column":6},"end":{"line":381,"column":7}},{"start":{},"end":{}}],"line":377},"31":{"loc":{"start":{"line":390,"column":6},"end":{"line":394,"column":7}},"type":"if","locations":[{"start":{"line":390,"column":6},"end":{"line":394,"column":7}},{"start":{},"end":{}}],"line":390}},"s":{"0":2,"1":2,"2":2,"3":2,"4":0,"5":0,"6":0,"7":0,"8":0,"9":0,"10":0,"11":0,"12":0,"13":0,"14":0,"15":0,"16":0,"17":0,"18":0,"19":0,"20":0,"21":0,"22":0,"23":0,"24":0,"25":0,"26":0,"27":2,"28":2,"29":2,"30":2,"31":0,"32":0,"33":13,"34":13,"35":12,"36":6,"37":6,"38":6,"39":1,"40":5,"41":5,"42":0,"43":5,"44":1,"45":1,"46":0,"47":1,"48":0,"49":0,"50":5,"51":4,"52":0,"53":4,"54":4,"55":0,"56":0,"57":0,"58":0,"59":4,"60":4,"61":1,"62":1,"63":1,"64":5,"65":5,"66":9,"67":9,"68":9,"69":1,"70":8,"71":4,"72":2,"73":2,"74":2,"75":0,"76":0,"77":0,"78":0,"79":0,"80":0,"81":4,"82":4,"83":0,"84":0,"85":0,"86":0,"87":0,"88":0,"89":0,"90":0,"91":0,"92":0,"93":0,"94":0,"95":0,"96":0,"97":0,"98":0,"99":0,"100":2,"101":3,"102":3,"103":3,"104":0,"105":3,"106":2,"107":2,"108":2,"109":0,"110":0,"111":1,"112":1,"113":2},"f":{"0":0,"1":13,"2":9,"3":0,"4":0,"5":0,"6":0,"7":0,"8":2,"9":3},"b":{"0":[0,0],"1":[0,0],"2":[0,0],"3":[0,0],"4":[0,0],"5":[2,2],"6":[2,2],"7":[0,2],"8":[2,0,0],"9":[11],"10":[6,6],"11":[12,8,6,6],"12":[1,5],"13":[0,5],"14":[1,4],"15":[0,1],"16":[0,1],"17":[0,0],"18":[0,4],"19":[0,4],"20":[0,0],"21":[0,0],"22":[0,0],"23":[0,0],"24":[1,8],"25":[9,9],"26":[2,2],"27":[2,0],"28":[0,0],"29":[0,0],"30":[0,3],"31":[2,0]},"_coverageSchema":"1a1c01bbd47fc00a2c39e90264f33305004495a9","hash":"5b41c53b638aad770a196a6d0fd4729f86bbd93d"}
,"/workspaces/vamos/backend/src/controllers/BookingController.js": {"path":"/workspaces/vamos/backend/src/controllers/BookingController.js","statementMap":{"0":{"start":{"line":6,"column":16},"end":{"line":6,"column":44}},"1":{"start":{"line":7,"column":13},"end":{"line":7,"column":28}},"2":{"start":{"line":8,"column":57},"end":{"line":8,"column":92}},"3":{"start":{"line":10,"column":16},"end":{"line":10,"column":69}},"4":{"start":{"line":13,"column":14},"end":{"line":13,"column":49}},"5":{"start":{"line":13,"column":20},"end":{"line":13,"column":49}},"6":{"start":{"line":14,"column":17},"end":{"line":21,"column":1}},"7":{"start":{"line":15,"column":2},"end":{"line":20,"column":5}},"8":{"start":{"line":16,"column":4},"end":{"line":19,"column":7}},"9":{"start":{"line":17,"column":6},"end":{"line":18,"column":67}},"10":{"start":{"line":17,"column":15},"end":{"line":17,"column":27}},"11":{"start":{"line":18,"column":11},"end":{"line":18,"column":67}},"12":{"start":{"line":23,"column":17},"end":{"line":30,"column":1}},"13":{"start":{"line":24,"column":2},"end":{"line":29,"column":5}},"14":{"start":{"line":25,"column":4},"end":{"line":28,"column":7}},"15":{"start":{"line":26,"column":6},"end":{"line":27,"column":24}},"16":{"start":{"line":26,"column":15},"end":{"line":26,"column":27}},"17":{"start":{"line":27,"column":11},"end":{"line":27,"column":24}},"18":{"start":{"line":32,"column":17},"end":{"line":39,"column":1}},"19":{"start":{"line":33,"column":2},"end":{"line":38,"column":5}},"20":{"start":{"line":34,"column":4},"end":{"line":37,"column":7}},"21":{"start":{"line":35,"column":6},"end":{"line":36,"column":31}},"22":{"start":{"line":35,"column":15},"end":{"line":35,"column":27}},"23":{"start":{"line":36,"column":11},"end":{"line":36,"column":31}},"24":{"start":{"line":46,"column":15},"end":{"line":46,"column":22}},"25":{"start":{"line":47,"column":4},"end":{"line":145,"column":5}},"26":{"start":{"line":60,"column":10},"end":{"line":60,"column":18}},"27":{"start":{"line":62,"column":6},"end":{"line":66,"column":7}},"28":{"start":{"line":63,"column":8},"end":{"line":65,"column":11}},"29":{"start":{"line":69,"column":22},"end":{"line":69,"column":92}},"30":{"start":{"line":70,"column":6},"end":{"line":72,"column":7}},"31":{"start":{"line":71,"column":8},"end":{"line":71,"column":73}},"32":{"start":{"line":75,"column":19},"end":{"line":75,"column":83}},"33":{"start":{"line":76,"column":6},"end":{"line":78,"column":7}},"34":{"start":{"line":77,"column":8},"end":{"line":77,"column":73}},"35":{"start":{"line":81,"column":22},"end":{"line":94,"column":7}},"36":{"start":{"line":97,"column":24},"end":{"line":97,"column":63}},"37":{"start":{"line":99,"column":6},"end":{"line":99,"column":47}},"38":{"start":{"line":100,"column":6},"end":{"line":100,"column":59}},"39":{"start":{"line":101,"column":6},"end":{"line":101,"column":45}},"40":{"start":{"line":102,"column":6},"end":{"line":102,"column":66}},"41":{"start":{"line":103,"column":6},"end":{"line":103,"column":49}},"42":{"start":{"line":106,"column":6},"end":{"line":114,"column":7}},"43":{"start":{"line":107,"column":8},"end":{"line":107,"column":84}},"44":{"start":{"line":110,"column":8},"end":{"line":113,"column":10}},"45":{"start":{"line":117,"column":21},"end":{"line":128,"column":7}},"46":{"start":{"line":130,"column":24},"end":{"line":130,"column":37}},"47":{"start":{"line":131,"column":25},"end":{"line":131,"column":95}},"48":{"start":{"line":133,"column":6},"end":{"line":133,"column":17}},"49":{"start":{"line":134,"column":6},"end":{"line":139,"column":9}},"50":{"start":{"line":142,"column":6},"end":{"line":142,"column":57}},"51":{"start":{"line":143,"column":6},"end":{"line":143,"column":17}},"52":{"start":{"line":144,"column":6},"end":{"line":144,"column":53}},"53":{"start":{"line":152,"column":15},"end":{"line":152,"column":22}},"54":{"start":{"line":153,"column":4},"end":{"line":171,"column":5}},"55":{"start":{"line":154,"column":25},"end":{"line":154,"column":35}},"56":{"start":{"line":156,"column":23},"end":{"line":163,"column":7}},"57":{"start":{"line":165,"column":6},"end":{"line":165,"column":17}},"58":{"start":{"line":166,"column":6},"end":{"line":166,"column":44}},"59":{"start":{"line":168,"column":6},"end":{"line":168,"column":59}},"60":{"start":{"line":169,"column":6},"end":{"line":169,"column":17}},"61":{"start":{"line":170,"column":6},"end":{"line":170,"column":53}},"62":{"start":{"line":178,"column":15},"end":{"line":178,"column":22}},"63":{"start":{"line":179,"column":4},"end":{"line":247,"column":5}},"64":{"start":{"line":180,"column":28},"end":{"line":180,"column":38}},"65":{"start":{"line":181,"column":33},"end":{"line":181,"column":41}},"66":{"start":{"line":183,"column":6},"end":{"line":188,"column":7}},"67":{"start":{"line":184,"column":8},"end":{"line":184,"column":19}},"68":{"start":{"line":185,"column":8},"end":{"line":187,"column":11}},"69":{"start":{"line":191,"column":6},"end":{"line":194,"column":8}},"70":{"start":{"line":197,"column":6},"end":{"line":235,"column":7}},"71":{"start":{"line":198,"column":24},"end":{"line":198,"column":100}},"72":{"start":{"line":199,"column":21},"end":{"line":199,"column":94}},"73":{"start":{"line":202,"column":24},"end":{"line":202,"column":56}},"74":{"start":{"line":203,"column":27},"end":{"line":203,"column":28}},"75":{"start":{"line":204,"column":27},"end":{"line":204,"column":32}},"76":{"start":{"line":207,"column":8},"end":{"line":210,"column":9}},"77":{"start":{"line":208,"column":10},"end":{"line":208,"column":32}},"78":{"start":{"line":209,"column":10},"end":{"line":209,"column":30}},"79":{"start":{"line":213,"column":8},"end":{"line":220,"column":10}},"80":{"start":{"line":222,"column":8},"end":{"line":222,"column":19}},"81":{"start":{"line":223,"column":8},"end":{"line":234,"column":11}},"82":{"start":{"line":237,"column":6},"end":{"line":237,"column":17}},"83":{"start":{"line":238,"column":6},"end":{"line":241,"column":9}},"84":{"start":{"line":244,"column":6},"end":{"line":244,"column":59}},"85":{"start":{"line":245,"column":6},"end":{"line":245,"column":17}},"86":{"start":{"line":246,"column":6},"end":{"line":246,"column":53}},"87":{"start":{"line":254,"column":15},"end":{"line":254,"column":22}},"88":{"start":{"line":255,"column":4},"end":{"line":303,"column":5}},"89":{"start":{"line":256,"column":28},"end":{"line":256,"column":38}},"90":{"start":{"line":257,"column":38},"end":{"line":257,"column":46}},"91":{"start":{"line":259,"column":28},"end":{"line":259,"column":78}},"92":{"start":{"line":260,"column":6},"end":{"line":265,"column":7}},"93":{"start":{"line":261,"column":8},"end":{"line":261,"column":19}},"94":{"start":{"line":262,"column":8},"end":{"line":264,"column":11}},"95":{"start":{"line":267,"column":18},"end":{"line":267,"column":40}},"96":{"start":{"line":268,"column":19},"end":{"line":268,"column":21}},"97":{"start":{"line":270,"column":6},"end":{"line":273,"column":7}},"98":{"start":{"line":271,"column":8},"end":{"line":271,"column":32}},"99":{"start":{"line":272,"column":8},"end":{"line":272,"column":28}},"100":{"start":{"line":275,"column":6},"end":{"line":278,"column":7}},"101":{"start":{"line":276,"column":8},"end":{"line":276,"column":30}},"102":{"start":{"line":277,"column":8},"end":{"line":277,"column":26}},"103":{"start":{"line":280,"column":6},"end":{"line":283,"column":7}},"104":{"start":{"line":281,"column":8},"end":{"line":281,"column":31}},"105":{"start":{"line":282,"column":8},"end":{"line":282,"column":27}},"106":{"start":{"line":285,"column":6},"end":{"line":285,"column":61}},"107":{"start":{"line":286,"column":6},"end":{"line":286,"column":29}},"108":{"start":{"line":288,"column":6},"end":{"line":288,"column":40}},"109":{"start":{"line":290,"column":22},"end":{"line":290,"column":92}},"110":{"start":{"line":292,"column":6},"end":{"line":292,"column":17}},"111":{"start":{"line":293,"column":6},"end":{"line":297,"column":9}},"112":{"start":{"line":300,"column":6},"end":{"line":300,"column":61}},"113":{"start":{"line":301,"column":6},"end":{"line":301,"column":17}},"114":{"start":{"line":302,"column":6},"end":{"line":302,"column":53}},"115":{"start":{"line":310,"column":15},"end":{"line":310,"column":22}},"116":{"start":{"line":311,"column":4},"end":{"line":334,"column":5}},"117":{"start":{"line":312,"column":28},"end":{"line":312,"column":38}},"118":{"start":{"line":313,"column":25},"end":{"line":313,"column":33}},"119":{"start":{"line":315,"column":20},"end":{"line":315,"column":72}},"120":{"start":{"line":316,"column":6},"end":{"line":319,"column":8}},"121":{"start":{"line":321,"column":22},"end":{"line":321,"column":92}},"122":{"start":{"line":323,"column":6},"end":{"line":323,"column":17}},"123":{"start":{"line":324,"column":6},"end":{"line":328,"column":9}},"124":{"start":{"line":331,"column":6},"end":{"line":331,"column":60}},"125":{"start":{"line":332,"column":6},"end":{"line":332,"column":17}},"126":{"start":{"line":333,"column":6},"end":{"line":333,"column":53}},"127":{"start":{"line":341,"column":15},"end":{"line":341,"column":22}},"128":{"start":{"line":342,"column":4},"end":{"line":373,"column":5}},"129":{"start":{"line":343,"column":25},"end":{"line":343,"column":35}},"130":{"start":{"line":345,"column":19},"end":{"line":348,"column":7}},"131":{"start":{"line":350,"column":6},"end":{"line":353,"column":7}},"132":{"start":{"line":351,"column":8},"end":{"line":351,"column":19}},"133":{"start":{"line":352,"column":8},"end":{"line":352,"column":73}},"134":{"start":{"line":355,"column":26},"end":{"line":355,"column":53}},"135":{"start":{"line":357,"column":6},"end":{"line":357,"column":17}},"136":{"start":{"line":358,"column":6},"end":{"line":367,"column":9}},"137":{"start":{"line":370,"column":6},"end":{"line":370,"column":67}},"138":{"start":{"line":371,"column":6},"end":{"line":371,"column":17}},"139":{"start":{"line":372,"column":6},"end":{"line":372,"column":53}},"140":{"start":{"line":380,"column":15},"end":{"line":380,"column":22}},"141":{"start":{"line":381,"column":4},"end":{"line":413,"column":5}},"142":{"start":{"line":382,"column":25},"end":{"line":382,"column":33}},"143":{"start":{"line":383,"column":72},"end":{"line":383,"column":80}},"144":{"start":{"line":385,"column":31},"end":{"line":385,"column":64}},"145":{"start":{"line":386,"column":6},"end":{"line":391,"column":7}},"146":{"start":{"line":387,"column":8},"end":{"line":387,"column":19}},"147":{"start":{"line":388,"column":8},"end":{"line":390,"column":11}},"148":{"start":{"line":393,"column":21},"end":{"line":397,"column":7}},"149":{"start":{"line":399,"column":26},"end":{"line":399,"column":39}},"150":{"start":{"line":400,"column":24},"end":{"line":400,"column":106}},"151":{"start":{"line":402,"column":6},"end":{"line":402,"column":17}},"152":{"start":{"line":403,"column":6},"end":{"line":407,"column":9}},"153":{"start":{"line":410,"column":6},"end":{"line":410,"column":68}},"154":{"start":{"line":411,"column":6},"end":{"line":411,"column":17}},"155":{"start":{"line":412,"column":6},"end":{"line":412,"column":53}},"156":{"start":{"line":417,"column":0},"end":{"line":417,"column":41}}},"fnMap":{"0":{"name":"(anonymous_0)","decl":{"start":{"line":13,"column":14},"end":{"line":13,"column":15}},"loc":{"start":{"line":13,"column":20},"end":{"line":13,"column":49}},"line":13},"1":{"name":"(anonymous_1)","decl":{"start":{"line":14,"column":17},"end":{"line":14,"column":18}},"loc":{"start":{"line":14,"column":43},"end":{"line":21,"column":1}},"line":14},"2":{"name":"(anonymous_2)","decl":{"start":{"line":15,"column":21},"end":{"line":15,"column":22}},"loc":{"start":{"line":15,"column":42},"end":{"line":20,"column":3}},"line":15},"3":{"name":"(anonymous_3)","decl":{"start":{"line":16,"column":24},"end":{"line":16,"column":25}},"loc":{"start":{"line":16,"column":38},"end":{"line":19,"column":5}},"line":16},"4":{"name":"(anonymous_4)","decl":{"start":{"line":23,"column":17},"end":{"line":23,"column":18}},"loc":{"start":{"line":23,"column":43},"end":{"line":30,"column":1}},"line":23},"5":{"name":"(anonymous_5)","decl":{"start":{"line":24,"column":21},"end":{"line":24,"column":22}},"loc":{"start":{"line":24,"column":42},"end":{"line":29,"column":3}},"line":24},"6":{"name":"(anonymous_6)","decl":{"start":{"line":25,"column":24},"end":{"line":25,"column":25}},"loc":{"start":{"line":25,"column":38},"end":{"line":28,"column":5}},"line":25},"7":{"name":"(anonymous_7)","decl":{"start":{"line":32,"column":17},"end":{"line":32,"column":18}},"loc":{"start":{"line":32,"column":43},"end":{"line":39,"column":1}},"line":32},"8":{"name":"(anonymous_8)","decl":{"start":{"line":33,"column":21},"end":{"line":33,"column":22}},"loc":{"start":{"line":33,"column":42},"end":{"line":38,"column":3}},"line":33},"9":{"name":"(anonymous_9)","decl":{"start":{"line":34,"column":24},"end":{"line":34,"column":25}},"loc":{"start":{"line":34,"column":39},"end":{"line":37,"column":5}},"line":34},"10":{"name":"(anonymous_10)","decl":{"start":{"line":45,"column":2},"end":{"line":45,"column":3}},"loc":{"start":{"line":45,"column":32},"end":{"line":146,"column":3}},"line":45},"11":{"name":"(anonymous_11)","decl":{"start":{"line":151,"column":2},"end":{"line":151,"column":3}},"loc":{"start":{"line":151,"column":34},"end":{"line":172,"column":3}},"line":151},"12":{"name":"(anonymous_12)","decl":{"start":{"line":177,"column":2},"end":{"line":177,"column":3}},"loc":{"start":{"line":177,"column":30},"end":{"line":248,"column":3}},"line":177},"13":{"name":"(anonymous_13)","decl":{"start":{"line":253,"column":2},"end":{"line":253,"column":3}},"loc":{"start":{"line":253,"column":32},"end":{"line":304,"column":3}},"line":253},"14":{"name":"(anonymous_14)","decl":{"start":{"line":309,"column":2},"end":{"line":309,"column":3}},"loc":{"start":{"line":309,"column":32},"end":{"line":335,"column":3}},"line":309},"15":{"name":"(anonymous_15)","decl":{"start":{"line":340,"column":2},"end":{"line":340,"column":3}},"loc":{"start":{"line":340,"column":35},"end":{"line":374,"column":3}},"line":340},"16":{"name":"(anonymous_16)","decl":{"start":{"line":379,"column":2},"end":{"line":379,"column":3}},"loc":{"start":{"line":379,"column":41},"end":{"line":414,"column":3}},"line":379}},"branchMap":{"0":{"loc":{"start":{"line":14,"column":27},"end":{"line":14,"column":38}},"type":"default-arg","locations":[{"start":{"line":14,"column":36},"end":{"line":14,"column":38}}],"line":14},"1":{"loc":{"start":{"line":17,"column":6},"end":{"line":18,"column":67}},"type":"if","locations":[{"start":{"line":17,"column":6},"end":{"line":18,"column":67}},{"start":{"line":18,"column":11},"end":{"line":18,"column":67}}],"line":17},"2":{"loc":{"start":{"line":23,"column":27},"end":{"line":23,"column":38}},"type":"default-arg","locations":[{"start":{"line":23,"column":36},"end":{"line":23,"column":38}}],"line":23},"3":{"loc":{"start":{"line":26,"column":6},"end":{"line":27,"column":24}},"type":"if","locations":[{"start":{"line":26,"column":6},"end":{"line":27,"column":24}},{"start":{"line":27,"column":11},"end":{"line":27,"column":24}}],"line":26},"4":{"loc":{"start":{"line":32,"column":27},"end":{"line":32,"column":38}},"type":"default-arg","locations":[{"start":{"line":32,"column":36},"end":{"line":32,"column":38}}],"line":32},"5":{"loc":{"start":{"line":35,"column":6},"end":{"line":36,"column":31}},"type":"if","locations":[{"start":{"line":35,"column":6},"end":{"line":36,"column":31}},{"start":{"line":36,"column":11},"end":{"line":36,"column":31}}],"line":35},"6":{"loc":{"start":{"line":36,"column":19},"end":{"line":36,"column":29}},"type":"binary-expr","locations":[{"start":{"line":36,"column":19},"end":{"line":36,"column":23}},{"start":{"line":36,"column":27},"end":{"line":36,"column":29}}],"line":36},"7":{"loc":{"start":{"line":55,"column":8},"end":{"line":55,"column":25}},"type":"default-arg","locations":[{"start":{"line":55,"column":24},"end":{"line":55,"column":25}}],"line":55},"8":{"loc":{"start":{"line":56,"column":8},"end":{"line":56,"column":23}},"type":"default-arg","locations":[{"start":{"line":56,"column":19},"end":{"line":56,"column":23}}],"line":56},"9":{"loc":{"start":{"line":57,"column":8},"end":{"line":57,"column":26}},"type":"default-arg","locations":[{"start":{"line":57,"column":21},"end":{"line":57,"column":26}}],"line":57},"10":{"loc":{"start":{"line":58,"column":8},"end":{"line":58,"column":31}},"type":"default-arg","locations":[{"start":{"line":58,"column":26},"end":{"line":58,"column":31}}],"line":58},"11":{"loc":{"start":{"line":59,"column":8},"end":{"line":59,"column":18}},"type":"default-arg","locations":[{"start":{"line":59,"column":16},"end":{"line":59,"column":18}}],"line":59},"12":{"loc":{"start":{"line":62,"column":6},"end":{"line":66,"column":7}},"type":"if","locations":[{"start":{"line":62,"column":6},"end":{"line":66,"column":7}},{"start":{},"end":{}}],"line":62},"13":{"loc":{"start":{"line":62,"column":10},"end":{"line":62,"column":71}},"type":"binary-expr","locations":[{"start":{"line":62,"column":10},"end":{"line":62,"column":17}},{"start":{"line":62,"column":21},"end":{"line":62,"column":31}},{"start":{"line":62,"column":35},"end":{"line":62,"column":40}},{"start":{"line":62,"column":44},"end":{"line":62,"column":49}},{"start":{"line":62,"column":53},"end":{"line":62,"column":61}},{"start":{"line":62,"column":65},"end":{"line":62,"column":71}}],"line":62},"14":{"loc":{"start":{"line":70,"column":6},"end":{"line":72,"column":7}},"type":"if","locations":[{"start":{"line":70,"column":6},"end":{"line":72,"column":7}},{"start":{},"end":{}}],"line":70},"15":{"loc":{"start":{"line":76,"column":6},"end":{"line":78,"column":7}},"type":"if","locations":[{"start":{"line":76,"column":6},"end":{"line":78,"column":7}},{"start":{},"end":{}}],"line":76},"16":{"loc":{"start":{"line":89,"column":22},"end":{"line":89,"column":40}},"type":"cond-expr","locations":[{"start":{"line":89,"column":35},"end":{"line":89,"column":36}},{"start":{"line":89,"column":39},"end":{"line":89,"column":40}}],"line":89},"17":{"loc":{"start":{"line":90,"column":27},"end":{"line":90,"column":50}},"type":"cond-expr","locations":[{"start":{"line":90,"column":45},"end":{"line":90,"column":46}},{"start":{"line":90,"column":49},"end":{"line":90,"column":50}}],"line":90},"18":{"loc":{"start":{"line":91,"column":19},"end":{"line":91,"column":35}},"type":"cond-expr","locations":[{"start":{"line":91,"column":30},"end":{"line":91,"column":31}},{"start":{"line":91,"column":34},"end":{"line":91,"column":35}}],"line":91},"19":{"loc":{"start":{"line":106,"column":6},"end":{"line":114,"column":7}},"type":"if","locations":[{"start":{"line":106,"column":6},"end":{"line":114,"column":7}},{"start":{},"end":{}}],"line":106},"20":{"loc":{"start":{"line":106,"column":10},"end":{"line":106,"column":78}},"type":"binary-expr","locations":[{"start":{"line":106,"column":10},"end":{"line":106,"column":28}},{"start":{"line":106,"column":32},"end":{"line":106,"column":54}},{"start":{"line":106,"column":58},"end":{"line":106,"column":78}}],"line":106},"21":{"loc":{"start":{"line":127,"column":58},"end":{"line":127,"column":74}},"type":"cond-expr","locations":[{"start":{"line":127,"column":69},"end":{"line":127,"column":70}},{"start":{"line":127,"column":73},"end":{"line":127,"column":74}}],"line":127},"22":{"loc":{"start":{"line":183,"column":6},"end":{"line":188,"column":7}},"type":"if","locations":[{"start":{"line":183,"column":6},"end":{"line":188,"column":7}},{"start":{},"end":{}}],"line":183},"23":{"loc":{"start":{"line":183,"column":10},"end":{"line":183,"column":45}},"type":"binary-expr","locations":[{"start":{"line":183,"column":10},"end":{"line":183,"column":17}},{"start":{"line":183,"column":21},"end":{"line":183,"column":31}},{"start":{"line":183,"column":35},"end":{"line":183,"column":45}}],"line":183},"24":{"loc":{"start":{"line":193,"column":17},"end":{"line":193,"column":29}},"type":"binary-expr","locations":[{"start":{"line":193,"column":17},"end":{"line":193,"column":23}},{"start":{"line":193,"column":27},"end":{"line":193,"column":29}}],"line":193},"25":{"loc":{"start":{"line":197,"column":6},"end":{"line":235,"column":7}},"type":"if","locations":[{"start":{"line":197,"column":6},"end":{"line":235,"column":7}},{"start":{},"end":{}}],"line":197},"26":{"loc":{"start":{"line":202,"column":25},"end":{"line":202,"column":51}},"type":"binary-expr","locations":[{"start":{"line":202,"column":25},"end":{"line":202,"column":46}},{"start":{"line":202,"column":50},"end":{"line":202,"column":51}}],"line":202},"27":{"loc":{"start":{"line":207,"column":8},"end":{"line":210,"column":9}},"type":"if","locations":[{"start":{"line":207,"column":8},"end":{"line":210,"column":9}},{"start":{},"end":{}}],"line":207},"28":{"loc":{"start":{"line":207,"column":12},"end":{"line":207,"column":51}},"type":"binary-expr","locations":[{"start":{"line":207,"column":12},"end":{"line":207,"column":27}},{"start":{"line":207,"column":31},"end":{"line":207,"column":51}}],"line":207},"29":{"loc":{"start":{"line":225,"column":19},"end":{"line":227,"column":83}},"type":"cond-expr","locations":[{"start":{"line":226,"column":14},"end":{"line":226,"column":87}},{"start":{"line":227,"column":14},"end":{"line":227,"column":83}}],"line":225},"30":{"loc":{"start":{"line":260,"column":6},"end":{"line":265,"column":7}},"type":"if","locations":[{"start":{"line":260,"column":6},"end":{"line":265,"column":7}},{"start":{},"end":{}}],"line":260},"31":{"loc":{"start":{"line":260,"column":10},"end":{"line":260,"column":51}},"type":"binary-expr","locations":[{"start":{"line":260,"column":10},"end":{"line":260,"column":16}},{"start":{"line":260,"column":20},"end":{"line":260,"column":51}}],"line":260},"32":{"loc":{"start":{"line":270,"column":6},"end":{"line":273,"column":7}},"type":"if","locations":[{"start":{"line":270,"column":6},"end":{"line":273,"column":7}},{"start":{},"end":{}}],"line":270},"33":{"loc":{"start":{"line":275,"column":6},"end":{"line":278,"column":7}},"type":"if","locations":[{"start":{"line":275,"column":6},"end":{"line":278,"column":7}},{"start":{},"end":{}}],"line":275},"34":{"loc":{"start":{"line":280,"column":6},"end":{"line":283,"column":7}},"type":"if","locations":[{"start":{"line":280,"column":6},"end":{"line":283,"column":7}},{"start":{},"end":{}}],"line":280},"35":{"loc":{"start":{"line":315,"column":20},"end":{"line":315,"column":72}},"type":"cond-expr","locations":[{"start":{"line":315,"column":29},"end":{"line":315,"column":67}},{"start":{"line":315,"column":70},"end":{"line":315,"column":72}}],"line":315},"36":{"loc":{"start":{"line":350,"column":6},"end":{"line":353,"column":7}},"type":"if","locations":[{"start":{"line":350,"column":6},"end":{"line":353,"column":7}},{"start":{},"end":{}}],"line":350},"37":{"loc":{"start":{"line":361,"column":26},"end":{"line":361,"column":52}},"type":"binary-expr","locations":[{"start":{"line":361,"column":26},"end":{"line":361,"column":47}},{"start":{"line":361,"column":51},"end":{"line":361,"column":52}}],"line":361},"38":{"loc":{"start":{"line":362,"column":26},"end":{"line":362,"column":52}},"type":"binary-expr","locations":[{"start":{"line":362,"column":26},"end":{"line":362,"column":47}},{"start":{"line":362,"column":51},"end":{"line":362,"column":52}}],"line":362},"39":{"loc":{"start":{"line":363,"column":26},"end":{"line":363,"column":49}},"type":"binary-expr","locations":[{"start":{"line":363,"column":26},"end":{"line":363,"column":44}},{"start":{"line":363,"column":48},"end":{"line":363,"column":49}}],"line":363},"40":{"loc":{"start":{"line":364,"column":25},"end":{"line":364,"column":49}},"type":"binary-expr","locations":[{"start":{"line":364,"column":25},"end":{"line":364,"column":44}},{"start":{"line":364,"column":48},"end":{"line":364,"column":49}}],"line":364},"41":{"loc":{"start":{"line":386,"column":6},"end":{"line":391,"column":7}},"type":"if","locations":[{"start":{"line":386,"column":6},"end":{"line":391,"column":7}},{"start":{},"end":{}}],"line":386}},"s":{"0":6,"1":6,"2":6,"3":6,"4":6,"5":18,"6":6,"7":10,"8":10,"9":10,"10":8,"11":2,"12":6,"13":3,"14":3,"15":3,"16":0,"17":3,"18":6,"19":0,"20":0,"21":0,"22":0,"23":0,"24":8,"25":8,"26":8,"27":8,"28":7,"29":1,"30":1,"31":1,"32":0,"33":0,"34":0,"35":0,"36":0,"37":0,"38":0,"39":0,"40":0,"41":0,"42":0,"43":0,"44":0,"45":0,"46":0,"47":0,"48":0,"49":0,"50":0,"51":0,"52":0,"53":0,"54":0,"55":0,"56":0,"57":0,"58":0,"59":0,"60":0,"61":0,"62":2,"63":2,"64":2,"65":2,"66":2,"67":1,"68":1,"69":1,"70":1,"71":1,"72":1,"73":1,"74":1,"75":1,"76":1,"77":1,"78":1,"79":1,"80":1,"81":1,"82":0,"83":0,"84":0,"85":0,"86":0,"87":5,"88":5,"89":5,"90":5,"91":5,"92":5,"93":0,"94":0,"95":5,"96":5,"97":5,"98":1,"99":1,"100":5,"101":4,"102":4,"103":5,"104":0,"105":0,"106":5,"107":5,"108":5,"109":0,"110":0,"111":0,"112":5,"113":5,"114":5,"115":3,"116":3,"117":3,"118":3,"119":3,"120":3,"121":0,"122":0,"123":0,"124":3,"125":3,"126":3,"127":0,"128":0,"129":0,"130":0,"131":0,"132":0,"133":0,"134":0,"135":0,"136":0,"137":0,"138":0,"139":0,"140":0,"141":0,"142":0,"143":0,"144":0,"145":0,"146":0,"147":0,"148":0,"149":0,"150":0,"151":0,"152":0,"153":0,"154":0,"155":0,"156":6},"f":{"0":18,"1":10,"2":10,"3":10,"4":3,"5":3,"6":3,"7":0,"8":0,"9":0,"10":8,"11":0,"12":2,"13":5,"14":3,"15":0,"16":0},"b":{"0":[0],"1":[8,2],"2":[0],"3":[0,3],"4":[0],"5":[0,0],"6":[0,0],"7":[8],"8":[8],"9":[8],"10":[8],"11":[7],"12":[7,1],"13":[8,1,1,1,1,1],"14":[1,0],"15":[0,0],"16":[0,0],"17":[0,0],"18":[0,0],"19":[0,0],"20":[0,0,0],"21":[0,0],"22":[1,1],"23":[2,2,2],"24":[1,1],"25":[1,0],"26":[1,0],"27":[1,0],"28":[1,1],"29":[1,0],"30":[0,5],"31":[5,1],"32":[1,4],"33":[4,1],"34":[0,5],"35":[2,1],"36":[0,0],"37":[0,0],"38":[0,0],"39":[0,0],"40":[0,0],"41":[0,0]},"_coverageSchema":"1a1c01bbd47fc00a2c39e90264f33305004495a9","hash":"c5b49fa3c25e471343518eeda6ab1b36d4838de0"}
,"/workspaces/vamos/backend/src/controllers/NewsletterController.js": {"path":"/workspaces/vamos/backend/src/controllers/NewsletterController.js","statementMap":{"0":{"start":{"line":6,"column":18},"end":{"line":6,"column":41}},"1":{"start":{"line":7,"column":21},"end":{"line":7,"column":56}},"2":{"start":{"line":8,"column":15},"end":{"line":8,"column":41}},"3":{"start":{"line":16,"column":4},"end":{"line":90,"column":5}},"4":{"start":{"line":17,"column":30},"end":{"line":17,"column":38}},"5":{"start":{"line":20,"column":6},"end":{"line":25,"column":7}},"6":{"start":{"line":21,"column":8},"end":{"line":24,"column":11}},"7":{"start":{"line":28,"column":6},"end":{"line":33,"column":7}},"8":{"start":{"line":29,"column":8},"end":{"line":32,"column":11}},"9":{"start":{"line":36,"column":17},"end":{"line":36,"column":30}},"10":{"start":{"line":37,"column":23},"end":{"line":40,"column":7}},"11":{"start":{"line":42,"column":6},"end":{"line":47,"column":7}},"12":{"start":{"line":43,"column":8},"end":{"line":46,"column":11}},"13":{"start":{"line":50,"column":17},"end":{"line":50,"column":56}},"14":{"start":{"line":51,"column":27},"end":{"line":51,"column":51}},"15":{"start":{"line":53,"column":6},"end":{"line":62,"column":8}},"16":{"start":{"line":65,"column":6},"end":{"line":72,"column":7}},"17":{"start":{"line":66,"column":29},"end":{"line":66,"column":47}},"18":{"start":{"line":67,"column":8},"end":{"line":67,"column":62}},"19":{"start":{"line":68,"column":8},"end":{"line":68,"column":57}},"20":{"start":{"line":70,"column":8},"end":{"line":70,"column":88}},"21":{"start":{"line":74,"column":6},"end":{"line":83,"column":9}},"22":{"start":{"line":85,"column":6},"end":{"line":85,"column":59}},"23":{"start":{"line":86,"column":6},"end":{"line":89,"column":9}},"24":{"start":{"line":98,"column":4},"end":{"line":144,"column":5}},"25":{"start":{"line":99,"column":24},"end":{"line":99,"column":32}},"26":{"start":{"line":101,"column":6},"end":{"line":106,"column":7}},"27":{"start":{"line":102,"column":8},"end":{"line":105,"column":11}},"28":{"start":{"line":108,"column":17},"end":{"line":108,"column":30}},"29":{"start":{"line":111,"column":25},"end":{"line":114,"column":7}},"30":{"start":{"line":116,"column":6},"end":{"line":121,"column":7}},"31":{"start":{"line":117,"column":8},"end":{"line":120,"column":11}},"32":{"start":{"line":124,"column":29},"end":{"line":124,"column":53}},"33":{"start":{"line":125,"column":6},"end":{"line":130,"column":8}},"34":{"start":{"line":132,"column":6},"end":{"line":132,"column":57}},"35":{"start":{"line":134,"column":6},"end":{"line":137,"column":9}},"36":{"start":{"line":139,"column":6},"end":{"line":139,"column":62}},"37":{"start":{"line":140,"column":6},"end":{"line":143,"column":9}},"38":{"start":{"line":151,"column":23},"end":{"line":151,"column":51}},"39":{"start":{"line":152,"column":4},"end":{"line":152,"column":34}},"40":{"start":{"line":160,"column":4},"end":{"line":206,"column":5}},"41":{"start":{"line":161,"column":58},"end":{"line":161,"column":67}},"42":{"start":{"line":163,"column":17},"end":{"line":163,"column":30}},"43":{"start":{"line":165,"column":21},"end":{"line":165,"column":39}},"44":{"start":{"line":167,"column":18},"end":{"line":167,"column":56}},"45":{"start":{"line":168,"column":21},"end":{"line":168,"column":23}},"46":{"start":{"line":170,"column":6},"end":{"line":173,"column":7}},"47":{"start":{"line":171,"column":8},"end":{"line":171,"column":37}},"48":{"start":{"line":172,"column":8},"end":{"line":172,"column":28}},"49":{"start":{"line":175,"column":6},"end":{"line":175,"column":62}},"50":{"start":{"line":176,"column":6},"end":{"line":176,"column":33}},"51":{"start":{"line":178,"column":26},"end":{"line":178,"column":53}},"52":{"start":{"line":181,"column":23},"end":{"line":181,"column":77}},"53":{"start":{"line":182,"column":6},"end":{"line":184,"column":7}},"54":{"start":{"line":183,"column":8},"end":{"line":183,"column":42}},"55":{"start":{"line":185,"column":26},"end":{"line":188,"column":7}},"56":{"start":{"line":190,"column":6},"end":{"line":199,"column":9}},"57":{"start":{"line":201,"column":6},"end":{"line":201,"column":55}},"58":{"start":{"line":202,"column":6},"end":{"line":205,"column":9}},"59":{"start":{"line":214,"column":4},"end":{"line":277,"column":5}},"60":{"start":{"line":215,"column":52},"end":{"line":215,"column":60}},"61":{"start":{"line":217,"column":6},"end":{"line":222,"column":7}},"62":{"start":{"line":218,"column":8},"end":{"line":221,"column":11}},"63":{"start":{"line":224,"column":17},"end":{"line":224,"column":30}},"64":{"start":{"line":227,"column":26},"end":{"line":230,"column":7}},"65":{"start":{"line":232,"column":6},"end":{"line":237,"column":7}},"66":{"start":{"line":233,"column":8},"end":{"line":236,"column":11}},"67":{"start":{"line":240,"column":27},"end":{"line":240,"column":45}},"68":{"start":{"line":241,"column":17},"end":{"line":241,"column":18}},"69":{"start":{"line":242,"column":19},"end":{"line":242,"column":20}},"70":{"start":{"line":244,"column":6},"end":{"line":258,"column":7}},"71":{"start":{"line":245,"column":8},"end":{"line":257,"column":9}},"72":{"start":{"line":246,"column":10},"end":{"line":252,"column":12}},"73":{"start":{"line":253,"column":10},"end":{"line":253,"column":17}},"74":{"start":{"line":255,"column":10},"end":{"line":255,"column":82}},"75":{"start":{"line":256,"column":10},"end":{"line":256,"column":19}},"76":{"start":{"line":260,"column":6},"end":{"line":260,"column":76}},"77":{"start":{"line":262,"column":6},"end":{"line":270,"column":9}},"78":{"start":{"line":272,"column":6},"end":{"line":272,"column":56}},"79":{"start":{"line":273,"column":6},"end":{"line":276,"column":9}},"80":{"start":{"line":285,"column":4},"end":{"line":323,"column":5}},"81":{"start":{"line":286,"column":17},"end":{"line":286,"column":30}},"82":{"start":{"line":288,"column":26},"end":{"line":291,"column":7}},"83":{"start":{"line":293,"column":32},"end":{"line":296,"column":7}},"84":{"start":{"line":298,"column":23},"end":{"line":300,"column":7}},"85":{"start":{"line":302,"column":32},"end":{"line":305,"column":7}},"86":{"start":{"line":307,"column":6},"end":{"line":316,"column":9}},"87":{"start":{"line":318,"column":6},"end":{"line":318,"column":64}},"88":{"start":{"line":319,"column":6},"end":{"line":322,"column":9}},"89":{"start":{"line":327,"column":0},"end":{"line":327,"column":38}}},"fnMap":{"0":{"name":"(anonymous_0)","decl":{"start":{"line":15,"column":2},"end":{"line":15,"column":3}},"loc":{"start":{"line":15,"column":35},"end":{"line":91,"column":3}},"line":15},"1":{"name":"(anonymous_1)","decl":{"start":{"line":97,"column":2},"end":{"line":97,"column":3}},"loc":{"start":{"line":97,"column":37},"end":{"line":145,"column":3}},"line":97},"2":{"name":"(anonymous_2)","decl":{"start":{"line":150,"column":2},"end":{"line":150,"column":3}},"loc":{"start":{"line":150,"column":29},"end":{"line":153,"column":3}},"line":150},"3":{"name":"(anonymous_3)","decl":{"start":{"line":159,"column":2},"end":{"line":159,"column":3}},"loc":{"start":{"line":159,"column":40},"end":{"line":207,"column":3}},"line":159},"4":{"name":"(anonymous_4)","decl":{"start":{"line":213,"column":2},"end":{"line":213,"column":3}},"loc":{"start":{"line":213,"column":35},"end":{"line":278,"column":3}},"line":213},"5":{"name":"(anonymous_5)","decl":{"start":{"line":284,"column":2},"end":{"line":284,"column":3}},"loc":{"start":{"line":284,"column":34},"end":{"line":324,"column":3}},"line":284}},"branchMap":{"0":{"loc":{"start":{"line":20,"column":6},"end":{"line":25,"column":7}},"type":"if","locations":[{"start":{"line":20,"column":6},"end":{"line":25,"column":7}},{"start":{},"end":{}}],"line":20},"1":{"loc":{"start":{"line":20,"column":10},"end":{"line":20,"column":45}},"type":"binary-expr","locations":[{"start":{"line":20,"column":10},"end":{"line":20,"column":16}},{"start":{"line":20,"column":20},"end":{"line":20,"column":45}}],"line":20},"2":{"loc":{"start":{"line":28,"column":6},"end":{"line":33,"column":7}},"type":"if","locations":[{"start":{"line":28,"column":6},"end":{"line":33,"column":7}},{"start":{},"end":{}}],"line":28},"3":{"loc":{"start":{"line":28,"column":10},"end":{"line":28,"column":42}},"type":"binary-expr","locations":[{"start":{"line":28,"column":10},"end":{"line":28,"column":14}},{"start":{"line":28,"column":18},"end":{"line":28,"column":42}}],"line":28},"4":{"loc":{"start":{"line":42,"column":6},"end":{"line":47,"column":7}},"type":"if","locations":[{"start":{"line":42,"column":6},"end":{"line":47,"column":7}},{"start":{},"end":{}}],"line":42},"5":{"loc":{"start":{"line":58,"column":8},"end":{"line":58,"column":20}},"type":"binary-expr","locations":[{"start":{"line":58,"column":8},"end":{"line":58,"column":12}},{"start":{"line":58,"column":16},"end":{"line":58,"column":20}}],"line":58},"6":{"loc":{"start":{"line":80,"column":16},"end":{"line":80,"column":28}},"type":"binary-expr","locations":[{"start":{"line":80,"column":16},"end":{"line":80,"column":20}},{"start":{"line":80,"column":24},"end":{"line":80,"column":28}}],"line":80},"7":{"loc":{"start":{"line":101,"column":6},"end":{"line":106,"column":7}},"type":"if","locations":[{"start":{"line":101,"column":6},"end":{"line":106,"column":7}},{"start":{},"end":{}}],"line":101},"8":{"loc":{"start":{"line":101,"column":10},"end":{"line":101,"column":45}},"type":"binary-expr","locations":[{"start":{"line":101,"column":10},"end":{"line":101,"column":16}},{"start":{"line":101,"column":20},"end":{"line":101,"column":45}}],"line":101},"9":{"loc":{"start":{"line":116,"column":6},"end":{"line":121,"column":7}},"type":"if","locations":[{"start":{"line":116,"column":6},"end":{"line":121,"column":7}},{"start":{},"end":{}}],"line":116},"10":{"loc":{"start":{"line":161,"column":14},"end":{"line":161,"column":31}},"type":"default-arg","locations":[{"start":{"line":161,"column":23},"end":{"line":161,"column":31}}],"line":161},"11":{"loc":{"start":{"line":161,"column":33},"end":{"line":161,"column":41}},"type":"default-arg","locations":[{"start":{"line":161,"column":40},"end":{"line":161,"column":41}}],"line":161},"12":{"loc":{"start":{"line":161,"column":43},"end":{"line":161,"column":53}},"type":"default-arg","locations":[{"start":{"line":161,"column":51},"end":{"line":161,"column":53}}],"line":161},"13":{"loc":{"start":{"line":170,"column":6},"end":{"line":173,"column":7}},"type":"if","locations":[{"start":{"line":170,"column":6},"end":{"line":173,"column":7}},{"start":{},"end":{}}],"line":170},"14":{"loc":{"start":{"line":170,"column":10},"end":{"line":170,"column":36}},"type":"binary-expr","locations":[{"start":{"line":170,"column":10},"end":{"line":170,"column":16}},{"start":{"line":170,"column":20},"end":{"line":170,"column":36}}],"line":170},"15":{"loc":{"start":{"line":182,"column":6},"end":{"line":184,"column":7}},"type":"if","locations":[{"start":{"line":182,"column":6},"end":{"line":184,"column":7}},{"start":{},"end":{}}],"line":182},"16":{"loc":{"start":{"line":182,"column":10},"end":{"line":182,"column":36}},"type":"binary-expr","locations":[{"start":{"line":182,"column":10},"end":{"line":182,"column":16}},{"start":{"line":182,"column":20},"end":{"line":182,"column":36}}],"line":182},"17":{"loc":{"start":{"line":187,"column":8},"end":{"line":187,"column":50}},"type":"cond-expr","locations":[{"start":{"line":187,"column":37},"end":{"line":187,"column":45}},{"start":{"line":187,"column":48},"end":{"line":187,"column":50}}],"line":187},"18":{"loc":{"start":{"line":187,"column":8},"end":{"line":187,"column":34}},"type":"binary-expr","locations":[{"start":{"line":187,"column":8},"end":{"line":187,"column":14}},{"start":{"line":187,"column":18},"end":{"line":187,"column":34}}],"line":187},"19":{"loc":{"start":{"line":217,"column":6},"end":{"line":222,"column":7}},"type":"if","locations":[{"start":{"line":217,"column":6},"end":{"line":222,"column":7}},{"start":{},"end":{}}],"line":217},"20":{"loc":{"start":{"line":217,"column":10},"end":{"line":217,"column":34}},"type":"binary-expr","locations":[{"start":{"line":217,"column":10},"end":{"line":217,"column":18}},{"start":{"line":217,"column":22},"end":{"line":217,"column":34}}],"line":217},"21":{"loc":{"start":{"line":232,"column":6},"end":{"line":237,"column":7}},"type":"if","locations":[{"start":{"line":232,"column":6},"end":{"line":237,"column":7}},{"start":{},"end":{}}],"line":232},"22":{"loc":{"start":{"line":248,"column":12},"end":{"line":248,"column":39}},"type":"binary-expr","locations":[{"start":{"line":248,"column":12},"end":{"line":248,"column":27}},{"start":{"line":248,"column":31},"end":{"line":248,"column":39}}],"line":248}},"s":{"0":2,"1":2,"2":2,"3":0,"4":0,"5":0,"6":0,"7":0,"8":0,"9":0,"10":0,"11":0,"12":0,"13":0,"14":0,"15":0,"16":0,"17":0,"18":0,"19":0,"20":0,"21":0,"22":0,"23":0,"24":0,"25":0,"26":0,"27":0,"28":0,"29":0,"30":0,"31":0,"32":0,"33":0,"34":0,"35":0,"36":0,"37":0,"38":0,"39":0,"40":0,"41":0,"42":0,"43":0,"44":0,"45":0,"46":0,"47":0,"48":0,"49":0,"50":0,"51":0,"52":0,"53":0,"54":0,"55":0,"56":0,"57":0,"58":0,"59":0,"60":0,"61":0,"62":0,"63":0,"64":0,"65":0,"66":0,"67":0,"68":0,"69":0,"70":0,"71":0,"72":0,"73":0,"74":0,"75":0,"76":0,"77":0,"78":0,"79":0,"80":0,"81":0,"82":0,"83":0,"84":0,"85":0,"86":0,"87":0,"88":0,"89":2},"f":{"0":0,"1":0,"2":0,"3":0,"4":0,"5":0},"b":{"0":[0,0],"1":[0,0],"2":[0,0],"3":[0,0],"4":[0,0],"5":[0,0],"6":[0,0],"7":[0,0],"8":[0,0],"9":[0,0],"10":[0],"11":[0],"12":[0],"13":[0,0],"14":[0,0],"15":[0,0],"16":[0,0],"17":[0,0],"18":[0,0],"19":[0,0],"20":[0,0],"21":[0,0],"22":[0,0]},"_coverageSchema":"1a1c01bbd47fc00a2c39e90264f33305004495a9","hash":"db0d65a2376c5811c962391db29f0575af5322e4"}
,"/workspaces/vamos/backend/src/controllers/NotificationController.js": {"path":"/workspaces/vamos/backend/src/controllers/NotificationController.js","statementMap":{"0":{"start":{"line":11,"column":4},"end":{"line":29,"column":5}},"1":{"start":{"line":24,"column":6},"end":{"line":24,"column":71}},"2":{"start":{"line":25,"column":6},"end":{"line":25,"column":18}},"3":{"start":{"line":27,"column":6},"end":{"line":27,"column":58}},"4":{"start":{"line":28,"column":6},"end":{"line":28,"column":19}},"5":{"start":{"line":36,"column":4},"end":{"line":51,"column":5}},"6":{"start":{"line":46,"column":6},"end":{"line":46,"column":40}},"7":{"start":{"line":47,"column":6},"end":{"line":47,"column":18}},"8":{"start":{"line":49,"column":6},"end":{"line":49,"column":56}},"9":{"start":{"line":50,"column":6},"end":{"line":50,"column":19}},"10":{"start":{"line":58,"column":4},"end":{"line":72,"column":5}},"11":{"start":{"line":67,"column":6},"end":{"line":67,"column":70}},"12":{"start":{"line":68,"column":6},"end":{"line":68,"column":18}},"13":{"start":{"line":70,"column":6},"end":{"line":70,"column":56}},"14":{"start":{"line":71,"column":6},"end":{"line":71,"column":19}},"15":{"start":{"line":79,"column":4},"end":{"line":94,"column":5}},"16":{"start":{"line":89,"column":6},"end":{"line":89,"column":69}},"17":{"start":{"line":90,"column":6},"end":{"line":90,"column":18}},"18":{"start":{"line":92,"column":6},"end":{"line":92,"column":56}},"19":{"start":{"line":93,"column":6},"end":{"line":93,"column":19}},"20":{"start":{"line":101,"column":4},"end":{"line":108,"column":5}},"21":{"start":{"line":103,"column":6},"end":{"line":103,"column":71}},"22":{"start":{"line":104,"column":6},"end":{"line":104,"column":18}},"23":{"start":{"line":106,"column":6},"end":{"line":106,"column":52}},"24":{"start":{"line":107,"column":6},"end":{"line":107,"column":19}},"25":{"start":{"line":115,"column":4},"end":{"line":122,"column":5}},"26":{"start":{"line":117,"column":6},"end":{"line":117,"column":56}},"27":{"start":{"line":118,"column":6},"end":{"line":118,"column":18}},"28":{"start":{"line":120,"column":6},"end":{"line":120,"column":50}},"29":{"start":{"line":121,"column":6},"end":{"line":121,"column":19}},"30":{"start":{"line":129,"column":4},"end":{"line":136,"column":5}},"31":{"start":{"line":131,"column":6},"end":{"line":131,"column":82}},"32":{"start":{"line":132,"column":6},"end":{"line":132,"column":18}},"33":{"start":{"line":134,"column":6},"end":{"line":134,"column":64}},"34":{"start":{"line":135,"column":6},"end":{"line":135,"column":19}},"35":{"start":{"line":140,"column":0},"end":{"line":140,"column":46}}},"fnMap":{"0":{"name":"(anonymous_0)","decl":{"start":{"line":10,"column":2},"end":{"line":10,"column":3}},"loc":{"start":{"line":10,"column":43},"end":{"line":30,"column":3}},"line":10},"1":{"name":"(anonymous_1)","decl":{"start":{"line":35,"column":2},"end":{"line":35,"column":3}},"loc":{"start":{"line":35,"column":36},"end":{"line":52,"column":3}},"line":35},"2":{"name":"(anonymous_2)","decl":{"start":{"line":57,"column":2},"end":{"line":57,"column":3}},"loc":{"start":{"line":57,"column":30},"end":{"line":73,"column":3}},"line":57},"3":{"name":"(anonymous_3)","decl":{"start":{"line":78,"column":2},"end":{"line":78,"column":3}},"loc":{"start":{"line":78,"column":44},"end":{"line":95,"column":3}},"line":78},"4":{"name":"(anonymous_4)","decl":{"start":{"line":100,"column":2},"end":{"line":100,"column":3}},"loc":{"start":{"line":100,"column":38},"end":{"line":109,"column":3}},"line":100},"5":{"name":"(anonymous_5)","decl":{"start":{"line":114,"column":2},"end":{"line":114,"column":3}},"loc":{"start":{"line":114,"column":29},"end":{"line":123,"column":3}},"line":114},"6":{"name":"(anonymous_6)","decl":{"start":{"line":128,"column":2},"end":{"line":128,"column":3}},"loc":{"start":{"line":128,"column":46},"end":{"line":137,"column":3}},"line":128}},"branchMap":{},"s":{"0":0,"1":0,"2":0,"3":0,"4":0,"5":0,"6":0,"7":0,"8":0,"9":0,"10":0,"11":0,"12":0,"13":0,"14":0,"15":0,"16":0,"17":0,"18":0,"19":0,"20":0,"21":0,"22":0,"23":0,"24":0,"25":0,"26":0,"27":0,"28":0,"29":0,"30":0,"31":0,"32":0,"33":0,"34":0,"35":2},"f":{"0":0,"1":0,"2":0,"3":0,"4":0,"5":0,"6":0},"b":{},"_coverageSchema":"1a1c01bbd47fc00a2c39e90264f33305004495a9","hash":"68b6add578f563d4ae2d726e34c801dd45575036"}
,"/workspaces/vamos/backend/src/controllers/NotificationsController.js": {"path":"/workspaces/vamos/backend/src/controllers/NotificationsController.js","statementMap":{"0":{"start":{"line":1,"column":16},"end":{"line":1,"column":35}},"1":{"start":{"line":2,"column":11},"end":{"line":2,"column":24}},"2":{"start":{"line":3,"column":13},"end":{"line":3,"column":28}},"3":{"start":{"line":5,"column":17},"end":{"line":5,"column":87}},"4":{"start":{"line":8,"column":14},"end":{"line":8,"column":36}},"5":{"start":{"line":9,"column":2},"end":{"line":9,"column":66}},"6":{"start":{"line":9,"column":27},"end":{"line":9,"column":66}},"7":{"start":{"line":10,"column":2},"end":{"line":10,"column":73}},"8":{"start":{"line":10,"column":32},"end":{"line":10,"column":73}},"9":{"start":{"line":14,"column":2},"end":{"line":14,"column":15}},"10":{"start":{"line":15,"column":2},"end":{"line":20,"column":3}},"11":{"start":{"line":16,"column":16},"end":{"line":16,"column":49}},"12":{"start":{"line":17,"column":4},"end":{"line":17,"column":35}},"13":{"start":{"line":19,"column":4},"end":{"line":19,"column":14}},"14":{"start":{"line":24,"column":2},"end":{"line":24,"column":15}},"15":{"start":{"line":25,"column":2},"end":{"line":25,"column":68}},"16":{"start":{"line":29,"column":20},"end":{"line":29,"column":92}},"17":{"start":{"line":30,"column":21},"end":{"line":30,"column":50}},"18":{"start":{"line":31,"column":2},"end":{"line":36,"column":3}},"19":{"start":{"line":33,"column":17},"end":{"line":33,"column":44}},"20":{"start":{"line":34,"column":4},"end":{"line":34,"column":85}},"21":{"start":{"line":35,"column":4},"end":{"line":35,"column":58}},"22":{"start":{"line":37,"column":2},"end":{"line":37,"column":80}},"23":{"start":{"line":38,"column":2},"end":{"line":38,"column":41}},"24":{"start":{"line":41,"column":32},"end":{"line":107,"column":1}},"25":{"start":{"line":43,"column":4},"end":{"line":56,"column":5}},"26":{"start":{"line":44,"column":18},"end":{"line":44,"column":26}},"27":{"start":{"line":45,"column":6},"end":{"line":45,"column":97}},"28":{"start":{"line":45,"column":33},"end":{"line":45,"column":97}},"29":{"start":{"line":46,"column":19},"end":{"line":46,"column":29}},"30":{"start":{"line":47,"column":21},"end":{"line":47,"column":64}},"31":{"start":{"line":47,"column":36},"end":{"line":47,"column":63}},"32":{"start":{"line":48,"column":6},"end":{"line":51,"column":7}},"33":{"start":{"line":49,"column":8},"end":{"line":49,"column":23}},"34":{"start":{"line":50,"column":8},"end":{"line":50,"column":23}},"35":{"start":{"line":52,"column":6},"end":{"line":52,"column":41}},"36":{"start":{"line":54,"column":6},"end":{"line":54,"column":42}},"37":{"start":{"line":55,"column":6},"end":{"line":55,"column":76}},"38":{"start":{"line":60,"column":4},"end":{"line":70,"column":5}},"39":{"start":{"line":61,"column":27},"end":{"line":61,"column":35}},"40":{"start":{"line":62,"column":6},"end":{"line":62,"column":83}},"41":{"start":{"line":62,"column":21},"end":{"line":62,"column":83}},"42":{"start":{"line":63,"column":19},"end":{"line":63,"column":29}},"43":{"start":{"line":64,"column":23},"end":{"line":64,"column":64}},"44":{"start":{"line":64,"column":40},"end":{"line":64,"column":63}},"45":{"start":{"line":65,"column":6},"end":{"line":65,"column":25}},"46":{"start":{"
[...]
,"/workspaces/vamos/backend/src/utils/scheduler.js": {"path":"/workspaces/vamos/backend/src/utils/scheduler.js","statementMap":{"0":{"start":{"line":6,"column":13},"end":{"line":6,"column":33}},"1":{"start":{"line":7,"column":28},"end":{"line":7,"column":54}},"2":{"start":{"line":8,"column":26},"end":{"line":8,"column":66}},"3":{"start":{"line":9,"column":15},"end":{"line":9,"column":34}},"4":{"start":{"line":16,"column":4},"end":{"line":16,"column":46}},"5":{"start":{"line":19,"column":4},"end":{"line":22,"column":7}},"6":{"start":{"line":20,"column":6},"end":{"line":20,"column":60}},"7":{"start":{"line":21,"column":6},"end":{"line":21,"column":50}},"8":{"start":{"line":25,"column":4},"end":{"line":28,"column":7}},"9":{"start":{"line":26,"column":6},"end":{"line":26,"column":61}},"10":{"start":{"line":27,"column":6},"end":{"line":27,"column":41}},"11":{"start":{"line":31,"column":4},"end":{"line":34,"column":7}},"12":{"start":{"line":32,"column":6},"end":{"line":32,"column":54}},"13":{"start":{"line":33,"column":6},"end":{"line":33,"column":36}},"14":{"start":{"line":37,"column":4},"end":{"line":40,"column":7}},"15":{"start":{"line":38,"column":6},"end":{"line":38,"column":50}},"16":{"start":{"line":39,"column":6},"end":{"line":39,"column":34}},"17":{"start":{"line":43,"column":4},"end":{"line":46,"column":7}},"18":{"start":{"line":44,"column":6},"end":{"line":44,"column":55}},"19":{"start":{"line":45,"column":6},"end":{"line":45,"column":42}},"20":{"start":{"line":48,"column":4},"end":{"line":48,"column":54}},"21":{"start":{"line":55,"column":4},"end":{"line":64,"column":5}},"22":{"start":{"line":61,"column":6},"end":{"line":61,"column":43}},"23":{"start":{"line":63,"column":6},"end":{"line":63,"column":60}},"24":{"start":{"line":71,"column":4},"end":{"line":81,"column":5}},"25":{"start":{"line":78,"column":6},"end":{"line":78,"column":43}},"26":{"start":{"line":80,"column":6},"end":{"line":80,"column":55}},"27":{"start":{"line":88,"column":4},"end":{"line":94,"column":5}},"28":{"start":{"line":91,"column":6},"end":{"line":91,"column":48}},"29":{"start":{"line":93,"column":6},"end":{"line":93,"column":53}},"30":{"start":{"line":101,"column":4},"end":{"line":107,"column":5}},"31":{"start":{"line":104,"column":6},"end":{"line":104,"column":40}},"32":{"start":{"line":106,"column":6},"end":{"line":106,"column":61}},"33":{"start":{"line":114,"column":16},"end":{"line":114,"column":26}},"34":{"start":{"line":115,"column":26},"end":{"line":115,"column":55}},"35":{"start":{"line":116,"column":32},"end":{"line":116,"column":77}},"36":{"start":{"line":118,"column":4},"end":{"line":118,"column":63}},"37":{"start":{"line":125,"column":4},"end":{"line":125,"column":37}},"38":{"start":{"line":129,"column":0},"end":{"line":129,"column":27}}},"fnMap":{"0":{"name":"(anonymous_0)","decl":{"start":{"line":15,"column":2},"end":{"line":15,"column":3}},"loc":{"start":{"line":15,"column":16},"end":{"line":49,"column":3}},"line":15},"1":{"name":"(anonymous_1)","decl":{"start":{"line":19,"column":32},"end":{"line":19,"column":33}},"loc":{"start":{"line":19,"column":44},"end":{"line":22,"column":5}},"line":19},"2":{"name":"(anonymous_2)","decl":{"start":{"line":25,"column":31},"end":{"line":25,"column":32}},"loc":{"start":{"line":25,"column":43},"end":{"line":28,"column":5}},"line":25},"3":{"name":"(anonymous_3)","decl":{"start":{"line":31,"column":33},"end":{"line":31,"column":34}},"loc":{"start":{"line":31,"column":45},"end":{"line":34,"column":5}},"line":31},"4":{"name":"(anonymous_4)","decl":{"start":{"line":37,"column":31},"end":{"line":37,"column":32}},"loc":{"start":{"line":37,"column":43},"end":{"line":40,"column":5}},"line":37},"5":{"name":"(anonymous_5)","decl":{"start":{"line":43,"column":31},"end":{"line":43,"column":32}},"loc":{"start":{"line":43,"column":43},"end":{"line":46,"column":5}},"line":43},"6":{"name":"(anonymous_6)","decl":{"start":{"line":54,"column":2},"end":{"line":54,"column":3}},"loc":{"start":{"line":54,"column":39},"end":{"line":65,"column":3}},"line":54},"7":{"name":"(anonymous_7)","decl":{"start":{"line":70,"column":2},"end":{"line":70,"column":3}},"loc":{"start":{"line":70,"column":34},"end":{"line":82,"column":3}},"line":70},"8":{"name":"(anonymous_8)","decl":{"start":{"line":87,"column":2},"end":{"line":87,"column":3}},"loc":{"start":{"line":87,"column":32},"end":{"line":95,"column":3}},"line":87},"9":{"name":"(anonymous_9)","decl":{"start":{"line":100,"column":2},"end":{"line":100,"column":3}},"loc":{"start":{"line":100,"column":40},"end":{"line":108,"column":3}},"line":100},"10":{"name":"(anonymous_10)","decl":{"start":{"line":113,"column":2},"end":{"line":113,"column":3}},"loc":{"start":{"line":113,"column":33},"end":{"line":119,"column":3}},"line":113},"11":{"name":"(anonymous_11)","decl":{"start":{"line":124,"column":2},"end":{"line":124,"column":3}},"loc":{"start":{"line":124,"column":43},"end":{"line":126,"column":3}},"line":124}},"branchMap":{"0":{"loc":{"start":{"line":118,"column":11},"end":{"line":118,"column":62}},"type":"binary-expr","locations":[{"start":{"line":118,"column":11},"end":{"line":118,"column":35}},{"start":{"line":118,"column":39},"end":{"line":118,"column":62}}],"line":118}},"s":{"0":1,"1":1,"2":1,"3":1,"4":0,"5":0,"6":0,"7":0,"8":0,"9":0,"10":0,"11":0,"12":0,"13":0,"14":0,"15":0,"16":0,"17":0,"18":0,"19":0,"20":0,"21":0,"22":0,"23":0,"24":0,"25":0,"26":0,"27":0,"28":0,"29":0,"30":0,"31":0,"32":0,"33":0,"34":0,"35":0,"36":0,"37":0,"38":1},"f":{"0":0,"1":0,"2":0,"3":0,"4":0,"5":0,"6":0,"7":0,"8":0,"9":0,"10":0,"11":0},"b":{"0":[0,0]},"_coverageSchema":"1a1c01bbd47fc00a2c39e90264f33305004495a9","hash":"b0cf4a796e62117f01f2405b6c7c210d32e6debe"}
,"/workspaces/vamos/backend/src/utils/validation.js": {"path":"/workspaces/vamos/backend/src/utils/validation.js","statementMap":{"0":{"start":{"line":6,"column":22},"end":{"line":9,"column":1}},"1":{"start":{"line":7,"column":16},"end":{"line":7,"column":44}},"2":{"start":{"line":8,"column":2},"end":{"line":8,"column":27}},"3":{"start":{"line":11,"column":25},"end":{"line":15,"column":1}},"4":{"start":{"line":13,"column":16},"end":{"line":13,"column":75}},"5":{"start":{"line":14,"column":2},"end":{"line":14,"column":30}},"6":{"start":{"line":17,"column":28},"end":{"line":21,"column":1}},"7":{"start":{"line":19,"column":16},"end":{"line":19,"column":58}},"8":{"start":{"line":20,"column":2},"end":{"line":20,"column":27}},"9":{"start":{"line":23,"column":20},"end":{"line":27,"column":1}},"10":{"start":{"line":25,"column":16},"end":{"line":25,"column":32}},"11":{"start":{"line":26,"column":2},"end":{"line":26,"column":25}},"12":{"start":{"line":29,"column":21},"end":{"line":33,"column":1}},"13":{"start":{"line":31,"column":16},"end":{"line":31,"column":55}},"14":{"start":{"line":32,"column":2},"end":{"line":32,"column":26}},"15":{"start":{"line":35,"column":29},"end":{"line":64,"column":1}},"16":{"start":{"line":36,"column":17},"end":{"line":36,"column":19}},"17":{"start":{"line":38,"column":2},"end":{"line":40,"column":3}},"18":{"start":{"line":39,"column":4},"end":{"line":39,"column":43}},"19":{"start":{"line":42,"column":2},"end":{"line":49,"column":3}},"20":{"start":{"line":43,"column":4},"end":{"line":43,"column":45}},"21":{"start":{"line":45,"column":17},"end":{"line":45,"column":43}},"22":{"start":{"line":46,"column":4},"end":{"line":48,"column":5}},"23":{"start":{"line":47,"column":6},"end":{"line":47,"column":57}},"24":{"start":{"line":51,"column":2},"end":{"line":53,"column":3}},"25":{"start":{"line":52,"column":4},"end":{"line":52,"column":56}},"26":{"start":{"line":55,"column":2},"end":{"line":57,"column":3}},"27":{"start":{"line":56,"column":4},"end":{"line":56,"column":34}},"28":{"start":{"line":59,"column":2},"end":{"line":61,"column":3}},"29":{"start":{"line":60,"column":4},"end":{"line":60,"column":50}},"30":{"start":{"line":63,"column":2},"end":{"line":63,"column":48}},"31":{"start":{"line":66,"column":29},"end":{"line":82,"column":1}},"32":{"start":{"line":67,"column":17},"end":{"line":67,"column":19}},"33":{"start":{"line":69,"column":2},"end":{"line":71,"column":3}},"34":{"start":{"line":70,"column":4},"end":{"line":70,"column":43}},"35":{"start":{"line":73,"column":2},"end":{"line":75,"column":3}},"36":{"start":{"line":74,"column":4},"end":{"line":74,"column":47}},"37":{"start":{"line":77,"column":2},"end":{"line":79,"column":3}},"38":{"start":{"line":78,"column":4},"end":{"line":78,"column":35}},"39":{"start":{"line":81,"column":2},"end":{"line":81,"column":48}},"40":{"start":{"line":84,"column":28},"end":{"line":100,"column":1}},"41":{"start":{"line":85,"column":17},"end":{"line":85,"column":19}},"42":{"start":{"line":87,"column":2},"end":{"line":89,"column":3}},"43":{"start":{"line":88,"column":4},"end":{"line":88,"column":43}},"44":{"start":{"line":91,"column":2},"end":{"line":93,"column":3}},"45":{"start":{"line":92,"column":4},"end":{"line":92,"column":49}},"46":{"start":{"line":95,"column":2},"end":{"line":97,"column":3}},"47":{"start":{"line":96,"column":4},"end":{"line":96,"column":63}},"48":{"start":{"line":99,"column":2},"end":{"line":99,"column":48}},"49":{"start":{"line":102,"column":33},"end":{"line":122,"column":1}},"50":{"start":{"line":103,"column":17},"end":{"line":103,"column":19}},"51":{"start":{"line":105,"column":2},"end":{"line":107,"column":3}},"52":{"start":{"line":106,"column":4},"end":{"line":106,"column":33}},"53":{"start":{"line":109,"column":2},"end":{"line":111,"column":3}},"54":{"start":{"line":110,"column":4},"end":{"line":110,"column":53}},"55":{"start":{"line":113,"column":2},"end":{"line":115,"column":3}},"56":{"start":{"line":114,"column":4},"end":{"line":114,"column":56}},"57":{"start":{"line":117,"column":2},"end":{"line":119,"column":3}},"58":{"start":{"line":118,"column":4},"end":{"line":118,"column":60}},"59":{"start":{"line":121,"column":2},"end":{"line":121,"column":48}},"60":{"start":{"line":124,"column":0},"end":{"line":134,"column":2}}},"fnMap":{"0":{"name":"(anonymous_0)","decl":{"start":{"line":6,"column":22},"end":{"line":6,"column":23}},"loc":{"start":{"line":6,"column":33},"end":{"line":9,"column":1}},"line":6},"1":{"name":"(anonymous_1)","decl":{"start":{"line":11,"column":25},"end":{"line":11,"column":26}},"loc":{"start":{"line":11,"column":39},"end":{"line":15,"column":1}},"line":11},"2":{"name":"(anonymous_2)","decl":{"start":{"line":17,"column":28},"end":{"line":17,"column":29}},"loc":{"start":{"line":17,"column":39},"end":{"line":21,"column":1}},"line":17},"3":{"name":"(anonymous_3)","decl":{"start":{"line":23,"column":20},"end":{"line":23,"column":21}},"loc":{"start":{"line":23,"column":29},"end":{"line":27,"column":1}},"line":23},"4":{"name":"(anonymous_4)","decl":{"start":{"line":29,"column":21},"end":{"line":29,"column":22}},"loc":{"start":{"line":29,"column":31},"end":{"line":33,"column":1}},"line":29},"5":{"name":"(anonymous_5)","decl":{"start":{"line":35,"column":29},"end":{"line":35,"column":30}},"loc":{"start":{"line":35,"column":39},"end":{"line":64,"column":1}},"line":35},"6":{"name":"(anonymous_6)","decl":{"start":{"line":66,"column":29},"end":{"line":66,"column":30}},"loc":{"start":{"line":66,"column":39},"end":{"line":82,"column":1}},"line":66},"7":{"name":"(anonymous_7)","decl":{"start":{"line":84,"column":28},"end":{"line":84,"column":29}},"loc":{"start":{"line":84,"column":38},"end":{"line":100,"column":1}},"line":84},"8":{"name":"(anonymous_8)","decl":{"start":{"line":102,"column":33},"end":{"line":102,"column":34}},"loc":{"start":{"line":102,"column":43},"end":{"line":122,"column":1}},"line":102}},"branchMap":{"0":{"loc":{"start":{"line":38,"column":2},"end":{"line":40,"column":3}},"type":"if","locations":[{"start":{"line":38,"column":2},"end":{"line":40,"column":3}},{"start":{},"end":{}}],"line":38},"1":{"loc":{"start":{"line":38,"column":6},"end":{"line":38,"column":43}},"type":"binary-expr","locations":[{"start":{"line":38,"column":6},"end":{"line":38,"column":21}},{"start":{"line":38,"column":25},"end":{"line":38,"column":43}}],"line":38},"2":{"loc":{"start":{"line":42,"column":2},"end":{"line":49,"column":3}},"type":"if","locations":[{"start":{"line":42,"column":2},"end":{"line":49,"column":3}},{"start":{"line":44,"column":9},"end":{"line":49,"column":3}}],"line":42},"3":{"loc":{"start":{"line":46,"column":4},"end":{"line":48,"column":5}},"type":"if","locations":[{"start":{"line":46,"column":4},"end":{"line":48,"column":5}},{"start":{},"end":{}}],"line":46},"4":{"loc":{"start":{"line":51,"column":2},"end":{"line":53,"column":3}},"type":"if","locations":[{"start":{"line":51,"column":2},"end":{"line":53,"column":3}},{"start":{},"end":{}}],"line":51},"5":{"loc":{"start":{"line":51,"column":6},"end":{"line":51,"column":53}},"type":"binary-expr","locations":[{"start":{"line":51,"column":6},"end":{"line":51,"column":19}},{"start":{"line":51,"column":23},"end":{"line":51,"column":53}}],"line":51},"6":{"loc":{"start":{"line":55,"column":2},"end":{"line":57,"column":3}},"type":"if","locations":[{"start":{"line":55,"column":2},"end":{"line":57,"column":3}},{"start":{},"end":{}}],"line":55},"7":{"loc":{"start":{"line":55,"column":6},"end":{"line":55,"column":53}},"type":"binary-expr","locations":[{"start":{"line":55,"column":6},"end":{"line":55,"column":17}},{"start":{"line":55,"column":21},"end":{"line":55,"column":53}}],"line":55},"8":{"loc":{"start":{"line":59,"column":2},"end":{"line":61,"column":3}},"type":"if","locations":[{"start":{"line":59,"column":2},"end":{"line":61,"column":3}},{"start":{},"end":{}}],"line":59},"9":{"loc":{"start":{"line":59,"column":6},"end":{"line":59,"column":40}},"type":"binary-expr","locations":[{"start":{"line":59,"column":6},"end":{"line":59,"column":19}},{"start":{"line":59,"column":23},"end":{"line":59,"column":40}}],"line":59},"10":{"loc":{"start":{"line":69,"column":2},"end":{"line":71,"column":3}},"type":"if","locations":[{"start":{"line":69,"column":2},"end":{"line":71,"column":3}},{"start":{},"end":{}}],"line":69},"11":{"loc":{"start":{"line":69,"column":6},"end":{"line":69,"column":43}},"type":"binary-expr","locations":[{"start":{"line":69,"column":6},"end":{"line":69,"column":21}},{"start":{"line":69,"column":25},"end":{"line":69,"column":43}}],"line":69},"12":{"loc":{"start":{"line":73,"column":2},"end":{"line":75,"column":3}},"type":"if","locations":[{"start":{"line":73,"column":2},"end":{"line":75,"column":3}},{"start":{},"end":{}}],"line":73},"13":{"loc":{"start":{"line":73,"column":6},"end":{"line":73,"column":38}},"type":"binary-expr","locations":[{"start":{"line":73,"column":6},"end":{"line":73,"column":18}},{"start":{"line":73,"column":22},"end":{"line":73,"column":38}}],"line":73},"14":{"loc":{"start":{"line":77,"column":2},"end":{"line":79,"column":3}},"type":"if","locations":[{"start":{"line":77,"column":2},"end":{"line":79,"column":3}},{"start":{},"end":{}}],"line":77},"15":{"loc":{"start":{"line":87,"column":2},"end":{"line":89,"column":3}},"type":"if","locations":[{"start":{"line":87,"column":2},"end":{"line":89,"column":3}},{"start":{},"end":{}}],"line":87},"16":{"loc":{"start":{"line":87,"column":6},"end":{"line":87,"column":43}},"type":"binary-expr","locations":[{"start":{"line":87,"column":6},"end":{"line":87,"column":21}},{"start":{"line":87,"column":25},"end":{"line":87,"column":43}}],"line":87},"17":{"loc":{"start":{"line":91,"column":2},"end":{"line":93,"column":3}},"type":"if","locations":[{"start":{"line":91,"column":2},"end":{"line":93,"column":3}},{"start":{},"end":{}}],"line":91},"18":{"loc":{"start":{"line":91,"column":6},"end":{"line":91,"column":56}},"type":"binary-expr","locations":[{"start":{"line":91,"column":6},"end":{"line":91,"column":18}},{"start":{"line":91,"column":22},"end":{"line":91,"column":37}},{"start":{"line":91,"column":41},"end":{"line":91,"column":56}}],"line":91},"19":{"loc":{"start":{"line":95,"column":2},"end":{"line":97,"column":3}},"type":"if","locations":[{"start":{"line":95,"column":2},"end":{"line":97,"column":3}},{"start":{},"end":{}}],"line":95},"20":{"loc":{"start":{"line":95,"column":6},"end":{"line":95,"column":47}},"type":"binary-expr","locations":[{"start":{"line":95,"column":6},"end":{"line":95,"column":18}},{"start":{"line":95,"column":22},"end":{"line":95,"column":47}}],"line":95},"21":{"loc":{"start":{"line":105,"column":2},"end":{"line":107,"column":3}},"type":"if","locations":[{"start":{"line":105,"column":2},"end":{"line":107,"column":3}},{"start":{},"end":{}}],"line":105},"22":{"loc":{"start":{"line":105,"column":6},"end":{"line":105,"column":43}},"type":"binary-expr","locations":[{"start":{"line":105,"column":6},"end":{"line":105,"column":15}},{"start":{"line":105,"column":19},"end":{"line":105,"column":43}}],"line":105},"23":{"loc":{"start":{"line":109,"column":2},"end":{"line":111,"column":3}},"type":"if","locations":[{"start":{"line":109,"column":2},"end":{"line":111,"column":3}},{"start":{},"end":{}}],"line":109},"24":{"loc":{"start":{"line":109,"column":6},"end":{"line":109,"column":46}},"type":"binary-expr","locations":[{"start":{"line":109,"column":6},"end":{"line":109,"column":15}},{"start":{"line":109,"column":19},"end":{"line":109,"column":46}}],"line":109},"25":{"loc":{"start":{"line":113,"column":2},"end":{"line":115,"column":3}},"type":"if","locations":[{"start":{"line":113,"column":2},"end":{"line":115,"column":3}},{"start":{},"end":{}}],"line":113},"26":{"loc":{"start":{"line":113,"column":6},"end":{"line":113,"column":52}},"type":"binary-expr","locations":[{"start":{"line":113,"column":6},"end":{"line":113,"column":18}},{"start":{"line":113,"column":22},"end":{"line":113,"column":52}}],"line":113},"27":{"loc":{"start":{"line":117,"column":2},"end":{"line":119,"column":3}},"type":"if","locations":[{"start":{"line":117,"column":2},"end":{"line":119,"column":3}},{"start":{},"end":{}}],"line":117},"28":{"loc":{"start":{"line":117,"column":6},"end":{"line":117,"column":76}},"type":"binary-expr","locations":[{"start":{"line":117,"column":6},"end":{"line":117,"column":14}},{"start":{"line":117,"column":18},"end":{"line":117,"column":42}},{"start":{"line":117,"column":46},"end":{"line":117,"column":76}}],"line":117}},"s":{"0":0,"1":0,"2":0,"3":0,"4":0,"5":0,"6":0,"7":0,"8":0,"9":0,"10":0,"11":0,"12":0,"13":0,"14":0,"15":0,"16":0,"17":0,"18":0,"19":0,"20":0,"21":0,"22":0,"23":0,"24":0,"25":0,"26":0,"27":0,"28":0,"29":0,"30":0,"31":0,"32":0,"33":0,"34":0,"35":0,"36":0,"37":0,"38":0,"39":0,"40":0,"41":0,"42":0,"43":0,"44":0,"45":0,"46":0,"47":0,"48":0,"49":0,"50":0,"51":0,"52":0,"53":0,"54":0,"55":0,"56":0,"57":0,"58":0,"59":0,"60":0},"f":{"0":0,"1":0,"2":0,"3":0,"4":0,"5":0,"6":0,"7":0,"8":0},"b":{"0":[0,0],"1":[0,0],"2":[0,0],"3":[0,0],"4":[0,0],"5":[0,0],"6":[0,0],"7":[0,0],"8":[0,0],"9":[0,0],"10":[0,0],"11":[0,0],"12":[0,0],"13":[0,0],"14":[0,0],"15":[0,0],"16":[0,0],"17":[0,0],"18":[0,0,0],"19":[0,0],"20":[0,0],"21":[0,0],"22":[0,0],"23":[0,0],"24":[0,0],"25":[0,0],"26":[0,0],"27":[0,0],"28":[0,0,0]}}
}
