TN:
SF:src/controllers/AdminController.js
FN:11,(anonymous_0)
FN:12,(anonymous_1)
FN:13,(anonymous_2)
FN:14,(anonymous_3)
FN:21,(anonymous_4)
FN:22,(anonymous_5)
FN:23,(anonymous_6)
FN:34,(anonymous_7)
FN:102,(anonymous_8)
FN:144,(anonymous_9)
FN:200,(anonymous_10)
FN:224,(anonymous_11)
FN:252,(anonymous_12)
FN:287,(anonymous_13)
FNF:14
FNH:5
FNDA:7,(anonymous_0)
FNDA:7,(anonymous_1)
FNDA:7,(anonymous_2)
FNDA:7,(anonymous_3)
FNDA:0,(anonymous_4)
FNDA:0,(anonymous_5)
FNDA:0,(anonymous_6)
FNDA:7,(anonymous_7)
FNDA:0,(anonymous_8)
FNDA:0,(anonymous_9)
FNDA:0,(anonymous_10)
FNDA:0,(anonymous_11)
FNDA:0,(anonymous_12)
FNDA:0,(anonymous_13)
DA:6,2
DA:7,2
DA:9,2
DA:11,7
DA:12,2
DA:13,7
DA:14,7
DA:15,7
DA:16,0
DA:21,2
DA:22,0
DA:23,0
DA:24,0
DA:25,0
DA:35,7
DA:36,7
DA:37,7
DA:40,7
DA:49,0
DA:52,0
DA:60,0
DA:63,0
DA:77,0
DA:80,0
DA:88,0
DA:90,0
DA:91,0
DA:93,7
DA:94,7
DA:95,7
DA:103,0
DA:104,0
DA:105,0
DA:108,0
DA:109,0
DA:110,0
DA:111,0
DA:112,0
DA:113,0
DA:115,0
DA:116,0
DA:119,0
DA:131,0
DA:132,0
DA:133,0
DA:135,0
DA:136,0
DA:137,0
DA:145,0
DA:146,0
DA:147,0
DA:149,0
DA:167,0
DA:169,0
DA:170,0
DA:171,0
DA:174,0
DA:175,0
DA:176,0
DA:179,0
DA:180,0
DA:181,0
DA:184,0
DA:185,0
DA:187,0
DA:188,0
DA:189,0
DA:191,0
DA:192,0
DA:193,0
DA:201,0
DA:202,0
DA:203,0
DA:212,0
DA:213,0
DA:215,0
DA:216,0
DA:217,0
DA:225,0
DA:226,0
DA:227,0
DA:240,0
DA:241,0
DA:243,0
DA:244,0
DA:245,0
DA:253,0
DA:254,0
DA:255,0
DA:275,0
DA:276,0
DA:278,0
DA:279,0
DA:280,0
DA:288,0
DA:289,0
DA:290,0
DA:292,0
DA:308,0
DA:309,0
DA:310,0
DA:311,0
DA:314,0
DA:316,0
DA:317,0
DA:318,0
DA:320,0
DA:321,0
DA:322,0
DA:327,2
LF:110
LH:17
BRDA:12,0,0,7
BRDA:15,1,0,7
BRDA:15,1,1,0
BRDA:21,2,0,0
BRDA:24,3,0,0
BRDA:24,3,1,0
BRDA:25,4,0,0
BRDA:25,4,1,0
BRDA:105,5,0,0
BRDA:108,6,0,0
BRDA:108,6,1,0
BRDA:111,7,0,0
BRDA:111,7,1,0
BRDA:147,8,0,0
BRDA:147,9,0,0
BRDA:169,10,0,0
BRDA:169,10,1,0
BRDA:174,11,0,0
BRDA:174,11,1,0
BRDA:179,12,0,0
BRDA:179,12,1,0
BRDA:309,13,0,0
BRDA:309,13,1,0
BRF:23
BRH:2
end_of_record
TN:
SF:src/controllers/AuthController.js
FN:12,validateCNPJ
FN:57,(anonymous_1)
FN:217,(anonymous_2)
FN:298,(anonymous_3)
FN:313,(anonymous_4)
FN:314,(anonymous_5)
FN:324,(anonymous_6)
FN:325,(anonymous_7)
FN:361,(anonymous_8)
FN:373,(anonymous_9)
FNF:10
FNH:4
FNDA:0,validateCNPJ
FNDA:13,(anonymous_1)
FNDA:9,(anonymous_2)
FNDA:0,(anonymous_3)
FNDA:0,(anonymous_4)
FNDA:0,(anonymous_5)
FNDA:0,(anonymous_6)
FNDA:0,(anonymous_7)
FNDA:2,(anonymous_8)
FNDA:3,(anonymous_9)
DA:6,2
DA:7,2
DA:8,2
DA:9,2
DA:13,0
DA:16,0
DA:18,0
DA:21,0
DA:22,0
DA:25,0
DA:26,0
DA:27,0
DA:29,0
DA:31,0
DA:32,0
DA:33,0
DA:36,0
DA:37,0
DA:38,0
DA:40,0
DA:44,2
DA:45,2
DA:46,2
DA:48,2
DA:49,0
DA:50,0
DA:58,13
DA:80,13
DA:83,12
DA:84,6
DA:90,6
DA:91,6
DA:92,1
DA:98,5
DA:99,5
DA:100,0
DA:106,5
DA:107,1
DA:108,1
DA:109,0
DA:115,1
DA:116,0
DA:117,0
DA:126,5
DA:131,4
DA:132,0
DA:139,4
DA:142,4
DA:143,0
DA:144,0
DA:149,0
DA:150,0
DA:157,4
DA:170,4
DA:173,1
DA:184,1
DA:190,1
DA:207,5
DA:208,5
DA:218,9
DA:219,9
DA:221,9
DA:222,1
DA:228,8
DA:233,4
DA:234,2
DA:239,2
DA:240,2
DA:246,0
DA:247,0
DA:248,0
DA:254,0
DA:265,0
DA:271,0
DA:288,4
DA:289,4
DA:299,0
DA:300,0
DA:301,0
DA:304,0
DA:312,0
DA:313,0
DA:314,0
DA:317,0
DA:318,0
DA:323,0
DA:324,0
DA:325,0
DA:327,0
DA:333,0
DA:335,0
DA:351,0
DA:352,0
DA:364,2
DA:374,3
DA:375,3
DA:377,3
DA:378,0
DA:383,3
DA:388,2
DA:390,2
DA:391,2
DA:396,0
DA:407,0
DA:413,1
DA:414,1
DA:421,2
LF:107
LH:54
BRDA:13,0,0,0
BRDA:13,0,1,0
BRDA:16,1,0,0
BRDA:16,1,1,0
BRDA:26,2,0,0
BRDA:26,2,1,0
BRDA:29,3,0,0
BRDA:29,3,1,0
BRDA:37,4,0,0
BRDA:37,4,1,0
BRDA:44,5,0,2
BRDA:44,5,1,2
BRDA:45,6,0,2
BRDA:45,6,1,2
BRDA:48,7,0,0
BRDA:48,7,1,2
BRDA:48,8,0,2
BRDA:48,8,1,0
BRDA:48,8,2,0
BRDA:65,9,0,11
BRDA:83,10,0,6
BRDA:83,10,1,6
BRDA:83,11,0,12
BRDA:83,11,1,8
BRDA:83,11,2,6
BRDA:83,11,3,6
BRDA:91,12,0,1
BRDA:91,12,1,5
BRDA:99,13,0,0
BRDA:99,13,1,5
BRDA:106,14,0,1
BRDA:106,14,1,4
BRDA:108,15,0,0
BRDA:108,15,1,1
BRDA:115,16,0,0
BRDA:115,16,1,1
BRDA:116,17,0,0
BRDA:116,17,1,0
BRDA:131,18,0,0
BRDA:131,18,1,4
BRDA:142,19,0,0
BRDA:142,19,1,4
BRDA:143,20,0,0
BRDA:143,20,1,0
BRDA:143,21,0,0
BRDA:143,21,1,0
BRDA:149,22,0,0
BRDA:149,22,1,0
BRDA:149,23,0,0
BRDA:149,23,1,0
BRDA:221,24,0,1
BRDA:221,24,1,8
BRDA:221,25,0,9
BRDA:221,25,1,9
BRDA:233,26,0,2
BRDA:233,26,1,2
BRDA:239,27,0,2
BRDA:239,27,1,0
BRDA:247,28,0,0
BRDA:247,28,1,0
BRDA:317,29,0,0
BRDA:317,29,1,0
BRDA:377,30,0,0
BRDA:377,30,1,3
BRDA:390,31,0,2
BRDA:390,31,1,0
BRF:66
BRH:31
end_of_record
TN:
SF:src/controllers/BookingController.js
FN:13,(anonymous_0)
FN:14,(anonymous_1)
FN:15,(anonymous_2)
FN:16,(anonymous_3)
FN:23,(anonymous_4)
FN:24,(anonymous_5)
FN:25,(anonymous_6)
FN:32,(anonymous_7)
FN:33,(anonymous_8)
FN:34,(anonymous_9)
FN:45,(anonymous_10)
FN:151,(anonymous_11)
FN:177,(anonymous_12)
FN:253,(anonymous_13)
FN:309,(anonymous_14)
FN:340,(anonymous_15)
FN:379,(anonymous_16)
FNF:17
FNH:11
FNDA:18,(anonymous_0)
FNDA:10,(anonymous_1)
FNDA:10,(anonymous_2)
FNDA:10,(anonymous_3)
FNDA:3,(anonymous_4)
FNDA:3,(anonymous_5)
FNDA:3,(anonymous_6)
FNDA:0,(anonymous_7)
FNDA:0,(anonymous_8)
FNDA:0,(anonymous_9)
FNDA:8,(anonymous_10)
FNDA:0,(anonymous_11)
FNDA:2,(anonymous_12)
FNDA:5,(anonymous_13)
FNDA:3,(anonymous_14)
FNDA:0,(anonymous_15)
FNDA:0,(anonymous_16)
DA:6,6
DA:7,6
DA:8,6
DA:10,6
DA:13,18
DA:14,6
DA:15,10
DA:16,10
DA:17,10
DA:18,2
DA:23,6
DA:24,3
DA:25,3
DA:26,3
DA:27,3
DA:32,6
DA:33,0
DA:34,0
DA:35,0
DA:36,0
DA:46,8
DA:47,8
DA:60,8
DA:62,8
DA:63,7
DA:69,1
DA:70,1
DA:71,1
DA:75,0
DA:76,0
DA:77,0
DA:81,0
DA:97,0
DA:99,0
DA:100,0
DA:101,0
DA:102,0
DA:103,0
DA:106,0
DA:107,0
DA:110,0
DA:117,0
DA:130,0
DA:131,0
DA:133,0
DA:134,0
DA:142,0
DA:143,0
DA:144,0
DA:152,0
DA:153,0
DA:154,0
DA:156,0
DA:165,0
DA:166,0
DA:168,0
DA:169,0
DA:170,0
DA:178,2
DA:179,2
DA:180,2
DA:181,2
DA:183,2
DA:184,1
DA:185,1
DA:191,1
DA:197,1
DA:198,1
DA:199,1
DA:202,1
DA:203,1
DA:204,1
DA:207,1
DA:208,1
DA:209,1
DA:213,1
DA:222,1
DA:223,1
DA:237,0
DA:238,0
DA:244,0
DA:245,0
DA:246,0
DA:254,5
DA:255,5
DA:256,5
DA:257,5
DA:259,5
DA:260,5
DA:261,0
DA:262,0
DA:267,5
DA:268,5
DA:270,5
DA:271,1
DA:272,1
DA:275,5
DA:276,4
DA:277,4
DA:280,5
DA:281,0
DA:282,0
DA:285,5
DA:286,5
DA:288,5
DA:290,0
DA:292,0
DA:293,0
DA:300,5
DA:301,5
DA:302,5
DA:310,3
DA:311,3
DA:312,3
DA:313,3
DA:315,3
DA:316,3
DA:321,0
DA:323,0
DA:324,0
DA:331,3
DA:332,3
DA:333,3
DA:341,0
DA:342,0
DA:343,0
DA:345,0
DA:350,0
DA:351,0
DA:352,0
DA:355,0
DA:357,0
DA:358,0
DA:370,0
DA:371,0
DA:372,0
DA:380,0
DA:381,0
DA:382,0
DA:383,0
DA:385,0
DA:386,0
DA:387,0
DA:388,0
DA:393,0
DA:399,0
DA:400,0
DA:402,0
DA:403,0
DA:410,0
DA:411,0
DA:412,0
DA:417,6
LF:153
LH:75
BRDA:14,0,0,0
BRDA:17,1,0,8
BRDA:17,1,1,2
BRDA:23,2,0,0
BRDA:26,3,0,0
BRDA:26,3,1,3
BRDA:32,4,0,0
BRDA:35,5,0,0
BRDA:35,5,1,0
BRDA:36,6,0,0
BRDA:36,6,1,0
BRDA:55,7,0,8
BRDA:56,8,0,8
BRDA:57,9,0,8
BRDA:58,10,0,8
BRDA:59,11,0,7
BRDA:62,12,0,7
BRDA:62,12,1,1
BRDA:62,13,0,8
BRDA:62,13,1,1
BRDA:62,13,2,1
BRDA:62,13,3,1
BRDA:62,13,4,1
BRDA:62,13,5,1
BRDA:70,14,0,1
BRDA:70,14,1,0
BRDA:76,15,0,0
BRDA:76,15,1,0
BRDA:89,16,0,0
BRDA:89,16,1,0
BRDA:90,17,0,0
BRDA:90,17,1,0
BRDA:91,18,0,0
BRDA:91,18,1,0
BRDA:106,19,0,0
BRDA:106,19,1,0
BRDA:106,20,0,0
BRDA:106,20,1,0
BRDA:106,20,2,0
BRDA:127,21,0,0
BRDA:127,21,1,0
BRDA:183,22,0,1
BRDA:183,22,1,1
BRDA:183,23,0,2
BRDA:183,23,1,2
BRDA:183,23,2,2
BRDA:193,24,0,1
BRDA:193,24,1,1
BRDA:197,25,0,1
BRDA:197,25,1,0
BRDA:202,26,0,1
BRDA:202,26,1,0
BRDA:207,27,0,1
BRDA:207,27,1,0
BRDA:207,28,0,1
BRDA:207,28,1,1
BRDA:225,29,0,1
BRDA:225,29,1,0
BRDA:260,30,0,0
BRDA:260,30,1,5
BRDA:260,31,0,5
BRDA:260,31,1,1
BRDA:270,32,0,1
BRDA:270,32,1,4
BRDA:275,33,0,4
BRDA:275,33,1,1
BRDA:280,34,0,0
BRDA:280,34,1,5
BRDA:315,35,0,2
BRDA:315,35,1,1
BRDA:350,36,0,0
BRDA:350,36,1,0
BRDA:361,37,0,0
BRDA:361,37,1,0
BRDA:362,38,0,0
BRDA:362,38,1,0
BRDA:363,39,0,0
BRDA:363,39,1,0
BRDA:364,40,0,0
BRDA:364,40,1,0
BRDA:386,41,0,0
BRDA:386,41,1,0
BRF:82
BRH:40
end_of_record
TN:
SF:src/controllers/NewsletterController.js
FN:15,(anonymous_0)
FN:97,(anonymous_1)
FN:150,(anonymous_2)
FN:159,(anonymous_3)
FN:213,(anonymous_4)
FN:284,(anonymous_5)
FNF:6
FNH:0
FNDA:0,(anonymous_0)
FNDA:0,(anonymous_1)
FNDA:0,(anonymous_2)
FNDA:0,(anonymous_3)
FNDA:0,(anonymous_4)
FNDA:0,(anonymous_5)
DA:6,2
DA:7,2
DA:8,2
DA:16,0
DA:17,0
DA:20,0
DA:21,0
DA:28,0
DA:29,0
DA:36,0
DA:37,0
DA:42,0
DA:43,0
DA:50,0
DA:51,0
DA:53,0
DA:65,0
DA:66,0
DA:67,0
DA:68,0
DA:70,0
DA:74,0
DA:85,0
DA:86,0
DA:98,0
DA:99,0
DA:101,0
DA:102,0
DA:108,0
DA:111,0
DA:116,0
DA:117,0
DA:124,0
DA:125,0
DA:132,0
DA:134,0
DA:139,0
DA:140,0
DA:151,0
DA:152,0
DA:160,0
DA:161,0
DA:163,0
DA:165,0
DA:167,0
DA:168,0
DA:170,0
DA:171,0
DA:172,0
DA:175,0
DA:176,0
DA:178,0
DA:181,0
DA:182,0
DA:183,0
DA:185,0
DA:190,0
DA:201,0
DA:202,0
DA:214,0
DA:215,0
DA:217,0
DA:218,0
DA:224,0
DA:227,0
DA:232,0
DA:233,0
DA:240,0
DA:241,0
DA:242,0
DA:244,0
DA:245,0
DA:246,0
DA:253,0
DA:255,0
DA:256,0
DA:260,0
DA:262,0
DA:272,0
DA:273,0
DA:285,0
DA:286,0
DA:288,0
DA:293,0
DA:298,0
DA:302,0
DA:307,0
DA:318,0
DA:319,0
DA:327,2
LF:90
LH:4
BRDA:20,0,0,0
BRDA:20,0,1,0
BRDA:20,1,0,0
BRDA:20,1,1,0
BRDA:28,2,0,0
BRDA:28,2,1,0
BRDA:28,3,0,0
BRDA:28,3,1,0
BRDA:42,4,0,0
BRDA:42,4,1,0
BRDA:58,5,0,0
BRDA:58,5,1,0
BRDA:80,6,0,0
BRDA:80,6,1,0
BRDA:101,7,0,0
BRDA:101,7,1,0
BRDA:101,8,0,0
BRDA:101,8,1,0
BRDA:116,9,0,0
BRDA:116,9,1,0
BRDA:161,10,0,0
BRDA:161,11,0,0
BRDA:161,12,0,0
BRDA:170,13,0,0
BRDA:170,13,1,0
BRDA:170,14,0,0
BRDA:170,14,1,0
BRDA:182,15,0,0
BRDA:182,15,1,0
BRDA:182,16,0,0
BRDA:182,16,1,0
BRDA:187,17,0,0
BRDA:187,17,1,0
BRDA:187,18,0,0
BRDA:187,18,1,0
BRDA:217,19,0,0
BRDA:217,19,1,0
BRDA:217,20,0,0
BRDA:217,20,1,0
BRDA:232,21,0,0
BRDA:232,21,1,0
BRDA:248,22,0,0
BRDA:248,22,1,0
BRF:43
BRH:0
end_of_record
TN:
SF:src/controllers/NotificationController.js
FN:10,(anonymous_0)
FN:35,(anonymous_1)
FN:57,(anonymous_2)
FN:78,(anonymous_3)
FN:100,(anonymous_4)
FN:114,(anonymous_5)
FN:128,(anonymous_6)
FNF:7
FNH:0
FNDA:0,(anonymous_0)
FNDA:0,(anonymous_1)
FNDA:0,(anonymous_2)
FNDA:0,(anonymous_3)
FNDA:0,(anonymous_4)
FNDA:0,(anonymous_5)
FNDA:0,(anonymous_6)
DA:11,0
DA:24,0
DA:25,0
DA:27,0
DA:28,0
DA:36,0
DA:46,0
DA:47,0
DA:49,0
DA:50,0
DA:58,0
DA:67,0
DA:68,0
DA:70,0
DA:71,0
DA:79,0
DA:89,0
DA:90,0
DA:92,0
DA:93,0
DA:101,0
DA:103,0
DA:104,0
DA:106,0
DA:107,0
DA:115,0
DA:117,0
DA:118,0
DA:120,0
DA:121,0
DA:129,0
DA:131,0
DA:132,0
DA:134,0
DA:135,0
DA:140,2
LF:36
LH:1
BRF:0
BRH:0
end_of_record
TN:
SF:src/controllers/NotificationsController.js
FN:7,ensureFile
FN:13,loadSubs
FN:23,saveSubs
FN:28,ensureVapid
FN:42,(anonymous_4)
FN:47,(anonymous_5)
FN:59,(anonymous_6)
FN:64,(anonymous_7)
FN:73,(anonymous_8)
FN:81,(anonymous_9)
FN:81,(anonymous_10)
FN:85,(anonymous_11)
FN:101,(anonymous_12)
FNF:13
FNH:9
FNDA:3,ensureFile
FNDA:2,loadSubs
FNDA:1,saveSubs
FNDA:2,ensureVapid
FNDA:1,(anonymous_4)
FNDA:0,(anonymous_5)
FNDA:0,(anonymous_6)
FNDA:0,(anonymous_7)
FNDA:2,(anonymous_8)
FNDA:1,(anonymous_9)
FNDA:0,(anonymous_10)
FNDA:1,(anonymous_11)
FNDA:1,(anonymous_12)
DA:1,5
DA:2,5
DA:3,5
DA:5,5
DA:8,3
DA:9,3
DA:10,3
DA:14,2
DA:15,2
DA:16,2
DA:17,2
DA:19,0
DA:24,1
DA:25,1
DA:29,2
DA:30,2
DA:31,2
DA:33,2
DA:34,2
DA:35,2
DA:37,0
DA:38,0
DA:41,5
DA:43,1
DA:44,1
DA:45,1
DA:46,0
DA:47,0
DA:48,0
DA:49,0
DA:50,0
DA:52,0
DA:54,0
DA:55,0
DA:60,0
DA:61,0
DA:62,0
DA:63,0
DA:64,0
DA:65,0
DA:66,0
DA:68,0
DA:69,0
DA:74,2
DA:75,2
DA:76,2
DA:77,2
DA:79,1
DA:81,1
DA:84,1
DA:85,1
DA:86,1
DA:88,0
DA:90,0
DA:94,0
DA:99,1
DA:101,1
DA:103,0
DA:104,0
DA:109,5
LF:60
LH:35
BRDA:9,0,0,0
BRDA:9,0,1,3
BRDA:10,1,0,0
BRDA:10,1,1,3
BRDA:17,2,0,2
BRDA:17,2,1,0
BRDA:29,3,0,2
BRDA:29,3,1,2
BRDA:31,4,0,2
BRDA:31,4,1,0
BRDA:31,5,0,2
BRDA:31,5,1,0
BRDA:45,6,0,1
BRDA:45,6,1,0
BRDA:45,7,0,1
BRDA:45,7,1,0
BRDA:48,8,0,0
BRDA:48,8,1,0
BRDA:62,9,0,0
BRDA:62,9,1,0
BRDA:77,10,0,1
BRDA:77,10,1,1
BRDA:86,11,0,1
BRDA:86,11,1,0
BRDA:88,12,0,0
BRDA:88,12,1,0
BRDA:90,13,0,0
BRDA:90,13,1,0
BRDA:90,14,0,0
BRDA:90,14,1,0
BRDA:90,14,2,0
BRDA:90,14,3,0
BRF:32
BRH:12
end_of_record
TN:
SF:src/controllers/PaymentController.js
FN:19,(anonymous_0)
FN:156,(anonymous_1)
FN:214,(anonymous_2)
FN:248,(anonymous_3)
FNF:4
FNH:4
FNDA:21,(anonymous_0)
FNDA:2,(anonymous_1)
FNDA:3,(anonymous_2)
FNDA:1,(anonymous_3)
DA:7,2
DA:8,2
DA:9,2
DA:10,2
DA:11,2
DA:12,2
DA:20,21
DA:21,21
DA:24,20
DA:25,18
DA:26,18
DA:33,2
DA:36,2
DA:37,2
DA:38,0
DA:39,0
DA:46,2
DA:47,0
DA:48,0
DA:55,2
DA:60,0
DA:61,0
DA:62,0
DA:71,0
DA:73,0
DA:79,0
DA:80,0
DA:81,0
DA:88,0
DA:89,0
DA:95,0
DA:109,0
DA:111,0
DA:112,0
DA:113,0
DA:120,0
DA:121,0
DA:128,0
DA:134,0
DA:136,0
DA:138,0
DA:145,3
DA:146,3
DA:157,2
DA:158,2
DA:160,2
DA:161,0
DA:164,2
DA:166,2
DA:167,1
DA:171,1
DA:173,1
DA:178,1
DA:180,1
DA:186,0
DA:191,0
DA:195,0
DA:202,1
DA:203,1
DA:215,3
DA:216,3
DA:219,3
DA:220,3
DA:223,0
DA:234,0
DA:236,0
DA:237,0
DA:249,1
DA:250,1
DA:253,1
DA:254,1
DA:258,0
DA:259,0
DA:260,0
DA:264,0
DA:265,0
DA:269,0
DA:274,0
DA:276,0
DA:278,0
DA:284,0
DA:285,0
DA:293,2
LF:83
LH:39
BRDA:24,0,0,18
BRDA:24,0,1,2
BRDA:24,1,0,20
BRDA:24,1,1,17
BRDA:24,1,2,15
BRDA:24,1,3,15
BRDA:37,2,0,0
BRDA:37,2,1,2
BRDA:37,3,0,2
BRDA:37,3,1,2
BRDA:37,3,2,2
BRDA:46,4,0,0
BRDA:46,4,1,2
BRDA:60,5,0,0
BRDA:60,5,1,0
BRDA:71,6,0,0
BRDA:71,6,1,0
BRDA:79,7,0,0
BRDA:79,7,1,0
BRDA:111,8,0,0
BRDA:111,8,1,0
BRDA:160,9,0,0
BRDA:160,9,1,2
BRDA:166,10,0,1
BRDA:166,10,1,1
BRDA:171,11,0,1
BRDA:171,11,1,0
BRDA:178,12,0,1
BRDA:178,12,1,0
BRDA:178,13,0,1
BRDA:178,13,1,1
BRDA:219,14,0,3
BRDA:219,14,1,0
BRDA:253,15,0,1
BRDA:253,15,1,0
BRDA:259,16,0,0
BRDA:259,16,1,0
BRDA:264,17,0,0
BRDA:264,17,1,0
BRDA:271,18,0,0
BRDA:271,18,1,0
BRF:41
BRH:20
end_of_record
TN:
SF:src/controllers/PhotosController.js
FN:14,(anonymous_0)
FN:61,(anonymous_1)
FN:81,(anonymous_2)
FN:82,(anonymous_3)
FN:95,(anonymous_4)
FN:137,(anonymous_5)
FNF:6
FNH:2
FNDA:1,(anonymous_0)
FNDA:0,(anonymous_1)
FNDA:0,(anonymous_2)
FNDA:0,(anonymous_3)
FNDA:0,(anonymous_4)
FNDA:4,(anonymous_5)
DA:6,6
DA:7,6
DA:8,6
DA:15,1
DA:16,1
DA:17,1
DA:18,1
DA:20,1
DA:21,1
DA:24,0
DA:26,0
DA:28,0
DA:29,0
DA:32,0
DA:38,0
DA:39,0
DA:47,0
DA:53,0
DA:54,0
DA:62,0
DA:63,0
DA:65,0
DA:77,0
DA:80,0
DA:81,0
DA:82,0
DA:85,0
DA:87,0
DA:88,0
DA:96,0
DA:97,0
DA:99,0
DA:122,0
DA:124,0
DA:129,0
DA:130,0
DA:138,4
DA:139,4
DA:140,4
DA:143,4
DA:150,4
DA:152,3
DA:153,1
DA:156,2
DA:157,2
DA:158,1
DA:162,1
DA:166,1
DA:168,1
DA:174,1
DA:175,1
DA:180,6
LF:52
LH:25
BRDA:18,0,0,1
BRDA:18,0,1,0
BRDA:20,1,0,1
BRDA:20,1,1,0
BRDA:97,2,0,0
BRDA:97,3,0,0
BRDA:152,4,0,1
BRDA:152,4,1,2
BRDA:157,5,0,1
BRDA:157,5,1,1
BRDA:157,6,0,2
BRDA:157,6,1,1
BRF:12
BRH:8
end_of_record
TN:
SF:src/controllers/ProfileController.js
FN:14,(anonymous_0)
FN:46,(anonymous_1)
FN:76,(anonymous_2)
FN:102,(anonymous_3)
FN:124,(anonymous_4)
FN:150,(anonymous_5)
FN:174,(anonymous_6)
FNF:7
FNH:0
FNDA:0,(anonymous_0)
FNDA:0,(anonymous_1)
FNDA:0,(anonymous_2)
FNDA:0,(anonymous_3)
FNDA:0,(anonymous_4)
FNDA:0,(anonymous_5)
FNDA:0,(anonymous_6)
DA:6,3
DA:7,3
DA:8,3
DA:15,0
DA:16,0
DA:17,0
DA:20,0
DA:21,0
DA:22,0
DA:25,0
DA:32,0
DA:38,0
DA:39,0
DA:47,0
DA:48,0
DA:49,0
DA:50,0
DA:53,0
DA:55,0
DA:62,0
DA:68,0
DA:69,0
DA:77,0
DA:78,0
DA:79,0
DA:80,0
DA:83,0
DA:85,0
DA:86,0
DA:89,0
DA:94,0
DA:95,0
DA:103,0
DA:104,0
DA:105,0
DA:106,0
DA:109,0
DA:111,0
DA:116,0
DA:117,0
DA:125,0
DA:126,0
DA:129,0
DA:131,0
DA:134,0
DA:137,0
DA:142,0
DA:143,0
DA:151,0
DA:152,0
DA:153,0
DA:156,0
DA:158,0
DA:160,0
DA:166,0
DA:167,0
DA:175,0
DA:176,0
DA:177,0
DA:180,0
DA:182,0
DA:187,0
DA:188,0
DA:193,3
LF:64
LH:4
BRDA:16,0,0,0
BRDA:16,0,1,0
BRDA:20,1,0,0
BRDA:20,1,1,0
BRDA:21,2,0,0
BRDA:21,2,1,0
BRDA:39,3,0,0
BRDA:39,3,1,0
BRDA:49,4,0,0
BRDA:49,4,1,0
BRDA:69,5,0,0
BRDA:69,5,1,0
BRDA:78,6,0,0
BRDA:78,6,1,0
BRDA:79,7,0,0
BRDA:79,7,1,0
BRDA:85,8,0,0
BRDA:85,8,1,0
BRDA:85,9,0,0
BRDA:85,9,1,0
BRDA:95,10,0,0
BRDA:95,10,1,0
BRDA:105,11,0,0
BRDA:105,11,1,0
BRDA:117,12,0,0
BRDA:117,12,1,0
BRDA:129,13,0,0
BRDA:129,13,1,0
BRDA:143,14,0,0
BRDA:143,14,1,0
BRDA:152,15,0,0
BRDA:152,15,1,0
BRDA:167,16,0,0
BRDA:167,16,1,0
BRDA:176,17,0,0
BRDA:176,17,1,0
BRDA:188,18,0,0
BRDA:188,18,1,0
BRF:38
BRH:0
end_of_record
TN:
SF:src/controllers/PublicReviewsController.js
FN:12,(anonymous_0)
FN:68,(anonymous_1)
FN:126,(anonymous_2)
FN:177,(anonymous_3)
FN:215,(anonymous_4)
FNF:5
FNH:0
FNDA:0,(anonymous_0)
FNDA:0,(anonymous_1)
FNDA:0,(anonymous_2)
FNDA:0,(anonymous_3)
FNDA:0,(anonymous_4)
DA:6,2
DA:13,0
DA:14,0
DA:16,0
DA:38,0
DA:48,0
DA:53,0
DA:60,0
DA:61,0
DA:69,0
DA:70,0
DA:85,0
DA:88,0
DA:89,0
DA:91,0
DA:118,0
DA:119,0
DA:127,0
DA:128,0
DA:130,0
DA:148,0
DA:158,0
DA:163,0
DA:169,0
DA:170,0
DA:178,0
DA:179,0
DA:180,0
DA:181,0
DA:184,0
DA:185,0
DA:188,0
DA:195,0
DA:197,0
DA:198,0
DA:201,0
DA:207,0
DA:208,0
DA:216,0
DA:217,0
DA:219,0
DA:236,0
DA:237,0
DA:239,0
DA:240,0
DA:241,0
DA:242,0
DA:245,0
DA:246,0
DA:247,0
DA:248,0
DA:251,0
DA:252,0
DA:253,0
DA:254,0
DA:257,0
DA:258,0
DA:260,0
DA:262,0
DA:267,0
DA:268,0
DA:273,2
LF:62
LH:2
BRDA:14,0,0,0
BRDA:14,1,0,0
BRDA:14,2,0,0
BRDA:184,3,0,0
BRDA:184,3,1,0
BRDA:197,4,0,0
BRDA:197,4,1,0
BRDA:217,5,0,0
BRDA:217,6,0,0
BRDA:239,7,0,0
BRDA:239,7,1,0
BRDA:245,8,0,0
BRDA:245,8,1,0
BRDA:251,9,0,0
BRDA:251,9,1,0
BRF:15
BRH:0
end_of_record
TN:
SF:src/controllers/ReviewController.js
FN:11,(anonymous_0)
FN:12,(anonymous_1)
FN:13,(anonymous_2)
FN:14,(anonymous_3)
FN:21,(anonymous_4)
FN:22,(anonymous_5)
FN:23,(anonymous_6)
FN:30,(anonymous_7)
FN:31,(anonymous_8)
FN:32,(anonymous_9)
FN:43,(anonymous_10)
FN:80,(anonymous_11)
FN:128,(anonymous_12)
FN:151,(anonymous_13)
FN:167,(anonymous_14)
FNF:15
FNH:5
FNDA:9,(anonymous_0)
FNDA:6,(anonymous_1)
FNDA:6,(anonymous_2)
FNDA:6,(anonymous_3)
FNDA:0,(anonymous_4)
FNDA:0,(anonymous_5)
FNDA:0,(anonymous_6)
FNDA:0,(anonymous_7)
FNDA:0,(anonymous_8)
FNDA:0,(anonymous_9)
FNDA:9,(anonymous_10)
FNDA:0,(anonymous_11)
FNDA:0,(anonymous_12)
FNDA:0,(anonymous_13)
FNDA:0,(anonymous_14)
DA:6,2
DA:7,2
DA:9,2
DA:11,9
DA:12,2
DA:13,6
DA:14,6
DA:15,6
DA:16,0
DA:21,2
DA:22,0
DA:23,0
DA:24,0
DA:25,0
DA:30,2
DA:31,0
DA:32,0
DA:33,0
DA:34,0
DA:44,9
DA:45,9
DA:46,9
DA:49,9
DA:50,3
DA:51,3
DA:55,6
DA:61,0
DA:62,0
DA:64,0
DA:65,0
DA:71,6
DA:72,6
DA:73,6
DA:81,0
DA:82,0
DA:83,0
DA:84,0
DA:86,0
DA:87,0
DA:88,0
DA:89,0
DA:90,0
DA:93,0
DA:104,0
DA:108,0
DA:109,0
DA:119,0
DA:120,0
DA:121,0
DA:129,0
DA:130,0
DA:132,0
DA:137,0
DA:143,0
DA:151,0
DA:152,0
DA:155,0
DA:156,0
DA:158,0
DA:159,0
DA:160,0
DA:168,0
DA:169,0
DA:170,0
DA:171,0
DA:173,0
DA:178,0
DA:180,0
DA:181,0
DA:183,0
DA:184,0
DA:185,0
DA:190,2
LF:73
LH:21
BRDA:12,0,0,0
BRDA:15,1,0,6
BRDA:15,1,1,0
BRDA:21,2,0,0
BRDA:24,3,0,0
BRDA:24,3,1,0
BRDA:30,4,0,0
BRDA:33,5,0,0
BRDA:33,5,1,0
BRDA:34,6,0,0
BRDA:34,6,1,0
BRDA:49,7,0,3
BRDA:49,7,1,6
BRDA:49,8,0,9
BRDA:49,8,1,8
BRDA:49,8,2,7
BRDA:49,8,3,7
BRDA:58,9,0,6
BRDA:58,9,1,2
BRDA:83,10,0,0
BRDA:83,11,0,0
BRDA:83,12,0,0
BRDA:87,13,0,0
BRDA:87,13,1,0
BRDA:89,14,0,0
BRDA:89,14,1,0
BRDA:144,15,0,0
BRDA:144,15,1,0
BRF:28
BRH:9
end_of_record
TN:
SF:src/controllers/StaffController.js
FN:12,(anonymous_0)
FN:111,(anonymous_1)
FN:173,(anonymous_2)
FN:202,(anonymous_3)
FN:235,(anonymous_4)
FN:263,(anonymous_5)
FNF:6
FNH:0
FNDA:0,(anonymous_0)
FNDA:0,(anonymous_1)
FNDA:0,(anonymous_2)
FNDA:0,(anonymous_3)
FNDA:0,(anonymous_4)
FNDA:0,(anonymous_5)
DA:6,2
DA:13,0
DA:14,0
DA:15,0
DA:17,0
DA:20,0
DA:29,0
DA:30,0
DA:33,0
DA:43,0
DA:44,0
DA:47,0
DA:68,0
DA:69,0
DA:72,0
DA:89,0
DA:90,0
DA:93,0
DA:98,0
DA:99,0
DA:101,0
DA:103,0
DA:104,0
DA:112,0
DA:113,0
DA:114,0
DA:116,0
DA:118,0
DA:138,0
DA:139,0
DA:141,0
DA:142,0
DA:143,0
DA:144,0
DA:147,0
DA:148,0
DA:149,0
DA:150,0
DA:153,0
DA:154,0
DA:155,0
DA:156,0
DA:159,0
DA:160,0
DA:162,0
DA:163,0
DA:165,0
DA:166,0
DA:174,0
DA:175,0
DA:176,0
DA:178,0
DA:191,0
DA:192,0
DA:194,0
DA:195,0
DA:203,0
DA:204,0
DA:205,0
DA:208,0
DA:211,0
DA:213,0
DA:214,0
DA:217,0
DA:224,0
DA:225,0
DA:227,0
DA:228,0
DA:236,0
DA:237,0
DA:238,0
DA:240,0
DA:247,0
DA:249,0
DA:250,0
DA:253,0
DA:255,0
DA:256,0
DA:264,0
DA:265,0
DA:266,0
DA:267,0
DA:269,0
DA:282,0
DA:283,0
DA:285,0
DA:286,0
DA:287,0
DA:288,0
DA:291,0
DA:292,0
DA:293,0
DA:294,0
DA:297,0
DA:298,0
DA:300,0
DA:301,0
DA:306,2
LF:98
LH:2
BRDA:14,0,0,0
BRDA:14,0,1,0
BRDA:15,1,0,0
BRDA:15,1,1,0
BRDA:113,2,0,0
BRDA:113,2,1,0
BRDA:114,3,0,0
BRDA:114,4,0,0
BRDA:116,5,0,0
BRDA:116,5,1,0
BRDA:141,6,0,0
BRDA:141,6,1,0
BRDA:147,7,0,0
BRDA:147,7,1,0
BRDA:153,8,0,0
BRDA:153,8,1,0
BRDA:175,9,0,0
BRDA:175,9,1,0
BRDA:176,10,0,0
BRDA:176,10,1,0
BRDA:213,11,0,0
BRDA:213,11,1,0
BRDA:213,12,0,0
BRDA:213,12,1,0
BRDA:249,13,0,0
BRDA:249,13,1,0
BRDA:265,14,0,0
BRDA:265,14,1,0
BRDA:266,15,0,0
BRDA:266,15,1,0
BRDA:285,16,0,0
BRDA:285,16,1,0
BRDA:291,17,0,0
BRDA:291,17,1,0
BRF:34
BRH:0
end_of_record
TN:
SF:src/db/factory.js
FN:13,initializeDB
FN:40,getDB
FN:50,closeDB
FNF:3
FNH:3
FNDA:22,initializeDB
FNDA:4,getDB
FNDA:6,closeDB
DA:6,8
DA:8,8
DA:14,22
DA:15,22
DA:17,22
DA:18,8
DA:19,8
DA:20,8
DA:21,6
DA:22,6
DA:23,6
DA:25,2
DA:26,2
DA:27,2
DA:28,2
DA:31,14
DA:32,14
DA:33,14
DA:41,4
DA:42,2
DA:44,2
DA:51,6
DA:52,4
DA:54,6
DA:57,8
LF:25
LH:25
BRDA:17,0,0,8
BRDA:17,0,1,14
BRDA:17,1,0,22
BRDA:17,1,1,15
BRDA:17,1,2,3
BRDA:41,2,0,2
BRDA:41,2,1,2
BRDA:51,3,0,4
BRDA:51,3,1,2
BRF:9
BRH:9
end_of_record
TN:
SF:src/db/postgres.js
FN:14,initializePool
FN:33,(anonymous_1)
FN:48,query
FN:64,queryOne
FN:72,execute
FN:91,getPool
FN:105,closePool
FN:116,healthCheck
FNF:8
FNH:0
FNDA:0,initializePool
FNDA:0,(anonymous_1)
FNDA:0,query
FNDA:0,queryOne
FNDA:0,execute
FNDA:0,getPool
FNDA:0,closePool
FNDA:0,healthCheck
DA:6,0
DA:7,0
DA:9,0
DA:15,0
DA:17,0
DA:19,0
DA:20,0
DA:21,0
DA:24,0
DA:25,0
DA:33,0
DA:34,0
DA:37,0
DA:38,0
DA:40,0
DA:41,0
DA:49,0
DA:50,0
DA:51,0
DA:52,0
DA:54,0
DA:55,0
DA:57,0
DA:65,0
DA:66,0
DA:73,0
DA:74,0
DA:75,0
DA:76,0
DA:81,0
DA:82,0
DA:84,0
DA:92,0
DA:93,0
DA:94,0
DA:95,0
DA:97,0
DA:99,0
DA:106,0
DA:107,0
DA:108,0
DA:109,0
DA:117,0
DA:118,0
DA:119,0
DA:121,0
DA:125,0
LF:47
LH:0
BRDA:15,0,0,0
BRDA:15,0,1,0
BRDA:17,1,0,0
BRDA:17,1,1,0
BRDA:19,2,0,0
BRDA:19,2,1,0
BRDA:27,3,0,0
BRDA:27,3,1,0
BRDA:48,4,0,0
BRDA:64,5,0,0
BRDA:66,6,0,0
BRDA:66,6,1,0
BRDA:72,7,0,0
BRDA:92,8,0,0
BRDA:92,8,1,0
BRDA:94,9,0,0
BRDA:94,9,1,0
BRDA:106,10,0,0
BRDA:106,10,1,0
BRF:19
BRH:0
end_of_record
TN:
SF:src/db/runMigrations.js
FN:7,runMigrations
FN:17,(anonymous_1)
FN:18,(anonymous_2)
FN:47,(anonymous_3)
FNF:4
FNH:0
FNDA:0,runMigrations
FNDA:0,(anonymous_1)
FNDA:0,(anonymous_2)
FNDA:0,(anonymous_3)
DA:1,0
DA:2,0
DA:3,0
DA:5,0
DA:8,0
DA:9,0
DA:11,0
DA:12,0
DA:15,0
DA:17,0
DA:18,0
DA:20,0
DA:21,0
DA:22,0
DA:25,0
DA:26,0
DA:31,0
DA:32,0
DA:33,0
DA:34,0
DA:36,0
DA:38,0
DA:39,0
DA:43,0
DA:46,0
DA:47,0
DA:48,0
DA:49,0
LF:28
LH:0
BRDA:18,0,0,0
BRDA:18,0,1,0
BRDA:25,1,0,0
BRDA:25,1,1,0
BRDA:46,2,0,0
BRDA:46,2,1,0
BRF:6
BRH:0
end_of_record
TN:
SF:src/db/seed.js
FN:4,runSeed
FN:70,(anonymous_1)
FNF:2
FNH:0
FNDA:0,runSeed
FNDA:0,(anonymous_1)
DA:1,0
DA:2,0
DA:5,0
DA:6,0
DA:9,0
DA:10,0
DA:21,0
DA:22,0
DA:33,0
DA:34,0
DA:45,0
DA:53,0
DA:61,0
DA:62,0
DA:63,0
DA:64,0
DA:66,0
DA:70,0
DA:72,0
LF:19
LH:0
BRDA:70,0,0,0
BRDA:70,0,1,0
BRF:2
BRH:0
end_of_record
TN:
SF:src/db/sqlite.js
FN:7,ensureDir
FN:12,promisifyDb
FN:14,(anonymous_2)
FN:15,(anonymous_3)
FN:16,(anonymous_4)
FN:22,(anonymous_5)
FN:23,(anonymous_6)
FN:24,(anonymous_7)
FN:30,(anonymous_8)
FN:31,(anonymous_9)
FN:32,(anonymous_10)
FN:38,(anonymous_11)
FN:39,(anonymous_12)
FN:40,(anonymous_13)
FN:46,(anonymous_14)
FN:47,(anonymous_15)
FN:48,(anonymous_16)
FN:54,getDb
FNF:18
FNH:6
FNDA:1,ensureDir
FNDA:1,promisifyDb
FNDA:0,(anonymous_2)
FNDA:0,(anonymous_3)
FNDA:0,(anonymous_4)
FNDA:0,(anonymous_5)
FNDA:0,(anonymous_6)
FNDA:0,(anonymous_7)
FNDA:1,(anonymous_8)
FNDA:1,(anonymous_9)
FNDA:1,(anonymous_10)
FNDA:0,(anonymous_11)
FNDA:0,(anonymous_12)
FNDA:0,(anonymous_13)
FNDA:0,(anonymous_14)
FNDA:0,(anonymous_15)
FNDA:0,(anonymous_16)
FNDA:1,getDb
DA:1,4
DA:2,4
DA:3,4
DA:5,4
DA:8,1
DA:9,1
DA:13,1
DA:15,0
DA:16,0
DA:17,0
DA:18,0
DA:23,0
DA:24,0
DA:25,0
DA:26,0
DA:31,1
DA:32,1
DA:33,1
DA:34,0
DA:39,0
DA:40,0
DA:41,0
DA:42,0
DA:47,0
DA:48,0
DA:55,1
DA:56,1
DA:57,1
DA:60,1
DA:63,4
LF:30
LH:15
BRDA:9,0,0,0
BRDA:9,0,1,1
BRDA:17,1,0,0
BRDA:17,1,1,0
BRDA:25,2,0,0
BRDA:25,2,1,0
BRDA:33,3,0,1
BRDA:33,3,1,0
BRDA:41,4,0,0
BRDA:41,4,1,0
BRDA:48,5,0,0
BRDA:48,5,1,0
BRF:12
BRH:2
end_of_record
TN:
SF:src/middleware/auth.js
FN:20,(anonymous_0)
FN:29,(anonymous_1)
FN:37,(anonymous_2)
FN:62,(anonymous_3)
FN:63,(anonymous_4)
FN:72,(anonymous_5)
FNF:6
FNH:3
FNDA:0,(anonymous_0)
FNDA:0,(anonymous_1)
FNDA:13,(anonymous_2)
FNDA:37,(anonymous_3)
FNDA:2,(anonymous_4)
FNDA:0,(anonymous_5)
DA:6,1
DA:7,1
DA:10,1
DA:11,1
DA:14,1
DA:15,0
DA:16,0
DA:20,1
DA:21,0
DA:29,1
DA:30,0
DA:37,1
DA:38,13
DA:39,13
DA:41,13
DA:42,8
DA:45,5
DA:47,5
DA:48,3
DA:49,3
DA:51,2
DA:52,1
DA:55,1
DA:62,1
DA:63,37
DA:64,2
DA:65,1
DA:67,1
DA:72,1
DA:73,0
DA:74,0
DA:77,1
LF:32
LH:26
BRDA:10,0,0,1
BRDA:10,0,1,1
BRDA:11,1,0,1
BRDA:11,1,1,1
BRDA:14,2,0,0
BRDA:14,2,1,1
BRDA:14,3,0,1
BRDA:14,3,1,0
BRDA:14,3,2,0
BRDA:20,4,0,0
BRDA:39,5,0,13
BRDA:39,5,1,7
BRDA:41,6,0,8
BRDA:41,6,1,5
BRDA:51,7,0,1
BRDA:51,7,1,1
BRDA:64,8,0,1
BRDA:64,8,1,1
BRDA:64,9,0,2
BRDA:64,9,1,2
BRDA:73,10,0,0
BRDA:73,10,1,0
BRF:22
BRH:16
end_of_record
TN:
SF:src/middleware/cacheMiddleware.js
FN:16,(anonymous_0)
FN:17,(anonymous_1)
FN:42,(anonymous_2)
FN:44,(anonymous_3)
FN:58,(anonymous_4)
FN:59,(anonymous_5)
FN:63,(anonymous_6)
FN:66,(anonymous_7)
FN:67,(anonymous_8)
FN:83,(anonymous_9)
FN:100,(anonymous_10)
FN:118,(anonymous_11)
FN:120,(anonymous_12)
FNF:13
FNH:0
FNDA:0,(anonymous_0)
FNDA:0,(anonymous_1)
FNDA:0,(anonymous_2)
FNDA:0,(anonymous_3)
FNDA:0,(anonymous_4)
FNDA:0,(anonymous_5)
FNDA:0,(anonymous_6)
FNDA:0,(anonymous_7)
FNDA:0,(anonymous_8)
FNDA:0,(anonymous_9)
FNDA:0,(anonymous_10)
FNDA:0,(anonymous_11)
FNDA:0,(anonymous_12)
DA:10,0
DA:11,0
DA:16,0
DA:17,0
DA:19,0
DA:20,0
DA:24,0
DA:26,0
DA:28,0
DA:30,0
DA:31,0
DA:32,0
DA:35,0
DA:40,0
DA:42,0
DA:44,0
DA:45,0
DA:48,0
DA:51,0
DA:58,0
DA:59,0
DA:61,0
DA:63,0
DA:65,0
DA:66,0
DA:67,0
DA:68,0
DA:73,0
DA:76,0
DA:83,0
DA:84,0
DA:86,0
DA:87,0
DA:88,0
DA:89,0
DA:91,0
DA:94,0
DA:100,0
DA:101,0
DA:102,0
DA:105,0
DA:107,0
DA:108,0
DA:109,0
DA:110,0
DA:113,0
DA:116,0
DA:118,0
DA:120,0
DA:121,0
DA:124,0
DA:127,0
DA:130,0
LF:53
LH:0
BRDA:16,0,0,0
BRDA:19,1,0,0
BRDA:19,1,1,0
BRDA:24,2,0,0
BRDA:24,2,1,0
BRDA:30,3,0,0
BRDA:30,3,1,0
BRDA:58,4,0,0
BRDA:65,5,0,0
BRDA:65,5,1,0
BRDA:65,6,0,0
BRDA:65,6,1,0
BRDA:84,7,0,0
BRDA:84,7,1,0
BRDA:88,8,0,0
BRDA:88,8,1,0
BRDA:101,9,0,0
BRDA:101,9,1,0
BRDA:109,10,0,0
BRDA:109,10,1,0
BRF:20
BRH:0
end_of_record
TN:
SF:src/middleware/csrf.js
FN:10,initCsrf
FN:14,(anonymous_1)
FN:16,(anonymous_2)
FN:43,(anonymous_3)
FNF:4
FNH:3
FNDA:1,initCsrf
FNDA:17,(anonymous_1)
FNDA:8,(anonymous_2)
FNDA:0,(anonymous_3)
DA:5,1
DA:6,1
DA:8,1
DA:11,1
DA:14,1
DA:15,17
DA:16,8
DA:17,8
DA:19,0
DA:20,0
DA:22,8
DA:23,8
DA:24,8
DA:31,0
DA:33,8
DA:38,9
DA:40,9
DA:41,9
DA:43,0
DA:44,0
DA:46,0
DA:48,0
DA:49,0
DA:52,0
DA:56,0
DA:60,1
LF:26
LH:16
BRDA:15,0,0,8
BRDA:15,0,1,9
BRDA:17,1,0,0
BRDA:17,1,1,8
BRDA:38,2,0,9
BRDA:38,2,1,0
BRDA:40,3,0,9
BRDA:40,3,1,0
BRDA:40,4,0,9
BRDA:40,4,1,0
BRDA:44,5,0,0
BRDA:44,5,1,0
BRDA:48,6,0,0
BRDA:48,6,1,0
BRF:14
BRH:6
end_of_record
TN:
SF:src/middleware/pagination.js
FN:6,(anonymous_0)
FN:37,(anonymous_1)
FNF:2
FNH:0
FNDA:0,(anonymous_0)
FNDA:0,(anonymous_1)
DA:6,0
DA:8,0
DA:11,0
DA:12,0
DA:15,0
DA:16,0
DA:22,0
DA:28,0
DA:37,0
DA:38,0
DA:40,0
DA:54,0
LF:12
LH:0
BRDA:8,0,0,0
BRDA:8,0,1,0
BRDA:11,1,0,0
BRDA:11,1,1,0
BRDA:15,2,0,0
BRDA:15,2,1,0
BRDA:15,3,0,0
BRDA:15,3,1,0
BRF:8
BRH:0
end_of_record
TN:
SF:src/middleware/twoFactorAuth.js
FN:13,(anonymous_0)
FN:24,(anonymous_1)
FN:35,(anonymous_2)
FN:47,(anonymous_3)
FN:87,(anonymous_4)
FN:130,(anonymous_5)
FN:151,(anonymous_6)
FN:178,(anonymous_7)
FNF:8
FNH:0
FNDA:0,(anonymous_0)
FNDA:0,(anonymous_1)
FNDA:0,(anonymous_2)
FNDA:0,(anonymous_3)
FNDA:0,(anonymous_4)
FNDA:0,(anonymous_5)
FNDA:0,(anonymous_6)
FNDA:0,(anonymous_7)
DA:5,2
DA:6,2
DA:7,2
DA:14,0
DA:25,0
DA:26,0
DA:27,0
DA:29,0
DA:36,0
DA:48,0
DA:49,0
DA:50,0
DA:51,0
DA:54,0
DA:55,0
DA:58,0
DA:59,0
DA:60,0
DA:61,0
DA:70,0
DA:72,0
DA:79,0
DA:80,0
DA:88,0
DA:89,0
DA:90,0
DA:95,0
DA:96,0
DA:99,0
DA:101,0
DA:102,0
DA:107,0
DA:115,0
DA:117,0
DA:122,0
DA:123,0
DA:131,0
DA:132,0
DA:133,0
DA:138,0
DA:139,0
DA:142,0
DA:144,0
DA:145,0
DA:146,0
DA:147,0
DA:151,0
DA:152,0
DA:153,0
DA:159,0
DA:162,0
DA:163,0
DA:164,0
DA:168,0
DA:170,0
DA:171,0
DA:179,0
DA:181,0
DA:182,0
DA:184,0
DA:185,0
DA:186,0
DA:189,0
DA:196,0
DA:198,0
DA:200,0
DA:201,0
DA:206,2
LF:68
LH:4
BRDA:35,0,0,0
BRDA:40,1,0,0
BRDA:40,1,1,0
BRDA:50,2,0,0
BRDA:50,2,1,0
BRDA:95,3,0,0
BRDA:95,3,1,0
BRDA:95,4,0,0
BRDA:95,4,1,0
BRDA:101,5,0,0
BRDA:101,5,1,0
BRDA:101,6,0,0
BRDA:101,6,1,0
BRDA:130,7,0,0
BRDA:138,8,0,0
BRDA:138,8,1,0
BRDA:138,9,0,0
BRDA:138,9,1,0
BRDA:142,10,0,0
BRDA:142,10,1,0
BRDA:144,11,0,0
BRDA:144,11,1,0
BRDA:145,12,0,0
BRDA:145,12,1,0
BRDA:146,13,0,0
BRDA:146,13,1,0
BRDA:163,14,0,0
BRDA:163,14,1,0
BRDA:163,15,0,0
BRDA:163,15,1,0
BRDA:185,16,0,0
BRDA:185,16,1,0
BRF:32
BRH:0
end_of_record
TN:
SF:src/middleware/validation.js
FN:7,(anonymous_0)
FN:13,(anonymous_1)
FN:19,(anonymous_2)
FN:24,(anonymous_3)
FN:57,(anonymous_4)
FN:73,(anonymous_5)
FN:97,(anonymous_6)
FNF:7
FNH:7
FNDA:16,(anonymous_0)
FNDA:16,(anonymous_1)
FNDA:13,(anonymous_2)
FNDA:13,(anonymous_3)
FNDA:6,(anonymous_4)
FNDA:9,(anonymous_5)
FNDA:9,(anonymous_6)
DA:7,3
DA:8,16
DA:9,16
DA:13,3
DA:14,16
DA:15,16
DA:19,3
DA:20,13
DA:21,13
DA:24,3
DA:25,13
DA:27,13
DA:29,13
DA:30,13
DA:31,13
DA:34,13
DA:35,13
DA:36,13
DA:38,13
DA:39,1
DA:43,13
DA:44,11
DA:45,11
DA:46,1
DA:50,13
DA:51,9
DA:54,4
DA:57,3
DA:58,6
DA:60,6
DA:62,6
DA:63,6
DA:64,6
DA:66,6
DA:67,5
DA:70,1
DA:73,3
DA:74,9
DA:76,9
DA:78,9
DA:79,9
DA:80,9
DA:82,9
DA:83,6
DA:86,3
DA:89,3
DA:98,9
DA:99,7
DA:100,4
LF:49
LH:49
BRDA:29,0,0,2
BRDA:29,0,1,11
BRDA:30,1,0,2
BRDA:30,1,1,11
BRDA:30,2,0,13
BRDA:30,2,1,11
BRDA:31,3,0,2
BRDA:31,3,1,11
BRDA:34,4,0,1
BRDA:34,4,1,12
BRDA:34,5,0,13
BRDA:34,5,1,2
BRDA:35,6,0,1
BRDA:35,6,1,12
BRDA:35,7,0,13
BRDA:35,7,1,2
BRDA:36,8,0,1
BRDA:36,8,1,12
BRDA:36,9,0,13
BRDA:36,9,1,2
BRDA:38,10,0,1
BRDA:38,10,1,12
BRDA:38,11,0,13
BRDA:38,11,1,11
BRDA:43,12,0,11
BRDA:43,12,1,2
BRDA:45,13,0,1
BRDA:45,13,1,10
BRDA:50,14,0,9
BRDA:50,14,1,4
BRDA:62,15,0,1
BRDA:62,15,1,5
BRDA:63,16,0,3
BRDA:63,16,1,3
BRDA:63,17,0,6
BRDA:63,17,1,4
BRDA:64,18,0,1
BRDA:64,18,1,5
BRDA:66,19,0,5
BRDA:66,19,1,1
BRDA:78,20,0,1
BRDA:78,20,1,8
BRDA:79,21,0,2
BRDA:79,21,1,7
BRDA:79,22,0,9
BRDA:79,22,1,8
BRDA:79,22,2,8
BRDA:80,23,0,3
BRDA:80,23,1,6
BRDA:80,24,0,9
BRDA:80,24,1,7
BRDA:82,25,0,6
BRDA:82,25,1,3
BRDA:98,26,0,2
BRDA:98,26,1,7
BRDA:98,27,0,9
BRDA:98,27,1,8
BRDA:99,28,0,3
BRDA:99,28,1,4
BRF:59
BRH:59
end_of_record
TN:
SF:src/models/Booking.js
FN:7,(anonymous_0)
FNF:1
FNH:0
FNDA:0,(anonymous_0)
DA:8,0
DA:9,0
DA:10,0
DA:11,0
DA:12,0
DA:13,0
DA:14,0
DA:15,0
DA:16,0
DA:17,0
DA:18,0
DA:19,0
DA:20,0
DA:21,0
DA:22,0
DA:23,0
DA:27,1
LF:17
LH:1
BRDA:8,0,0,0
BRDA:8,0,1,0
BRDA:19,1,0,0
BRDA:19,1,1,0
BRDA:20,2,0,0
BRDA:20,2,1,0
BRDA:22,3,0,0
BRDA:22,3,1,0
BRDA:23,4,0,0
BRDA:23,4,1,0
BRF:10
BRH:0
end_of_record
TN:
SF:src/models/Invoice.js
FN:7,(anonymous_0)
FNF:1
FNH:0
FNDA:0,(anonymous_0)
DA:8,0
DA:9,0
DA:10,0
DA:11,0
DA:12,0
DA:13,0
DA:14,0
DA:15,0
DA:16,0
DA:17,0
DA:18,0
DA:19,0
DA:20,0
DA:21,0
DA:25,1
LF:15
LH:1
BRDA:8,0,0,0
BRDA:8,0,1,0
BRDA:12,1,0,0
BRDA:12,1,1,0
BRDA:13,2,0,0
BRDA:13,2,1,0
BRDA:15,3,0,0
BRDA:15,3,1,0
BRDA:20,4,0,0
BRDA:20,4,1,0
BRDA:21,5,0,0
BRDA:21,5,1,0
BRF:12
BRH:0
end_of_record
TN:
SF:src/models/Service.js
FN:7,(anonymous_0)
FNF:1
FNH:0
FNDA:0,(anonymous_0)
DA:8,0
DA:9,0
DA:10,0
DA:11,0
DA:12,0
DA:13,0
DA:14,0
DA:15,0
DA:16,0
DA:17,0
DA:21,1
LF:11
LH:1
BRDA:8,0,0,0
BRDA:8,0,1,0
BRDA:16,1,0,0
BRDA:16,1,1,0
BRDA:17,2,0,0
BRDA:17,2,1,0
BRF:6
BRH:0
end_of_record
TN:
SF:src/models/User.js
FN:9,(anonymous_0)
FN:25,(anonymous_1)
FN:33,(anonymous_2)
FN:37,(anonymous_3)
FNF:4
FNH:0
FNDA:0,(anonymous_0)
FNDA:0,(anonymous_1)
FNDA:0,(anonymous_2)
FNDA:0,(anonymous_3)
DA:6,1
DA:10,0
DA:11,0
DA:12,0
DA:13,0
DA:15,0
DA:16,0
DA:17,0
DA:18,0
DA:19,0
DA:20,0
DA:21,0
DA:26,0
DA:27,0
DA:29,0
DA:34,0
DA:38,0
DA:39,0
DA:43,1
LF:19
LH:2
BRDA:10,0,0,0
BRDA:10,0,1,0
BRDA:18,1,0,0
BRDA:18,1,1,0
BRDA:20,2,0,0
BRDA:20,2,1,0
BRDA:21,3,0,0
BRDA:21,3,1,0
BRDA:26,4,0,0
BRDA:26,4,1,0
BRF:10
BRH:0
end_of_record
TN:
SF:src/routes/admin.js
FN:15,(anonymous_0)
FN:52,(anonymous_1)
FN:72,(anonymous_2)
FN:98,(anonymous_3)
FN:107,(anonymous_4)
FN:119,(anonymous_5)
FN:128,(anonymous_6)
FN:140,(anonymous_7)
FN:155,(anonymous_8)
FNF:9
FNH:0
FNDA:0,(anonymous_0)
FNDA:0,(anonymous_1)
FNDA:0,(anonymous_2)
FNDA:0,(anonymous_3)
FNDA:0,(anonymous_4)
FNDA:0,(anonymous_5)
FNDA:0,(anonymous_6)
FNDA:0,(anonymous_7)
FNDA:0,(anonymous_8)
DA:6,2
DA:7,2
DA:8,2
DA:10,2
DA:15,2
DA:16,0
DA:17,0
DA:18,0
DA:20,0
DA:23,0
DA:25,0
DA:26,0
DA:28,0
DA:31,0
DA:33,0
DA:42,0
DA:44,0
DA:45,0
DA:52,2
DA:53,0
DA:54,0
DA:62,0
DA:64,0
DA:65,0
DA:72,2
DA:73,0
DA:74,0
DA:75,0
DA:77,0
DA:78,0
DA:81,0
DA:87,0
DA:88,0
DA:90,0
DA:91,0
DA:98,2
DA:99,0
DA:101,0
DA:103,0
DA:107,2
DA:108,0
DA:110,0
DA:112,0
DA:119,2
DA:120,0
DA:122,0
DA:124,0
DA:128,2
DA:129,0
DA:131,0
DA:133,0
DA:140,2
DA:141,0
DA:142,0
DA:149,0
DA:151,0
DA:155,2
DA:156,0
DA:157,0
DA:164,0
DA:166,0
DA:170,2
LF:62
LH:14
BRDA:18,0,0,0
BRDA:18,0,1,0
BRDA:23,1,0,0
BRDA:23,1,1,0
BRDA:26,2,0,0
BRDA:26,2,1,0
BRDA:31,3,0,0
BRDA:31,3,1,0
BRDA:62,4,0,0
BRDA:62,4,1,0
BRDA:62,5,0,0
BRDA:62,5,1,0
BRDA:77,6,0,0
BRDA:77,6,1,0
BRF:14
BRH:0
end_of_record
TN:
SF:src/routes/adminRoutes.js
FN:25,(anonymous_0)
FN:61,(anonymous_1)
FN:86,(anonymous_2)
FN:117,(anonymous_3)
FN:140,(anonymous_4)
FN:178,(anonymous_5)
FN:200,(anonymous_6)
FN:232,(anonymous_7)
FNF:8
FNH:0
FNDA:0,(anonymous_0)
FNDA:0,(anonymous_1)
FNDA:0,(anonymous_2)
FNDA:0,(anonymous_3)
FNDA:0,(anonymous_4)
FNDA:0,(anonymous_5)
FNDA:0,(anonymous_6)
FNDA:0,(anonymous_7)
DA:12,2
DA:13,2
DA:14,2
DA:15,2
DA:16,2
DA:19,2
DA:25,2
DA:26,0
DA:27,0
DA:29,0
DA:30,0
DA:36,0
DA:45,0
DA:47,0
DA:52,0
DA:53,0
DA:61,2
DA:62,0
DA:63,0
DA:72,0
DA:77,0
DA:78,0
DA:86,2
DA:87,0
DA:88,0
DA:90,0
DA:101,0
DA:103,0
DA:108,0
DA:109,0
DA:117,2
DA:118,0
DA:119,0
DA:124,0
DA:126,0
DA:131,0
DA:132,0
DA:140,2
DA:141,0
DA:142,0
DA:144,0
DA:145,0
DA:151,0
DA:162,0
DA:164,0
DA:169,0
DA:170,0
DA:178,2
DA:179,0
DA:180,0
DA:185,0
DA:191,0
DA:192,0
DA:200,2
DA:201,0
DA:202,0
DA:204,0
DA:216,0
DA:218,0
DA:223,0
DA:224,0
DA:232,2
DA:233,0
DA:235,0
DA:238,0
DA:244,0
DA:250,0
DA:255,0
DA:258,0
DA:260,0
DA:272,0
DA:273,0
DA:277,2
LF:73
LH:15
BRDA:29,0,0,0
BRDA:29,0,1,0
BRDA:29,1,0,0
BRDA:29,1,1,0
BRDA:40,2,0,0
BRDA:40,2,1,0
BRDA:41,3,0,0
BRDA:41,3,1,0
BRDA:97,4,0,0
BRDA:97,4,1,0
BRDA:144,5,0,0
BRDA:144,5,1,0
BRDA:144,6,0,0
BRDA:144,6,1,0
BRDA:144,6,2,0
BRDA:155,7,0,0
BRDA:155,7,1,0
BRDA:158,8,0,0
BRDA:158,8,1,0
BRDA:159,9,0,0
BRDA:159,9,1,0
BRDA:212,10,0,0
BRDA:212,10,1,0
BRDA:266,11,0,0
BRDA:266,11,1,0
BRF:25
BRH:0
end_of_record
TN:
SF:src/routes/api.js
FN:17,(anonymous_0)
FN:20,(anonymous_1)
FN:33,(anonymous_2)
FN:60,(anonymous_3)
FN:64,(anonymous_4)
FN:68,(anonymous_5)
FN:72,(anonymous_6)
FN:77,(anonymous_7)
FN:81,(anonymous_8)
FN:86,(anonymous_9)
FN:88,(anonymous_10)
FN:92,(anonymous_11)
FN:96,(anonymous_12)
FN:100,(anonymous_13)
FN:105,(anonymous_14)
FN:109,(anonymous_15)
FN:113,(anonymous_16)
FN:118,(anonymous_17)
FN:123,(anonymous_18)
FN:127,(anonymous_19)
FN:131,(anonymous_20)
FN:135,(anonymous_21)
FN:140,(anonymous_22)
FN:144,(anonymous_23)
FN:148,(anonymous_24)
FN:152,(anonymous_25)
FN:156,(anonymous_26)
FN:160,(anonymous_27)
FN:164,(anonymous_28)
FN:169,(anonymous_29)
FN:173,(anonymous_30)
FN:177,(anonymous_31)
FN:181,(anonymous_32)
FN:185,(anonymous_33)
FN:189,(anonymous_34)
FN:193,(anonymous_35)
FN:198,(anonymous_36)
FN:202,(anonymous_37)
FN:206,(anonymous_38)
FN:210,(anonymous_39)
FN:215,(anonymous_40)
FN:219,(anonymous_41)
FN:223,(anonymous_42)
FN:227,(anonymous_43)
FN:232,(anonymous_44)
FN:236,(anonymous_45)
FN:240,(anonymous_46)
FN:244,(anonymous_47)
FN:252,(anonymous_48)
FN:256,(anonymous_49)
FN:261,(anonymous_50)
FN:266,(anonymous_51)
FN:270,(anonymous_52)
FN:275,(anonymous_53)
FN:279,(anonymous_54)
FN:283,(anonymous_55)
FN:290,(anonymous_56)
FN:294,(anonymous_57)
FN:298,(anonymous_58)
FN:302,(anonymous_59)
FN:306,(anonymous_60)
FNF:61
FNH:2
FNDA:0,(anonymous_0)
FNDA:0,(anonymous_1)
FNDA:0,(anonymous_2)
FNDA:0,(anonymous_3)
FNDA:0,(anonymous_4)
FNDA:0,(anonymous_5)
FNDA:1,(anonymous_6)
FNDA:0,(anonymous_7)
FNDA:0,(anonymous_8)
FNDA:0,(anonymous_9)
FNDA:0,(anonymous_10)
FNDA:0,(anonymous_11)
FNDA:0,(anonymous_12)
FNDA:0,(anonymous_13)
FNDA:0,(anonymous_14)
FNDA:0,(anonymous_15)
FNDA:1,(anonymous_16)
FNDA:0,(anonymous_17)
FNDA:0,(anonymous_18)
FNDA:0,(anonymous_19)
FNDA:0,(anonymous_20)
FNDA:0,(anonymous_21)
FNDA:0,(anonymous_22)
FNDA:0,(anonymous_23)
FNDA:0,(anonymous_24)
FNDA:0,(anonymous_25)
FNDA:0,(anonymous_26)
FNDA:0,(anonymous_27)
FNDA:0,(anonymous_28)
FNDA:0,(anonymous_29)
FNDA:0,(anonymous_30)
FNDA:0,(anonymous_31)
FNDA:0,(anonymous_32)
FNDA:0,(anonymous_33)
FNDA:0,(anonymous_34)
FNDA:0,(anonymous_35)
FNDA:0,(anonymous_36)
FNDA:0,(anonymous_37)
FNDA:0,(anonymous_38)
FNDA:0,(anonymous_39)
FNDA:0,(anonymous_40)
FNDA:0,(anonymous_41)
FNDA:0,(anonymous_42)
FNDA:0,(anonymous_43)
FNDA:0,(anonymous_44)
FNDA:0,(anonymous_45)
FNDA:0,(anonymous_46)
FNDA:0,(anonymous_47)
FNDA:0,(anonymous_48)
FNDA:0,(anonymous_49)
FNDA:0,(anonymous_50)
FNDA:0,(anonymous_51)
FNDA:0,(anonymous_52)
FNDA:0,(anonymous_53)
FNDA:0,(anonymous_54)
FNDA:0,(anonymous_55)
FNDA:0,(anonymous_56)
FNDA:0,(anonymous_57)
FNDA:0,(anonymous_58)
FNDA:0,(anonymous_59)
FNDA:0,(anonymous_60)
DA:6,2
DA:7,2
DA:8,2
DA:9,2
DA:12,2
DA:13,2
DA:14,2
DA:16,2
DA:18,0
DA:21,0
DA:22,0
DA:27,2
DA:35,0
DA:36,0
DA:37,0
DA:39,0
DA:44,2
DA:45,2
DA:46,2
DA:47,2
DA:48,2
DA:49,2
DA:50,2
DA:51,2
DA:52,2
DA:55,2
DA:56,2
DA:60,2
DA:61,0
DA:64,2
DA:65,0
DA:68,2
DA:69,0
DA:72,2
DA:74,1
DA:77,2
DA:78,0
DA:81,2
DA:82,0
DA:86,2
DA:87,0
DA:88,0
DA:89,0
DA:92,2
DA:93,0
DA:96,2
DA:97,0
DA:100,2
DA:101,0
DA:105,2
DA:106,0
DA:109,2
DA:110,0
DA:113,2
DA:114,1
DA:118,2
DA:119,0
DA:123,2
DA:124,0
DA:127,2
DA:128,0
DA:131,2
DA:132,0
DA:135,2
DA:136,0
DA:140,2
DA:141,0
DA:144,2
DA:145,0
DA:148,2
DA:149,0
DA:152,2
DA:153,0
DA:156,2
DA:157,0
DA:160,2
DA:161,0
DA:164,2
DA:165,0
DA:169,2
DA:170,0
DA:173,2
DA:174,0
DA:177,2
DA:178,0
DA:181,2
DA:182,0
DA:185,2
DA:186,0
DA:189,2
DA:190,0
DA:193,2
DA:194,0
DA:198,2
DA:199,0
DA:202,2
DA:203,0
DA:206,2
DA:207,0
DA:210,2
DA:211,0
DA:215,2
DA:216,0
DA:219,2
DA:220,0
DA:223,2
DA:224,0
DA:227,2
DA:228,0
DA:232,2
DA:233,0
DA:236,2
DA:237,0
DA:240,2
DA:241,0
DA:244,2
DA:245,0
DA:249,2
DA:252,2
DA:253,0
DA:256,2
DA:257,0
DA:258,0
DA:261,2
DA:262,0
DA:266,2
DA:267,0
DA:270,2
DA:271,0
DA:275,2
DA:276,0
DA:279,2
DA:280,0
DA:283,2
DA:284,0
DA:288,2
DA:290,2
DA:291,0
DA:294,2
DA:295,0
DA:298,2
DA:299,0
DA:302,2
DA:303,0
DA:306,2
DA:307,0
DA:311,2
DA:312,2
DA:315,2
DA:316,2
DA:319,2
DA:320,2
DA:322,2
LF:153
LH:88
BRDA:14,0,0,0
BRDA:14,0,1,2
BRDA:36,1,0,0
BRDA:36,1,1,0
BRDA:87,2,0,0
BRDA:87,2,1,0
BRDA:88,3,0,0
BRDA:88,3,1,0
BRF:8
BRH:1
end_of_record
TN:
SF:src/routes/blogRoutes.js
FN:21,(anonymous_0)
FN:53,(anonymous_1)
FN:74,(anonymous_2)
FN:123,(anonymous_3)
FN:181,(anonymous_4)
FN:247,(anonymous_5)
FN:267,(anonymous_6)
FN:275,(anonymous_7)
FNF:8
FNH:0
FNDA:0,(anonymous_0)
FNDA:0,(anonymous_1)
FNDA:0,(anonymous_2)
FNDA:0,(anonymous_3)
FNDA:0,(anonymous_4)
FNDA:0,(anonymous_5)
FNDA:0,(anonymous_6)
FNDA:0,(anonymous_7)
DA:10,2
DA:11,2
DA:12,2
DA:13,2
DA:14,2
DA:21,2
DA:22,0
DA:23,0
DA:24,0
DA:25,0
DA:26,0
DA:28,0
DA:29,0
DA:31,0
DA:32,0
DA:33,0
DA:36,0
DA:37,0
DA:39,0
DA:42,0
DA:43,0
DA:44,0
DA:46,0
DA:51,0
DA:53,0
DA:65,0
DA:66,0
DA:74,2
DA:75,0
DA:76,0
DA:81,0
DA:82,0
DA:89,0
DA:95,0
DA:104,0
DA:113,0
DA:114,0
DA:123,2
DA:124,0
DA:125,0
DA:127,0
DA:128,0
DA:135,0
DA:143,0
DA:144,0
DA:145,0
DA:151,0
DA:164,0
DA:166,0
DA:172,0
DA:173,0
DA:181,2
DA:182,0
DA:183,0
DA:185,0
DA:186,0
DA:187,0
DA:194,0
DA:195,0
DA:196,0
DA:204,0
DA:209,0
DA:210,0
DA:217,0
DA:231,0
DA:233,0
DA:238,0
DA:239,0
DA:247,2
DA:248,0
DA:249,0
DA:251,0
DA:253,0
DA:258,0
DA:259,0
DA:267,2
DA:268,0
DA:269,0
DA:273,0
DA:275,0
DA:278,0
DA:279,0
DA:283,2
LF:83
LH:12
BRDA:23,0,0,0
BRDA:23,0,1,0
BRDA:24,1,0,0
BRDA:24,1,1,0
BRDA:31,2,0,0
BRDA:31,2,1,0
BRDA:43,3,0,0
BRDA:43,3,1,0
BRDA:48,4,0,0
BRDA:48,4,1,0
BRDA:55,5,0,0
BRDA:55,5,1,0
BRDA:81,6,0,0
BRDA:81,6,1,0
BRDA:125,7,0,0
BRDA:127,8,0,0
BRDA:127,8,1,0
BRDA:127,9,0,0
BRDA:127,9,1,0
BRDA:144,10,0,0
BRDA:144,10,1,0
BRDA:159,11,0,0
BRDA:159,11,1,0
BRDA:160,12,0,0
BRDA:160,12,1,0
BRDA:186,13,0,0
BRDA:186,13,1,0
BRDA:195,14,0,0
BRDA:195,14,1,0
BRDA:195,15,0,0
BRDA:195,15,1,0
BRDA:209,16,0,0
BRDA:209,16,1,0
BRDA:221,17,0,0
BRDA:221,17,1,0
BRDA:223,18,0,0
BRDA:223,18,1,0
BRDA:224,19,0,0
BRDA:224,19,1,0
BRDA:225,20,0,0
BRDA:225,20,1,0
BRDA:226,21,0,0
BRDA:226,21,1,0
BRDA:227,22,0,0
BRDA:227,22,1,0
BRDA:227,23,0,0
BRDA:227,23,1,0
BRF:47
BRH:0
end_of_record
TN:
SF:src/routes/profile.js
FN:18,(anonymous_0)
FN:34,(anonymous_1)
FN:42,(anonymous_2)
FN:51,(anonymous_3)
FN:61,(anonymous_4)
FN:69,(anonymous_5)
FN:79,(anonymous_6)
FN:87,(anonymous_7)
FN:95,(anonymous_8)
FN:100,(anonymous_9)
FNF:10
FNH:0
FNDA:0,(anonymous_0)
FNDA:0,(anonymous_1)
FNDA:0,(anonymous_2)
FNDA:0,(anonymous_3)
FNDA:0,(anonymous_4)
FNDA:0,(anonymous_5)
FNDA:0,(anonymous_6)
FNDA:0,(anonymous_7)
FNDA:0,(anonymous_8)
FNDA:0,(anonymous_9)
DA:6,2
DA:7,2
DA:8,2
DA:9,2
DA:10,2
DA:11,2
DA:14,2
DA:15,2
DA:19,0
DA:20,0
DA:21,0
DA:23,0
DA:34,2
DA:35,0
DA:42,2
DA:43,0
DA:44,0
DA:51,2
DA:52,0
DA:61,2
DA:62,0
DA:69,2
DA:70,0
DA:79,2
DA:80,0
DA:87,2
DA:88,0
DA:95,2
DA:96,0
DA:100,2
DA:101,0
DA:102,0
DA:103,0
DA:105,0
DA:106,0
DA:107,0
DA:109,0
DA:112,2
LF:38
LH:18
BRDA:20,0,0,0
BRDA:20,0,1,0
BRDA:101,1,0,0
BRDA:101,1,1,0
BRDA:105,2,0,0
BRDA:105,2,1,0
BRF:6
BRH:0
end_of_record
TN:
SF:src/routes/twoFactorRoutes.js
FN:19,(anonymous_0)
FN:39,(anonymous_1)
FN:67,(anonymous_2)
FN:101,(anonymous_3)
FN:137,(anonymous_4)
FN:170,(anonymous_5)
FNF:6
FNH:0
FNDA:0,(anonymous_0)
FNDA:0,(anonymous_1)
FNDA:0,(anonymous_2)
FNDA:0,(anonymous_3)
FNDA:0,(anonymous_4)
FNDA:0,(anonymous_5)
DA:9,2
DA:10,2
DA:11,2
DA:12,2
DA:13,2
DA:19,2
DA:20,0
DA:21,0
DA:22,0
DA:24,0
DA:29,0
DA:30,0
DA:39,2
DA:40,0
DA:41,0
DA:43,0
DA:44,0
DA:47,0
DA:49,0
DA:57,0
DA:58,0
DA:67,2
DA:68,0
DA:69,0
DA:71,0
DA:72,0
DA:78,0
DA:80,0
DA:81,0
DA:84,0
DA:86,0
DA:91,0
DA:92,0
DA:101,2
DA:102,0
DA:103,0
DA:105,0
DA:106,0
DA:109,0
DA:115,0
DA:116,0
DA:119,0
DA:121,0
DA:127,0
DA:128,0
DA:137,2
DA:138,0
DA:139,0
DA:141,0
DA:142,0
DA:148,0
DA:150,0
DA:151,0
DA:154,0
DA:156,0
DA:161,0
DA:162,0
DA:170,2
DA:171,0
DA:172,0
DA:174,0
DA:175,0
DA:181,0
DA:183,0
DA:189,0
DA:190,0
DA:194,2
LF:67
LH:12
BRDA:43,0,0,0
BRDA:43,0,1,0
BRDA:71,1,0,0
BRDA:71,1,1,0
BRDA:71,2,0,0
BRDA:71,2,1,0
BRDA:80,3,0,0
BRDA:80,3,1,0
BRDA:103,4,0,0
BRDA:105,5,0,0
BRDA:105,5,1,0
BRDA:105,6,0,0
BRDA:105,6,1,0
BRDA:115,7,0,0
BRDA:115,7,1,0
BRDA:141,8,0,0
BRDA:141,8,1,0
BRDA:150,9,0,0
BRDA:150,9,1,0
BRF:19
BRH:0
end_of_record
TN:
SF:src/routes/webhooks.js
FN:12,(anonymous_0)
FN:37,(anonymous_1)
FN:56,(anonymous_2)
FNF:3
FNH:0
FNDA:0,(anonymous_0)
FNDA:0,(anonymous_1)
FNDA:0,(anonymous_2)
DA:6,1
DA:7,1
DA:12,1
DA:13,0
DA:28,0
DA:30,0
DA:37,1
DA:38,0
DA:47,0
DA:49,0
DA:56,1
DA:57,0
DA:59,0
DA:61,0
DA:65,1
LF:15
LH:6
BRF:0
BRH:0
end_of_record
TN:
SF:src/services/AutomationService.js
FN:12,(anonymous_0)
FN:42,(anonymous_1)
FN:56,(anonymous_2)
FN:71,(anonymous_3)
FN:85,(anonymous_4)
FN:103,(anonymous_5)
FN:121,(anonymous_6)
FN:141,(anonymous_7)
FNF:8
FNH:0
FNDA:0,(anonymous_0)
FNDA:0,(anonymous_1)
FNDA:0,(anonymous_2)
FNDA:0,(anonymous_3)
FNDA:0,(anonymous_4)
FNDA:0,(anonymous_5)
FNDA:0,(anonymous_6)
FNDA:0,(anonymous_7)
DA:6,1
DA:13,0
DA:14,0
DA:17,0
DA:20,0
DA:23,0
DA:26,0
DA:29,0
DA:31,0
DA:32,0
DA:34,0
DA:35,0
DA:43,0
DA:46,0
DA:47,0
DA:49,0
DA:57,0
DA:61,0
DA:62,0
DA:64,0
DA:72,0
DA:75,0
DA:76,0
DA:78,0
DA:86,0
DA:93,0
DA:94,0
DA:96,0
DA:104,0
DA:111,0
DA:112,0
DA:114,0
DA:122,0
DA:123,0
DA:131,0
DA:133,0
DA:134,0
DA:142,0
DA:143,0
DA:145,0
DA:149,0
DA:154,0
DA:159,0
DA:166,0
DA:168,0
DA:169,0
DA:174,1
LF:47
LH:2
BRDA:145,0,0,0
BRDA:145,0,1,0
BRDA:145,0,2,0
BRDA:145,0,3,0
BRF:4
BRH:0
end_of_record
TN:
SF:src/services/AvatarService.js
FN:24,(anonymous_0)
FN:49,(anonymous_1)
FN:53,(anonymous_2)
FN:78,(anonymous_3)
FN:79,(anonymous_4)
FN:83,(anonymous_5)
FN:98,(anonymous_6)
FN:112,(anonymous_7)
FN:116,(anonymous_8)
FN:136,(anonymous_9)
FN:139,(anonymous_10)
FN:149,(anonymous_11)
FN:171,(anonymous_12)
FN:172,(anonymous_13)
FN:184,(anonymous_14)
FNF:15
FNH:0
FNDA:0,(anonymous_0)
FNDA:0,(anonymous_1)
FNDA:0,(anonymous_2)
FNDA:0,(anonymous_3)
FNDA:0,(anonymous_4)
FNDA:0,(anonymous_5)
FNDA:0,(anonymous_6)
FNDA:0,(anonymous_7)
FNDA:0,(anonymous_8)
FNDA:0,(anonymous_9)
FNDA:0,(anonymous_10)
FNDA:0,(anonymous_11)
FNDA:0,(anonymous_12)
FNDA:0,(anonymous_13)
FNDA:0,(anonymous_14)
DA:6,3
DA:7,3
DA:8,3
DA:9,3
DA:11,3
DA:12,3
DA:13,3
DA:16,3
DA:17,0
DA:25,0
DA:27,0
DA:28,0
DA:32,0
DA:33,0
DA:37,0
DA:38,0
DA:39,0
DA:40,0
DA:41,0
DA:42,0
DA:45,0
DA:46,0
DA:49,0
DA:50,0
DA:54,0
DA:55,0
DA:56,0
DA:58,0
DA:59,0
DA:70,0
DA:71,0
DA:79,0
DA:80,0
DA:84,0
DA:85,0
DA:86,0
DA:88,0
DA:99,0
DA:101,0
DA:102,0
DA:104,0
DA:105,0
DA:106,0
DA:107,0
DA:112,0
DA:113,0
DA:117,0
DA:118,0
DA:119,0
DA:121,0
DA:122,0
DA:128,0
DA:129,0
DA:137,0
DA:139,0
DA:140,0
DA:150,0
DA:151,0
DA:152,0
DA:154,0
DA:155,0
DA:172,0
DA:173,0
DA:185,0
DA:186,0
DA:187,0
DA:189,0
DA:190,0
DA:191,0
DA:193,0
DA:196,0
DA:204,3
LF:72
LH:9
BRDA:16,0,0,0
BRDA:16,0,1,3
BRDA:27,1,0,0
BRDA:27,1,1,0
BRDA:32,2,0,0
BRDA:32,2,1,0
BRDA:39,3,0,0
BRDA:39,3,1,0
BRDA:54,4,0,0
BRDA:54,4,1,0
BRDA:84,5,0,0
BRDA:84,5,1,0
BRDA:88,6,0,0
BRDA:88,6,1,0
BRDA:102,7,0,0
BRDA:102,7,1,0
BRDA:105,8,0,0
BRDA:105,8,1,0
BRDA:117,9,0,0
BRDA:117,9,1,0
BRDA:148,10,0,0
BRDA:148,10,1,0
BRDA:150,11,0,0
BRDA:150,11,1,0
BRDA:185,12,0,0
BRDA:185,12,1,0
BRDA:189,13,0,0
BRDA:189,13,1,0
BRDA:189,14,0,0
BRDA:189,14,1,0
BRDA:196,15,0,0
BRDA:196,15,1,0
BRF:32
BRH:1
end_of_record
TN:
SF:src/services/BookingService.js
FN:12,(anonymous_0)
FN:71,(anonymous_1)
FN:74,(anonymous_2)
FN:87,(anonymous_3)
FN:99,(anonymous_4)
FN:114,(anonymous_5)
FN:124,(anonymous_6)
FN:139,(anonymous_7)
FN:153,(anonymous_8)
FN:157,(anonymous_9)
FN:188,(anonymous_10)
FN:203,(anonymous_11)
FN:232,(anonymous_12)
FNF:13
FNH:7
FNDA:2,(anonymous_0)
FNDA:0,(anonymous_1)
FNDA:0,(anonymous_2)
FNDA:2,(anonymous_3)
FNDA:0,(anonymous_4)
FNDA:2,(anonymous_5)
FNDA:16,(anonymous_6)
FNDA:4,(anonymous_7)
FNDA:8,(anonymous_8)
FNDA:10,(anonymous_9)
FNDA:0,(anonymous_10)
FNDA:0,(anonymous_11)
FNDA:0,(anonymous_12)
DA:6,1
DA:13,2
DA:15,2
DA:18,2
DA:23,2
DA:24,0
DA:28,2
DA:31,2
DA:45,2
DA:46,2
DA:65,2
DA:67,0
DA:72,0
DA:73,0
DA:74,0
DA:88,2
DA:100,0
DA:101,0
DA:102,0
DA:103,0
DA:105,0
DA:106,0
DA:108,0
DA:117,2
DA:118,2
DA:125,16
DA:126,10
DA:127,9
DA:128,8
DA:131,6
DA:132,0
DA:147,4
DA:154,8
DA:157,8
DA:158,10
DA:162,8
DA:163,0
DA:167,8
DA:168,0
DA:169,8
DA:170,0
DA:174,8
DA:175,0
DA:176,8
DA:177,0
DA:178,8
DA:179,0
DA:182,8
DA:189,0
DA:194,0
DA:196,0
DA:204,0
DA:223,0
DA:225,0
DA:233,0
DA:239,0
DA:241,0
DA:246,1
LF:58
LH:30
BRDA:23,0,0,0
BRDA:23,0,1,2
BRDA:37,1,0,2
BRDA:37,1,1,2
BRDA:38,2,0,2
BRDA:38,2,1,2
BRDA:39,3,0,2
BRDA:39,3,1,2
BRDA:52,4,0,2
BRDA:52,4,1,0
BRDA:55,5,0,2
BRDA:55,5,1,2
BRDA:56,6,0,2
BRDA:56,6,1,0
BRDA:57,7,0,2
BRDA:57,7,1,2
BRDA:76,8,0,0
BRDA:76,8,1,0
BRDA:77,9,0,0
BRDA:77,9,1,0
BRDA:78,10,0,0
BRDA:78,10,1,0
BRDA:79,11,0,0
BRDA:79,11,1,0
BRDA:80,12,0,0
BRDA:80,12,1,0
BRDA:99,13,0,0
BRDA:99,14,0,0
BRDA:100,15,0,0
BRDA:100,15,1,0
BRDA:101,16,0,0
BRDA:101,16,1,0
BRDA:102,17,0,0
BRDA:102,17,1,0
BRDA:103,18,0,0
BRDA:103,18,1,0
BRDA:105,19,0,0
BRDA:105,19,1,0
BRDA:106,20,0,0
BRDA:106,20,1,0
BRDA:117,21,0,0
BRDA:117,21,1,2
BRDA:125,22,0,4
BRDA:125,22,1,10
BRDA:126,23,0,1
BRDA:126,23,1,9
BRDA:127,24,0,1
BRDA:127,24,1,8
BRDA:127,25,0,9
BRDA:127,25,1,8
BRDA:128,26,0,2
BRDA:128,26,1,6
BRDA:131,27,0,0
BRDA:131,27,1,6
BRDA:162,28,0,0
BRDA:162,28,1,8
BRDA:167,29,0,0
BRDA:167,29,1,8
BRDA:169,30,0,0
BRDA:169,30,1,8
BRDA:174,31,0,0
BRDA:174,31,1,8
BRDA:176,32,0,0
BRDA:176,32,1,8
BRDA:178,33,0,0
BRDA:178,33,1,8
BRF:66
BRH:31
end_of_record
TN:
SF:src/services/ChatService.js
FN:11,(anonymous_0)
FN:16,(anonymous_1)
FN:17,(anonymous_2)
FN:21,(anonymous_3)
FN:39,(anonymous_4)
FN:64,(anonymous_5)
FN:100,(anonymous_6)
FN:105,(anonymous_7)
FNF:8
FNH:2
FNDA:1,(anonymous_0)
FNDA:1,(anonymous_1)
FNDA:0,(anonymous_2)
FNDA:0,(anonymous_3)
FNDA:0,(anonymous_4)
FNDA:0,(anonymous_5)
FNDA:0,(anonymous_6)
FNDA:0,(anonymous_7)
DA:6,1
DA:7,1
DA:8,1
DA:12,1
DA:13,1
DA:17,1
DA:18,0
DA:21,0
DA:22,0
DA:23,0
DA:25,0
DA:26,0
DA:29,0
DA:30,0
DA:36,0
DA:39,0
DA:47,0
DA:52,0
DA:56,0
DA:64,0
DA:65,0
DA:66,0
DA:68,0
DA:70,0
DA:76,0
DA:81,0
DA:84,0
DA:92,0
DA:94,0
DA:95,0
DA:100,0
DA:101,0
DA:105,0
DA:106,0
DA:107,0
DA:108,0
DA:110,0
DA:119,1
LF:38
LH:7
BRDA:59,0,0,0
BRDA:59,0,1,0
BRDA:112,1,0,0
BRDA:112,1,1,0
BRF:4
BRH:0
end_of_record
TN:
SF:src/services/CompanyService.js
FN:13,(anonymous_0)
FN:14,(anonymous_1)
FN:15,(anonymous_2)
FN:29,(anonymous_3)
FN:54,(anonymous_4)
FN:106,(anonymous_5)
FN:121,(anonymous_6)
FN:122,(anonymous_7)
FN:133,(anonymous_8)
FN:148,(anonymous_9)
FN:149,(anonymous_10)
FN:167,(anonymous_11)
FNF:12
FNH:12
FNDA:7,(anonymous_0)
FNDA:7,(anonymous_1)
FNDA:7,(anonymous_2)
FNDA:15,(anonymous_3)
FNDA:13,(anonymous_4)
FNDA:13,(anonymous_5)
FNDA:3,(anonymous_6)
FNDA:3,(anonymous_7)
FNDA:3,(anonymous_8)
FNDA:4,(anonymous_9)
FNDA:4,(anonymous_10)
FNDA:4,(anonymous_11)
DA:6,4
DA:7,4
DA:14,7
DA:15,7
DA:16,7
DA:17,3
DA:18,3
DA:20,4
DA:52,15
DA:54,13
DA:55,13
DA:82,13
DA:106,13
DA:107,13
DA:108,0
DA:109,0
DA:111,13
DA:112,13
DA:122,3
DA:123,3
DA:134,3
DA:135,0
DA:136,0
DA:138,3
DA:149,4
DA:150,4
DA:168,4
DA:169,0
DA:170,0
DA:172,4
DA:180,4
LF:31
LH:25
BRDA:16,0,0,3
BRDA:16,0,1,4
BRDA:20,1,0,4
BRDA:20,1,1,1
BRDA:107,2,0,0
BRDA:107,2,1,13
BRDA:134,3,0,0
BRDA:134,3,1,3
BRDA:138,4,0,3
BRDA:138,4,1,0
BRDA:168,5,0,0
BRDA:168,5,1,4
BRDA:172,6,0,4
BRDA:172,6,1,0
BRF:14
BRH:9
end_of_record
TN:
SF:src/services/CouponService.js
FN:12,(anonymous_0)
FN:77,(anonymous_1)
FN:164,(anonymous_2)
FN:229,(anonymous_3)
FN:262,(anonymous_4)
FN:281,(anonymous_5)
FNF:6
FNH:0
FNDA:0,(anonymous_0)
FNDA:0,(anonymous_1)
FNDA:0,(anonymous_2)
FNDA:0,(anonymous_3)
FNDA:0,(anonymous_4)
FNDA:0,(anonymous_5)
DA:5,0
DA:6,0
DA:13,0
DA:14,0
DA:19,0
DA:20,0
DA:24,0
DA:25,0
DA:26,0
DA:29,0
DA:30,0
DA:34,0
DA:35,0
DA:40,0
DA:41,0
DA:46,0
DA:47,0
DA:53,0
DA:54,0
DA:58,0
DA:69,0
DA:70,0
DA:78,0
DA:79,0
DA:84,0
DA:85,0
DA:89,0
DA:90,0
DA:91,0
DA:94,0
DA:97,0
DA:98,0
DA:105,0
DA:106,0
DA:107,0
DA:108,0
DA:109,0
DA:113,0
DA:116,0
DA:122,0
DA:132,0
DA:133,0
DA:142,0
DA:149,0
DA:156,0
DA:157,0
DA:165,0
DA:177,0
DA:180,0
DA:185,0
DA:186,0
DA:190,0
DA:191,0
DA:194,0
DA:195,0
DA:198,0
DA:214,0
DA:216,0
DA:221,0
DA:222,0
DA:230,0
DA:231,0
DA:232,0
DA:234,0
DA:235,0
DA:236,0
DA:239,0
DA:241,0
DA:244,0
DA:245,0
DA:249,0
DA:252,0
DA:254,0
DA:255,0
DA:263,0
DA:264,0
DA:269,0
DA:271,0
DA:273,0
DA:274,0
DA:282,0
DA:283,0
DA:285,0
DA:290,0
DA:295,0
DA:305,0
DA:306,0
DA:311,0
LF:88
LH:0
BRDA:12,0,0,0
BRDA:19,1,0,0
BRDA:19,1,1,0
BRDA:25,2,0,0
BRDA:25,2,1,0
BRDA:25,3,0,0
BRDA:25,3,1,0
BRDA:29,4,0,0
BRDA:29,4,1,0
BRDA:29,5,0,0
BRDA:29,5,1,0
BRDA:34,6,0,0
BRDA:34,6,1,0
BRDA:40,7,0,0
BRDA:40,7,1,0
BRDA:46,8,0,0
BRDA:46,8,1,0
BRDA:46,9,0,0
BRDA:46,9,1,0
BRDA:53,10,0,0
BRDA:53,10,1,0
BRDA:64,11,0,0
BRDA:64,11,1,0
BRDA:84,12,0,0
BRDA:84,12,1,0
BRDA:90,13,0,0
BRDA:90,13,1,0
BRDA:97,14,0,0
BRDA:97,14,1,0
BRDA:106,15,0,0
BRDA:106,15,1,0
BRDA:108,16,0,0
BRDA:108,16,1,0
BRDA:185,17,0,0
BRDA:185,17,1,0
BRDA:190,18,0,0
BRDA:190,18,1,0
BRDA:190,19,0,0
BRDA:190,19,1,0
BRDA:194,20,0,0
BRDA:194,20,1,0
BRDA:194,21,0,0
BRDA:194,21,1,0
BRDA:194,21,2,0
BRDA:203,22,0,0
BRDA:203,22,1,0
BRDA:204,23,0,0
BRDA:204,23,1,0
BRDA:205,24,0,0
BRDA:205,24,1,0
BRDA:206,25,0,0
BRDA:206,25,1,0
BRDA:207,26,0,0
BRDA:207,26,1,0
BRDA:208,27,0,0
BRDA:208,27,1,0
BRDA:209,28,0,0
BRDA:209,28,1,0
BRDA:210,29,0,0
BRDA:210,29,1,0
BRDA:229,30,0,0
BRDA:234,31,0,0
BRDA:234,31,1,0
BRDA:236,32,0,0
BRDA:236,32,1,0
BRDA:300,33,0,0
BRDA:300,33,1,0
BRDA:301,34,0,0
BRDA:301,34,1,0
BRF:69
BRH:0
end_of_record
TN:
SF:src/services/EmailService.js
FN:9,(anonymous_0)
FN:23,(anonymous_1)
FN:104,(anonymous_2)
FN:160,(anonymous_3)
FN:212,(anonymous_4)
FN:263,(anonymous_5)
FN:330,(anonymous_6)
FNF:7
FNH:2
FNDA:3,(anonymous_0)
FNDA:17,(anonymous_1)
FNDA:0,(anonymous_2)
FNDA:0,(anonymous_3)
FNDA:0,(anonymous_4)
FNDA:0,(anonymous_5)
FNDA:0,(anonymous_6)
DA:6,3
DA:11,3
DA:24,17
DA:25,17
DA:92,16
DA:93,8
DA:94,8
DA:96,9
DA:97,9
DA:105,0
DA:106,0
DA:148,0
DA:149,0
DA:150,0
DA:152,0
DA:153,0
DA:161,0
DA:162,0
DA:200,0
DA:201,0
DA:202,0
DA:204,0
DA:205,0
DA:213,0
DA:214,0
DA:251,0
DA:252,0
DA:253,0
DA:255,0
DA:256,0
DA:264,0
DA:265,0
DA:318,0
DA:319,0
DA:320,0
DA:322,0
DA:323,0
DA:331,0
DA:332,0
DA:367,0
DA:368,0
DA:369,0
DA:371,0
DA:372,0
DA:377,3
LF:45
LH:10
BRDA:14,0,0,3
BRDA:14,0,1,3
BRDA:15,1,0,3
BRDA:15,1,1,3
BRDA:26,2,0,17
BRDA:26,2,1,6
BRDA:79,3,0,16
BRDA:79,3,1,16
BRDA:107,4,0,0
BRDA:107,4,1,0
BRDA:163,5,0,0
BRDA:163,5,1,0
BRDA:186,6,0,0
BRDA:186,6,1,0
BRDA:215,7,0,0
BRDA:215,7,1,0
BRDA:241,8,0,0
BRDA:241,8,1,0
BRDA:263,9,0,0
BRDA:266,10,0,0
BRDA:266,10,1,0
BRDA:304,11,0,0
BRDA:304,11,1,0
BRDA:333,12,0,0
BRDA:333,12,1,0
BRF:25
BRH:8
end_of_record
TN:
SF:src/services/MonitoringService.js
FN:18,(anonymous_0)
FN:27,(anonymous_1)
FN:67,(anonymous_2)
FN:73,(anonymous_3)
FN:92,(anonymous_4)
FN:111,(anonymous_5)
FN:130,(anonymous_6)
FN:156,(anonymous_7)
FN:174,(anonymous_8)
FN:187,(anonymous_9)
FN:200,(anonymous_10)
FN:213,(anonymous_11)
FN:226,(anonymous_12)
FN:237,(anonymous_13)
FNF:14
FNH:2
FNDA:1,(anonymous_0)
FNDA:0,(anonymous_1)
FNDA:0,(anonymous_2)
FNDA:0,(anonymous_3)
FNDA:0,(anonymous_4)
FNDA:121,(anonymous_5)
FNDA:0,(anonymous_6)
FNDA:0,(anonymous_7)
FNDA:0,(anonymous_8)
FNDA:0,(anonymous_9)
FNDA:0,(anonymous_10)
FNDA:0,(anonymous_11)
FNDA:0,(anonymous_12)
FNDA:0,(anonymous_13)
DA:13,1
DA:14,1
DA:15,1
DA:19,1
DA:20,1
DA:21,1
DA:28,0
DA:30,0
DA:31,0
DA:45,0
DA:46,0
DA:48,0
DA:52,0
DA:53,0
DA:56,0
DA:57,0
DA:59,0
DA:60,0
DA:68,0
DA:69,0
DA:73,0
DA:74,0
DA:76,0
DA:77,0
DA:79,0
DA:93,0
DA:94,0
DA:96,0
DA:102,0
DA:104,0
DA:112,121
DA:113,121
DA:114,121
DA:117,121
DA:121,121
DA:123,0
DA:131,0
DA:133,0
DA:134,0
DA:139,0
DA:140,0
DA:141,0
DA:142,0
DA:144,0
DA:145,0
DA:146,0
DA:149,0
DA:157,0
DA:158,0
DA:160,0
DA:167,0
DA:175,0
DA:181,0
DA:188,0
DA:194,0
DA:201,0
DA:207,0
DA:214,0
DA:220,0
DA:227,0
DA:238,0
DA:239,0
DA:240,0
DA:241,0
DA:244,0
DA:246,0
DA:251,1
DA:253,1
LF:68
LH:13
BRDA:30,0,0,0
BRDA:30,0,1,0
BRDA:33,1,0,0
BRDA:33,1,1,0
BRDA:34,2,0,0
BRDA:34,2,1,0
BRDA:52,3,0,0
BRDA:52,3,1,0
BRDA:68,4,0,0
BRDA:68,4,1,0
BRDA:76,5,0,0
BRDA:76,5,1,0
BRDA:77,6,0,0
BRDA:77,6,1,0
BRDA:82,7,0,0
BRDA:82,7,1,0
BRDA:83,8,0,0
BRDA:83,8,1,0
BRDA:92,9,0,0
BRDA:94,10,0,0
BRDA:94,10,1,0
BRDA:111,11,0,119
BRDA:113,12,0,121
BRDA:113,12,1,0
BRDA:130,13,0,0
BRDA:133,14,0,0
BRDA:133,14,1,0
BRDA:156,15,0,0
BRDA:156,16,0,0
BRDA:158,17,0,0
BRDA:158,17,1,0
BRDA:174,18,0,0
BRDA:187,19,0,0
BRDA:200,20,0,0
BRDA:213,21,0,0
BRDA:228,22,0,0
BRDA:228,22,1,0
BRDA:229,23,0,0
BRDA:229,23,1,0
BRDA:239,24,0,0
BRDA:239,24,1,0
BRF:41
BRH:2
end_of_record
TN:
SF:src/services/PixService.js
FN:17,(anonymous_0)
FN:68,(anonymous_1)
FN:101,(anonymous_2)
FN:139,(anonymous_3)
FN:186,(anonymous_4)
FN:199,(anonymous_5)
FN:219,(anonymous_6)
FNF:7
FNH:7
FNDA:2,(anonymous_0)
FNDA:3,(anonymous_1)
FNDA:2,(anonymous_2)
FNDA:5,(anonymous_3)
FNDA:6,(anonymous_4)
FNDA:8,(anonymous_5)
FNDA:7,(anonymous_6)
DA:6,2
DA:7,2
DA:8,2
DA:18,2
DA:22,2
DA:23,2
DA:24,2
DA:27,2
DA:37,2
DA:38,2
DA:44,1
DA:46,1
DA:55,1
DA:56,1
DA:69,3
DA:70,3
DA:75,3
DA:76,1
DA:79,2
DA:80,1
DA:86,1
DA:93,0
DA:94,0
DA:102,2
DA:103,2
DA:108,2
DA:109,1
DA:113,1
DA:119,1
DA:120,1
DA:126,1
DA:128,1
DA:130,0
DA:131,0
DA:140,5
DA:143,5
DA:146,5
DA:147,5
DA:150,5
DA:153,5
DA:156,5
DA:157,4
DA:158,4
DA:162,5
DA:165,5
DA:166,5
DA:169,5
DA:170,5
DA:173,5
DA:174,5
DA:177,5
DA:178,5
DA:180,5
DA:188,6
DA:191,6
DA:193,6
DA:200,8
DA:203,8
DA:204,7
DA:208,8
DA:209,7
DA:212,8
DA:220,7
DA:221,7
DA:223,7
DA:224,920
DA:225,920
DA:227,920
DA:228,7360
DA:229,3703
DA:231,3657
DA:233,7360
DA:237,7
DA:241,2
LF:74
LH:70
BRDA:17,0,0,1
BRDA:22,1,0,2
BRDA:22,1,1,2
BRDA:75,2,0,1
BRDA:75,2,1,2
BRDA:79,3,0,1
BRDA:79,3,1,1
BRDA:108,4,0,1
BRDA:108,4,1,1
BRDA:119,5,0,1
BRDA:119,5,1,0
BRDA:156,6,0,4
BRDA:156,6,1,1
BRDA:203,7,0,7
BRDA:203,7,1,1
BRDA:208,8,0,7
BRDA:208,8,1,1
BRDA:228,9,0,3703
BRDA:228,9,1,3657
BRF:19
BRH:18
end_of_record
TN:
SF:src/services/PricingService.js
FN:10,(anonymous_0)
FN:14,(anonymous_1)
FN:46,(anonymous_2)
FN:53,(anonymous_3)
FN:66,(anonymous_4)
FN:79,(anonymous_5)
FN:91,(anonymous_6)
FN:115,(anonymous_7)
FN:122,(anonymous_8)
FNF:9
FNH:8
FNDA:34,(anonymous_0)
FNDA:35,(anonymous_1)
FNDA:34,(anonymous_2)
FNDA:39,(anonymous_3)
FNDA:37,(anonymous_4)
FNDA:36,(anonymous_5)
FNDA:35,(anonymous_6)
FNDA:37,(anonymous_7)
FNDA:0,(anonymous_8)
DA:11,34
DA:14,34
DA:15,35
DA:19,34
DA:20,33
DA:24,34
DA:27,34
DA:30,34
DA:33,34
DA:34,34
DA:37,34
DA:38,34
DA:40,34
DA:47,34
DA:54,39
DA:60,39
DA:67,37
DA:73,37
DA:80,36
DA:85,36
DA:92,35
DA:95,35
DA:96,0
DA:100,35
DA:101,1
DA:105,35
DA:106,1
DA:109,35
DA:116,37
DA:123,0
DA:133,1
LF:31
LH:29
BRDA:19,0,0,33
BRDA:19,0,1,1
BRDA:60,1,0,39
BRDA:60,1,1,1
BRDA:73,2,0,37
BRDA:73,2,1,0
BRDA:85,3,0,36
BRDA:85,3,1,36
BRDA:95,4,0,0
BRDA:95,4,1,35
BRDA:100,5,0,1
BRDA:100,5,1,34
BRDA:105,6,0,1
BRDA:105,6,1,34
BRF:14
BRH:12
end_of_record
TN:
SF:src/services/RedisService.js
FN:18,(anonymous_0)
FN:27,(anonymous_1)
FN:36,(anonymous_2)
FN:48,(anonymous_3)
FN:53,(anonymous_4)
FN:58,(anonymous_5)
FN:77,(anonymous_6)
FN:92,(anonymous_7)
FN:110,(anonymous_8)
FN:132,(anonymous_9)
FN:148,(anonymous_10)
FN:167,(anonymous_11)
FN:183,(anonymous_12)
FN:205,(anonymous_13)
FN:219,(anonymous_14)
FN:237,(anonymous_15)
FN:250,(anonymous_16)
FN:263,(anonymous_17)
FN:276,(anonymous_18)
FN:295,(anonymous_19)
FNF:20
FNH:0
FNDA:0,(anonymous_0)
FNDA:0,(anonymous_1)
FNDA:0,(anonymous_2)
FNDA:0,(anonymous_3)
FNDA:0,(anonymous_4)
FNDA:0,(anonymous_5)
FNDA:0,(anonymous_6)
FNDA:0,(anonymous_7)
FNDA:0,(anonymous_8)
FNDA:0,(anonymous_9)
FNDA:0,(anonymous_10)
FNDA:0,(anonymous_11)
FNDA:0,(anonymous_12)
FNDA:0,(anonymous_13)
FNDA:0,(anonymous_14)
FNDA:0,(anonymous_15)
FNDA:0,(anonymous_16)
FNDA:0,(anonymous_17)
FNDA:0,(anonymous_18)
FNDA:0,(anonymous_19)
DA:14,0
DA:15,0
DA:19,0
DA:20,0
DA:21,0
DA:28,0
DA:29,0
DA:31,0
DA:33,0
DA:37,0
DA:38,0
DA:39,0
DA:41,0
DA:48,0
DA:49,0
DA:50,0
DA:53,0
DA:54,0
DA:55,0
DA:58,0
DA:59,0
DA:62,0
DA:65,0
DA:66,0
DA:69,0
DA:70,0
DA:78,0
DA:79,0
DA:80,0
DA:81,0
DA:82,0
DA:85,0
DA:93,0
DA:94,0
DA:96,0
DA:97,0
DA:99,0
DA:100,0
DA:102,0
DA:103,0
DA:111,0
DA:112,0
DA:114,0
DA:116,0
DA:117,0
DA:118,0
DA:121,0
DA:122,0
DA:124,0
DA:125,0
DA:133,0
DA:134,0
DA:136,0
DA:137,0
DA:138,0
DA:140,0
DA:141,0
DA:149,0
DA:150,0
DA:152,0
DA:153,0
DA:154,0
DA:155,0
DA:157,0
DA:159,0
DA:160,0
DA:168,0
DA:169,0
DA:171,0
DA:172,0
DA:173,0
DA:175,0
DA:176,0
DA:184,0
DA:185,0
DA:187,0
DA:188,0
DA:190,0
DA:191,0
DA:194,0
DA:195,0
DA:197,0
DA:198,0
DA:206,0
DA:207,0
DA:209,0
DA:211,0
DA:212,0
DA:220,0
DA:221,0
DA:223,0
DA:224,0
DA:229,0
DA:230,0
DA:238,0
DA:239,0
DA:240,0
DA:242,0
DA:243,0
DA:251,0
DA:252,0
DA:253,0
DA:255,0
DA:256,0
DA:264,0
DA:265,0
DA:266,0
DA:268,0
DA:269,0
DA:277,0
DA:278,0
DA:279,0
DA:281,0
DA:282,0
DA:285,0
DA:287,0
DA:288,0
DA:296,0
DA:297,0
DA:299,0
DA:300,0
DA:302,0
DA:308,0
DA:310,0
LF:124
LH:0
BRDA:29,0,0,0
BRDA:29,0,1,0
BRDA:31,1,0,0
BRDA:31,1,1,0
BRDA:37,2,0,0
BRDA:37,2,1,0
BRDA:79,3,0,0
BRDA:79,3,1,0
BRDA:92,4,0,0
BRDA:94,5,0,0
BRDA:94,5,1,0
BRDA:112,6,0,0
BRDA:112,6,1,0
BRDA:116,7,0,0
BRDA:116,7,1,0
BRDA:134,8,0,0
BRDA:134,8,1,0
BRDA:150,9,0,0
BRDA:150,9,1,0
BRDA:153,10,0,0
BRDA:153,10,1,0
BRDA:169,11,0,0
BRDA:169,11,1,0
BRDA:183,12,0,0
BRDA:183,13,0,0
BRDA:185,14,0,0
BRDA:185,14,1,0
BRDA:190,15,0,0
BRDA:190,15,1,0
BRDA:205,16,0,0
BRDA:207,17,0,0
BRDA:207,17,1,0
BRDA:221,18,0,0
BRDA:221,18,1,0
BRDA:237,19,0,0
BRDA:276,20,0,0
BRDA:276,21,0,0
BRDA:281,22,0,0
BRDA:281,22,1,0
BRDA:297,23,0,0
BRDA:297,23,1,0
BRF:41
BRH:0
end_of_record
TN:
SF:src/services/ReferralService.js
FN:13,(anonymous_0)
FN:63,(anonymous_1)
FN:110,(anonymous_2)
FN:160,(anonymous_3)
FN:198,(anonymous_4)
FN:244,(anonymous_5)
FNF:6
FNH:0
FNDA:0,(anonymous_0)
FNDA:0,(anonymous_1)
FNDA:0,(anonymous_2)
FNDA:0,(anonymous_3)
FNDA:0,(anonymous_4)
FNDA:0,(anonymous_5)
DA:5,0
DA:6,0
DA:7,0
DA:14,0
DA:16,0
DA:21,0
DA:22,0
DA:26,0
DA:29,0
DA:34,0
DA:36,0
DA:40,0
DA:47,0
DA:49,0
DA:55,0
DA:56,0
DA:64,0
DA:66,0
DA:71,0
DA:72,0
DA:76,0
DA:85,0
DA:90,0
DA:96,0
DA:102,0
DA:103,0
DA:111,0
DA:113,0
DA:119,0
DA:120,0
DA:124,0
DA:131,0
DA:140,0
DA:146,0
DA:152,0
DA:153,0
DA:161,0
DA:162,0
DA:167,0
DA:168,0
DA:172,0
DA:178,0
DA:190,0
DA:191,0
DA:199,0
DA:200,0
DA:202,0
DA:223,0
DA:225,0
DA:236,0
DA:237,0
DA:245,0
DA:246,0
DA:247,0
DA:251,0
DA:254,0
DA:259,0
DA:271,0
DA:272,0
DA:277,0
LF:60
LH:0
BRDA:21,0,0,0
BRDA:21,0,1,0
BRDA:34,1,0,0
BRDA:34,1,1,0
BRDA:52,2,0,0
BRDA:52,2,1,0
BRDA:71,3,0,0
BRDA:71,3,1,0
BRDA:119,4,0,0
BRDA:119,4,1,0
BRDA:167,5,0,0
BRDA:167,5,1,0
BRDA:186,6,0,0
BRDA:186,6,1,0
BRDA:198,7,0,0
BRDA:198,8,0,0
BRDA:265,9,0,0
BRDA:265,9,1,0
BRDA:267,10,0,0
BRDA:267,10,1,0
BRDA:267,11,0,0
BRDA:267,11,1,0
BRF:22
BRH:0
end_of_record
TN:
SF:src/services/RoutingService.js
FN:10,(anonymous_0)
FN:23,(anonymous_1)
FN:29,(anonymous_2)
FN:38,(anonymous_3)
FN:55,(anonymous_4)
FN:59,(anonymous_5)
FN:80,(anonymous_6)
FN:90,(anonymous_7)
FNF:8
FNH:0
FNDA:0,(anonymous_0)
FNDA:0,(anonymous_1)
FNDA:0,(anonymous_2)
FNDA:0,(anonymous_3)
FNDA:0,(anonymous_4)
FNDA:0,(anonymous_5)
FNDA:0,(anonymous_6)
FNDA:0,(anonymous_7)
DA:11,0
DA:13,0
DA:14,0
DA:16,0
DA:29,0
DA:31,0
DA:39,0
DA:46,0
DA:48,0
DA:56,0
DA:57,0
DA:59,0
DA:60,0
DA:61,0
DA:63,0
DA:74,0
DA:81,0
DA:82,0
DA:83,0
DA:84,0
DA:91,0
DA:97,0
DA:99,0
DA:104,1
LF:24
LH:1
BRDA:80,0,0,0
BRF:1
BRH:0
end_of_record
TN:
SF:src/services/SMSService.js
FN:9,(anonymous_0)
FN:20,(anonymous_1)
FN:39,(anonymous_2)
FN:58,(anonymous_3)
FN:77,(anonymous_4)
FN:96,(anonymous_5)
FNF:6
FNH:0
FNDA:0,(anonymous_0)
FNDA:0,(anonymous_1)
FNDA:0,(anonymous_2)
FNDA:0,(anonymous_3)
FNDA:0,(anonymous_4)
FNDA:0,(anonymous_5)
DA:6,0
DA:10,0
DA:11,0
DA:12,0
DA:14,0
DA:21,0
DA:22,0
DA:28,0
DA:29,0
DA:31,0
DA:32,0
DA:40,0
DA:41,0
DA:47,0
DA:48,0
DA:50,0
DA:51,0
DA:59,0
DA:60,0
DA:66,0
DA:67,0
DA:69,0
DA:70,0
DA:78,0
DA:79,0
DA:85,0
DA:86,0
DA:88,0
DA:89,0
DA:97,0
DA:98,0
DA:104,0
DA:105,0
DA:107,0
DA:108,0
DA:113,0
LF:36
LH:0
BRDA:12,0,0,0
BRDA:12,0,1,0
BRF:2
BRH:0
end_of_record
TN:
SF:src/services/SlotRecommendationService.js
FN:14,(anonymous_0)
FN:58,(anonymous_1)
FN:74,(anonymous_2)
FN:91,(anonymous_3)
FN:108,(anonymous_4)
FN:117,(anonymous_5)
FN:143,(anonymous_6)
FN:152,(anonymous_7)
FN:167,(anonymous_8)
FN:182,(anonymous_9)
FN:195,(anonymous_10)
FN:203,(anonymous_11)
FNF:12
FNH:0
FNDA:0,(anonymous_0)
FNDA:0,(anonymous_1)
FNDA:0,(anonymous_2)
FNDA:0,(anonymous_3)
FNDA:0,(anonymous_4)
FNDA:0,(anonymous_5)
FNDA:0,(anonymous_6)
FNDA:0,(anonymous_7)
FNDA:0,(anonymous_8)
FNDA:0,(anonymous_9)
FNDA:0,(anonymous_10)
FNDA:0,(anonymous_11)
DA:6,0
DA:7,0
DA:15,0
DA:17,0
DA:18,0
DA:19,0
DA:20,0
DA:24,0
DA:48,0
DA:49,0
DA:50,0
DA:58,0
DA:74,0
DA:76,0
DA:82,0
DA:83,0
DA:93,0
DA:96,0
DA:97,0
DA:100,0
DA:102,0
DA:109,0
DA:110,0
DA:118,0
DA:119,0
DA:121,0
DA:122,0
DA:126,0
DA:134,0
DA:136,0
DA:137,0
DA:140,0
DA:143,0
DA:150,0
DA:152,0
DA:159,0
DA:160,0
DA:168,0
DA:169,0
DA:177,0
DA:178,0
DA:182,0
DA:183,0
DA:185,0
DA:187,0
DA:188,0
DA:196,0
DA:198,0
DA:199,0
DA:200,0
DA:203,0
DA:204,0
DA:209,0
LF:53
LH:0
BRDA:14,0,0,0
BRDA:14,1,0,0
BRDA:17,2,0,0
BRDA:17,2,1,0
BRDA:48,3,0,0
BRDA:48,3,1,0
BRDA:63,4,0,0
BRDA:63,4,1,0
BRDA:64,5,0,0
BRDA:64,5,1,0
BRDA:79,6,0,0
BRDA:79,6,1,0
BRDA:93,7,0,0
BRDA:93,7,1,0
BRDA:97,8,0,0
BRDA:97,8,1,0
BRDA:97,9,0,0
BRDA:97,9,1,0
BRDA:97,10,0,0
BRDA:97,10,1,0
BRDA:110,11,0,0
BRDA:110,11,1,0
BRDA:121,12,0,0
BRDA:121,12,1,0
BRDA:134,13,0,0
BRDA:134,13,1,0
BRDA:136,14,0,0
BRDA:136,14,1,0
BRDA:177,15,0,0
BRDA:177,15,1,0
BRDA:196,16,0,0
BRDA:196,16,1,0
BRDA:200,17,0,0
BRDA:200,17,1,0
BRDA:204,18,0,0
BRDA:204,18,1,0
BRF:36
BRH:0
end_of_record
TN:
SF:src/services/StripeService.js
FN:10,processPayment
FN:49,refundPayment
FN:55,constructEvent
FNF:3
FNH:0
FNDA:0,processPayment
FNDA:0,refundPayment
FNDA:0,constructEvent
DA:1,2
DA:2,2
DA:4,2
DA:5,2
DA:8,2
DA:11,0
DA:12,0
DA:13,0
DA:22,0
DA:23,0
DA:24,0
DA:35,0
DA:44,0
DA:45,0
DA:50,0
DA:51,0
DA:52,0
DA:56,0
DA:57,0
DA:60,2
LF:20
LH:6
BRDA:4,0,0,2
BRDA:4,0,1,0
BRDA:8,1,0,0
BRDA:8,1,1,2
BRDA:10,2,0,0
BRDA:11,3,0,0
BRDA:11,3,1,0
BRDA:30,4,0,0
BRDA:30,4,1,0
BRDA:40,5,0,0
BRDA:40,5,1,0
BRDA:50,6,0,0
BRDA:50,6,1,0
BRDA:56,7,0,0
BRDA:56,7,1,0
BRF:15
BRH:2
end_of_record
TN:
SF:src/utils/crypto.js
FN:7,getKey
FN:16,encrypt
FN:25,decrypt
FNF:3
FNH:0
FNDA:0,getKey
FNDA:0,encrypt
FNDA:0,decrypt
DA:1,0
DA:2,0
DA:4,0
DA:5,0
DA:8,0
DA:9,0
DA:10,0
DA:11,0
DA:13,0
DA:17,0
DA:18,0
DA:19,0
DA:20,0
DA:21,0
DA:22,0
DA:26,0
DA:27,0
DA:28,0
DA:29,0
DA:30,0
DA:31,0
DA:32,0
DA:33,0
DA:34,0
DA:35,0
DA:36,0
DA:38,0
DA:39,0
DA:43,0
LF:29
LH:0
BRDA:8,0,0,0
BRDA:8,0,1,0
BRDA:9,1,0,0
BRDA:9,1,1,0
BRDA:29,2,0,0
BRDA:29,2,1,0
BRDA:29,3,0,0
BRDA:29,3,1,0
BRDA:29,3,2,0
BRF:9
BRH:0
end_of_record
TN:
SF:src/utils/emailTemplates.js
FN:9,(anonymous_0)
FN:16,(anonymous_1)
FN:26,(anonymous_2)
FN:41,(anonymous_3)
FN:55,(anonymous_4)
FN:71,(anonymous_5)
FNF:6
FNH:6
FNDA:4,(anonymous_0)
FNDA:5,(anonymous_1)
FNDA:3,(anonymous_2)
FNDA:3,(anonymous_3)
FNDA:3,(anonymous_4)
FNDA:5,(anonymous_5)
DA:6,1
DA:9,4
DA:16,5
DA:26,3
DA:41,3
DA:55,3
DA:71,5
DA:81,1
LF:8
LH:8
BRF:0
BRH:0
end_of_record
TN:
SF:src/utils/health.js
FN:15,(anonymous_0)
FN:21,checkDatabase
FN:22,(anonymous_2)
FN:33,(anonymous_3)
FN:39,(anonymous_4)
FN:44,(anonymous_5)
FN:46,(anonymous_6)
FNF:7
FNH:3
FNDA:6,(anonymous_0)
FNDA:4,checkDatabase
FNDA:4,(anonymous_2)
FNDA:0,(anonymous_3)
FNDA:0,(anonymous_4)
FNDA:0,(anonymous_5)
FNDA:0,(anonymous_6)
DA:1,2
DA:2,2
DA:3,2
DA:4,2
DA:7,2
DA:15,6
DA:16,2
DA:18,1
DA:22,4
DA:23,4
DA:24,4
DA:25,4
DA:26,4
DA:27,4
DA:29,0
DA:30,0
DA:31,0
DA:33,0
DA:34,0
DA:35,0
DA:36,0
DA:39,0
DA:40,0
DA:41,0
DA:44,0
DA:45,0
DA:46,0
DA:47,0
DA:48,0
DA:49,0
DA:55,0
DA:56,0
DA:57,0
DA:62,2
LF:34
LH:15
BRDA:16,0,0,1
BRDA:16,0,1,1
BRDA:25,1,0,4
BRDA:25,1,1,0
BRDA:34,2,0,0
BRDA:34,2,1,0
BRDA:40,3,0,0
BRDA:40,3,1,0
BRDA:45,4,0,0
BRDA:45,4,1,0
BRDA:45,5,0,0
BRDA:45,5,1,0
BRDA:47,6,0,0
BRDA:47,6,1,0
BRDA:47,7,0,0
BRDA:47,7,1,0
BRF:16
BRH:3
end_of_record
TN:
SF:src/utils/logger.js
FN:4,(anonymous_0)
FN:23,(anonymous_1)
FNF:2
FNH:1
FNDA:4,(anonymous_0)
FNDA:0,(anonymous_1)
DA:1,4
DA:2,4
DA:4,4
DA:5,4
DA:8,4
DA:23,4
DA:24,0
DA:25,0
DA:27,0
DA:28,0
DA:29,0
DA:32,0
DA:33,0
DA:34,0
DA:37,0
DA:38,0
DA:41,0
DA:44,4
LF:18
LH:7
BRDA:5,0,0,4
BRDA:5,0,1,3
BRDA:9,1,0,4
BRDA:9,1,1,4
BRDA:24,2,0,0
BRDA:24,2,1,0
BRDA:27,3,0,0
BRDA:27,3,1,0
BRDA:27,4,0,0
BRDA:27,4,1,0
BRDA:32,5,0,0
BRDA:32,5,1,0
BRDA:37,6,0,0
BRDA:37,6,1,0
BRDA:37,7,0,0
BRDA:37,7,1,0
BRDA:41,8,0,0
BRDA:41,8,1,0
BRF:18
BRH:4
end_of_record
TN:
SF:src/utils/notifications.js
FN:13,(anonymous_0)
FN:20,(anonymous_1)
FN:27,(anonymous_2)
FN:36,(anonymous_3)
FN:43,(anonymous_4)
FNF:5
FNH:5
FNDA:11,(anonymous_0)
FNDA:8,(anonymous_1)
FNDA:9,(anonymous_2)
FNDA:10,(anonymous_3)
FNDA:8,(anonymous_4)
DA:6,2
DA:7,2
DA:14,11
DA:21,8
DA:28,9
DA:30,9
DA:37,10
DA:44,8
DA:48,2
LF:9
LH:9
BRF:0
BRH:0
end_of_record
TN:
SF:src/utils/priceCalculator.js
FN:12,calculateBookingPrice
FN:83,calculateLoyaltyBonus
FN:109,generatePriceSummary
FNF:3
FNH:3
FNDA:31,calculateBookingPrice
FNDA:10,calculateLoyaltyBonus
FNDA:11,generatePriceSummary
DA:13,31
DA:16,31
DA:17,31
DA:18,31
DA:21,31
DA:22,4
DA:24,27
DA:27,31
DA:30,31
DA:31,5
DA:32,5
DA:34,26
DA:38,31
DA:39,5
DA:40,5
DA:41,5
DA:43,26
DA:47,31
DA:48,4
DA:49,4
DA:50,4
DA:52,27
DA:56,31
DA:57,3
DA:60,31
DA:62,31
DA:84,10
DA:91,10
DA:92,3
DA:93,3
DA:94,3
DA:95,7
DA:96,2
DA:97,2
DA:99,5
DA:100,5
DA:103,10
DA:110,11
DA:112,11
DA:118,11
DA:119,11
DA:125,11
DA:126,2
DA:132,11
DA:133,2
DA:139,11
DA:140,2
DA:146,11
DA:152,11
DA:155,7
LF:50
LH:50
BRDA:16,0,0,31
BRDA:16,0,1,1
BRDA:17,1,0,31
BRDA:17,1,1,1
BRDA:18,2,0,31
BRDA:18,2,1,0
BRDA:21,3,0,4
BRDA:21,3,1,27
BRDA:30,4,0,5
BRDA:30,4,1,26
BRDA:38,5,0,5
BRDA:38,5,1,26
BRDA:39,6,0,5
BRDA:39,6,1,0
BRDA:47,7,0,4
BRDA:47,7,1,27
BRDA:48,8,0,4
BRDA:48,8,1,0
BRDA:56,9,0,3
BRDA:56,9,1,28
BRDA:56,10,0,31
BRDA:56,10,1,3
BRDA:85,11,0,10
BRDA:85,11,1,2
BRDA:91,12,0,3
BRDA:91,12,1,7
BRDA:91,13,0,10
BRDA:91,13,1,5
BRDA:95,14,0,2
BRDA:95,14,1,5
BRDA:118,15,0,11
BRDA:118,15,1,0
BRDA:125,16,0,2
BRDA:125,16,1,9
BRDA:132,17,0,2
BRDA:132,17,1,9
BRDA:139,18,0,2
BRDA:139,18,1,9
BRF:38
BRH:34
end_of_record
TN:
SF:src/utils/scheduler.js
FN:15,(anonymous_0)
FN:19,(anonymous_1)
FN:25,(anonymous_2)
FN:31,(anonymous_3)
FN:37,(anonymous_4)
FN:43,(anonymous_5)
FN:54,(anonymous_6)
FN:70,(anonymous_7)
FN:87,(anonymous_8)
FN:100,(anonymous_9)
FN:113,(anonymous_10)
FN:124,(anonymous_11)
FNF:12
FNH:0
FNDA:0,(anonymous_0)
FNDA:0,(anonymous_1)
FNDA:0,(anonymous_2)
FNDA:0,(anonymous_3)
FNDA:0,(anonymous_4)
FNDA:0,(anonymous_5)
FNDA:0,(anonymous_6)
FNDA:0,(anonymous_7)
FNDA:0,(anonymous_8)
FNDA:0,(anonymous_9)
FNDA:0,(anonymous_10)
FNDA:0,(anonymous_11)
DA:6,1
DA:7,1
DA:8,1
DA:9,1
DA:16,0
DA:19,0
DA:20,0
DA:21,0
DA:25,0
DA:26,0
DA:27,0
DA:31,0
DA:32,0
DA:33,0
DA:37,0
DA:38,0
DA:39,0
DA:43,0
DA:44,0
DA:45,0
DA:48,0
DA:55,0
DA:61,0
DA:63,0
DA:71,0
DA:78,0
DA:80,0
DA:88,0
DA:91,0
DA:93,0
DA:101,0
DA:104,0
DA:106,0
DA:114,0
DA:115,0
DA:116,0
DA:118,0
DA:125,0
DA:129,1
LF:39
LH:5
BRDA:118,0,0,0
BRDA:118,0,1,0
BRF:2
BRH:0
end_of_record
TN:
SF:src/utils/validation.js
FN:6,(anonymous_0)
FN:11,(anonymous_1)
FN:17,(anonymous_2)
FN:23,(anonymous_3)
FN:29,(anonymous_4)
FN:35,(anonymous_5)
FN:66,(anonymous_6)
FN:84,(anonymous_7)
FN:102,(anonymous_8)
FNF:9
FNH:0
FNDA:0,(anonymous_0)
FNDA:0,(anonymous_1)
FNDA:0,(anonymous_2)
FNDA:0,(anonymous_3)
FNDA:0,(anonymous_4)
FNDA:0,(anonymous_5)
FNDA:0,(anonymous_6)
FNDA:0,(anonymous_7)
FNDA:0,(anonymous_8)
DA:6,0
DA:7,0
DA:8,0
DA:11,0
DA:13,0
DA:14,0
DA:17,0
DA:19,0
DA:20,0
DA:23,0
DA:25,0
DA:26,0
DA:29,0
DA:31,0
DA:32,0
DA:35,0
DA:36,0
DA:38,0
DA:39,0
DA:42,0
DA:43,0
DA:45,0
DA:46,0
DA:47,0
DA:51,0
DA:52,0
DA:55,0
DA:56,0
DA:59,0
DA:60,0
DA:63,0
DA:66,0
DA:67,0
DA:69,0
DA:70,0
DA:73,0
DA:74,0
DA:77,0
DA:78,0
DA:81,0
DA:84,0
DA:85,0
DA:87,0
DA:88,0
DA:91,0
DA:92,0
DA:95,0
DA:96,0
DA:99,0
DA:102,0
DA:103,0
DA:105,0
DA:106,0
DA:109,0
DA:110,0
DA:113,0
DA:114,0
DA:117,0
DA:118,0
DA:121,0
DA:124,0
LF:61
LH:0
BRDA:38,0,0,0
BRDA:38,0,1,0
BRDA:38,1,0,0
BRDA:38,1,1,0
BRDA:42,2,0,0
BRDA:42,2,1,0
BRDA:46,3,0,0
BRDA:46,3,1,0
BRDA:51,4,0,0
BRDA:51,4,1,0
BRDA:51,5,0,0
BRDA:51,5,1,0
BRDA:55,6,0,0
BRDA:55,6,1,0
BRDA:55,7,0,0
BRDA:55,7,1,0
BRDA:59,8,0,0
BRDA:59,8,1,0
BRDA:59,9,0,0
BRDA:59,9,1,0
BRDA:69,10,0,0
BRDA:69,10,1,0
BRDA:69,11,0,0
BRDA:69,11,1,0
BRDA:73,12,0,0
BRDA:73,12,1,0
BRDA:73,13,0,0
BRDA:73,13,1,0
BRDA:77,14,0,0
BRDA:77,14,1,0
BRDA:87,15,0,0
BRDA:87,15,1,0
BRDA:87,16,0,0
BRDA:87,16,1,0
BRDA:91,17,0,0
BRDA:91,17,1,0
BRDA:91,18,0,0
BRDA:91,18,1,0
BRDA:91,18,2,0
BRDA:95,19,0,0
BRDA:95,19,1,0
BRDA:95,20,0,0
BRDA:95,20,1,0
BRDA:105,21,0,0
BRDA:105,21,1,0
BRDA:105,22,0,0
BRDA:105,22,1,0
BRDA:109,23,0,0
BRDA:109,23,1,0
BRDA:109,24,0,0
BRDA:109,24,1,0
BRDA:113,25,0,0
BRDA:113,25,1,0
BRDA:113,26,0,0
BRDA:113,26,1,0
BRDA:117,27,0,0
BRDA:117,27,1,0
BRDA:117,28,0,0
BRDA:117,28,1,0
BRDA:117,28,2,0
BRF:60
BRH:0
end_of_record
